23-Sep-2025 23:04:31.810 INFO [main] org.apache.catalina.startup.VersionLoggerListener.log Server version name:   Apache Tomcat/9.0.82
23-Sep-2025 23:04:31.811 INFO [main] org.apache.catalina.startup.VersionLoggerListener.log Server built:          Oct 11 2023 13:15:08 UTC
23-Sep-2025 23:04:31.811 INFO [main] org.apache.catalina.startup.VersionLoggerListener.log Server version number: 9.0.82.0
23-Sep-2025 23:04:31.811 INFO [main] org.apache.catalina.startup.VersionLoggerListener.log OS Name:               Mac OS X
23-Sep-2025 23:04:31.811 INFO [main] org.apache.catalina.startup.VersionLoggerListener.log OS Version:            15.6.1
23-Sep-2025 23:04:31.811 INFO [main] org.apache.catalina.startup.VersionLoggerListener.log Architecture:          aarch64
23-Sep-2025 23:04:31.811 INFO [main] org.apache.catalina.startup.VersionLoggerListener.log Java Home:             /Library/Internet Plug-Ins/JavaAppletPlugin.plugin/Contents/Home
23-Sep-2025 23:04:31.811 INFO [main] org.apache.catalina.startup.VersionLoggerListener.log JVM Version:           1.8.0_461-b11
23-Sep-2025 23:04:31.811 INFO [main] org.apache.catalina.startup.VersionLoggerListener.log JVM Vendor:            Oracle Corporation
23-Sep-2025 23:04:31.811 INFO [main] org.apache.catalina.startup.VersionLoggerListener.log CATALINA_BASE:         /Users/majjipradeepkumar/Downloads/WAF/Sample-apps-for-training-a-transformer-based-WAF-pipleline/waf-system/tomcat/apache-tomcat-9.0.82
23-Sep-2025 23:04:31.811 INFO [main] org.apache.catalina.startup.VersionLoggerListener.log CATALINA_HOME:         /Users/majjipradeepkumar/Downloads/WAF/Sample-apps-for-training-a-transformer-based-WAF-pipleline/waf-system/tomcat/apache-tomcat-9.0.82
23-Sep-2025 23:04:31.814 INFO [main] org.apache.catalina.startup.VersionLoggerListener.log Command line argument: -Djava.util.logging.config.file=/Users/majjipradeepkumar/Downloads/WAF/Sample-apps-for-training-a-transformer-based-WAF-pipleline/waf-system/tomcat/current/conf/logging.properties
23-Sep-2025 23:04:31.814 INFO [main] org.apache.catalina.startup.VersionLoggerListener.log Command line argument: -Djava.util.logging.manager=org.apache.juli.ClassLoaderLogManager
23-Sep-2025 23:04:31.814 INFO [main] org.apache.catalina.startup.VersionLoggerListener.log Command line argument: -Djdk.tls.ephemeralDHKeySize=2048
23-Sep-2025 23:04:31.814 INFO [main] org.apache.catalina.startup.VersionLoggerListener.log Command line argument: -Djava.protocol.handler.pkgs=org.apache.catalina.webresources
23-Sep-2025 23:04:31.814 INFO [main] org.apache.catalina.startup.VersionLoggerListener.log Command line argument: -Dorg.apache.catalina.security.SecurityListener.UMASK=0027
23-Sep-2025 23:04:31.814 INFO [main] org.apache.catalina.startup.VersionLoggerListener.log Command line argument: -Dignore.endorsed.dirs=
23-Sep-2025 23:04:31.814 INFO [main] org.apache.catalina.startup.VersionLoggerListener.log Command line argument: -Dcatalina.base=/Users/majjipradeepkumar/Downloads/WAF/Sample-apps-for-training-a-transformer-based-WAF-pipleline/waf-system/tomcat/current
23-Sep-2025 23:04:31.814 INFO [main] org.apache.catalina.startup.VersionLoggerListener.log Command line argument: -Dcatalina.home=/Users/majjipradeepkumar/Downloads/WAF/Sample-apps-for-training-a-transformer-based-WAF-pipleline/waf-system/tomcat/current
23-Sep-2025 23:04:31.814 INFO [main] org.apache.catalina.startup.VersionLoggerListener.log Command line argument: -Djava.io.tmpdir=/Users/majjipradeepkumar/Downloads/WAF/Sample-apps-for-training-a-transformer-based-WAF-pipleline/waf-system/tomcat/current/temp
23-Sep-2025 23:04:31.819 INFO [main] org.apache.catalina.core.AprLifecycleListener.lifecycleEvent The Apache Tomcat Native library which allows using OpenSSL was not found on the java.library.path: [/Users/majjipradeepkumar/Library/Java/Extensions:/Library/Java/Extensions:/Network/Library/Java/Extensions:/System/Library/Java/Extensions:/usr/lib/java:.]
23-Sep-2025 23:04:31.967 INFO [main] org.apache.coyote.AbstractProtocol.init Initializing ProtocolHandler ["http-nio-8080"]
23-Sep-2025 23:04:31.978 INFO [main] org.apache.catalina.startup.Catalina.load Server initialization in [226] milliseconds
23-Sep-2025 23:04:31.992 INFO [main] org.apache.catalina.core.StandardService.startInternal Starting service [Catalina]
23-Sep-2025 23:04:31.992 INFO [main] org.apache.catalina.core.StandardEngine.startInternal Starting Servlet engine: [Apache Tomcat/9.0.82]
23-Sep-2025 23:04:31.999 INFO [main] org.apache.catalina.startup.HostConfig.deployWAR Deploying web application archive [/Users/majjipradeepkumar/Downloads/WAF/Sample-apps-for-training-a-transformer-based-WAF-pipleline/waf-system/tomcat/apache-tomcat-9.0.82/webapps/blog-cms.war]
23-Sep-2025 23:04:32.142 INFO [main] org.apache.jasper.servlet.TldScanner.scanJars At least one JAR was scanned for TLDs yet contained no TLDs. Enable debug logging for this logger for a complete list of JARs that were scanned but no TLDs were found in them. Skipping unneeded JARs during scanning can improve startup time and JSP compilation time.
23-Sep-2025 23:04:32.155 INFO [main] org.apache.catalina.startup.HostConfig.deployWAR Deployment of web application archive [/Users/majjipradeepkumar/Downloads/WAF/Sample-apps-for-training-a-transformer-based-WAF-pipleline/waf-system/tomcat/apache-tomcat-9.0.82/webapps/blog-cms.war] has finished in [156] ms
23-Sep-2025 23:04:32.155 INFO [main] org.apache.catalina.startup.HostConfig.deployWAR Deploying web application archive [/Users/majjipradeepkumar/Downloads/WAF/Sample-apps-for-training-a-transformer-based-WAF-pipleline/waf-system/tomcat/apache-tomcat-9.0.82/webapps/rest-api.war]
23-Sep-2025 23:04:32.196 INFO [main] org.apache.jasper.servlet.TldScanner.scanJars At least one JAR was scanned for TLDs yet contained no TLDs. Enable debug logging for this logger for a complete list of JARs that were scanned but no TLDs were found in them. Skipping unneeded JARs during scanning can improve startup time and JSP compilation time.
23-Sep-2025 23:04:32.199 INFO [main] org.apache.catalina.startup.HostConfig.deployWAR Deployment of web application archive [/Users/majjipradeepkumar/Downloads/WAF/Sample-apps-for-training-a-transformer-based-WAF-pipleline/waf-system/tomcat/apache-tomcat-9.0.82/webapps/rest-api.war] has finished in [44] ms
23-Sep-2025 23:04:32.200 INFO [main] org.apache.catalina.startup.HostConfig.deployWAR Deploying web application archive [/Users/majjipradeepkumar/Downloads/WAF/Sample-apps-for-training-a-transformer-based-WAF-pipleline/waf-system/tomcat/apache-tomcat-9.0.82/webapps/ecommerce.war]
23-Sep-2025 23:04:32.249 INFO [main] org.apache.jasper.servlet.TldScanner.scanJars At least one JAR was scanned for TLDs yet contained no TLDs. Enable debug logging for this logger for a complete list of JARs that were scanned but no TLDs were found in them. Skipping unneeded JARs during scanning can improve startup time and JSP compilation time.
23-Sep-2025 23:04:32.251 INFO [main] org.apache.catalina.startup.HostConfig.deployWAR Deployment of web application archive [/Users/majjipradeepkumar/Downloads/WAF/Sample-apps-for-training-a-transformer-based-WAF-pipleline/waf-system/tomcat/apache-tomcat-9.0.82/webapps/ecommerce.war] has finished in [51] ms
23-Sep-2025 23:04:32.251 INFO [main] org.apache.catalina.startup.HostConfig.deployDirectory Deploying web application directory [/Users/majjipradeepkumar/Downloads/WAF/Sample-apps-for-training-a-transformer-based-WAF-pipleline/waf-system/tomcat/apache-tomcat-9.0.82/webapps/docs]
23-Sep-2025 23:04:32.258 INFO [main] org.apache.catalina.startup.HostConfig.deployDirectory Deployment of web application directory [/Users/majjipradeepkumar/Downloads/WAF/Sample-apps-for-training-a-transformer-based-WAF-pipleline/waf-system/tomcat/apache-tomcat-9.0.82/webapps/docs] has finished in [7] ms
23-Sep-2025 23:04:32.258 INFO [main] org.apache.catalina.startup.HostConfig.deployDirectory Deploying web application directory [/Users/majjipradeepkumar/Downloads/WAF/Sample-apps-for-training-a-transformer-based-WAF-pipleline/waf-system/tomcat/apache-tomcat-9.0.82/webapps/manager]
23-Sep-2025 23:04:32.269 INFO [main] org.apache.catalina.startup.HostConfig.deployDirectory Deployment of web application directory [/Users/majjipradeepkumar/Downloads/WAF/Sample-apps-for-training-a-transformer-based-WAF-pipleline/waf-system/tomcat/apache-tomcat-9.0.82/webapps/manager] has finished in [11] ms
23-Sep-2025 23:04:32.269 INFO [main] org.apache.catalina.startup.HostConfig.deployDirectory Deploying web application directory [/Users/majjipradeepkumar/Downloads/WAF/Sample-apps-for-training-a-transformer-based-WAF-pipleline/waf-system/tomcat/apache-tomcat-9.0.82/webapps/examples]
23-Sep-2025 23:04:32.326 INFO [main] org.apache.catalina.startup.HostConfig.deployDirectory Deployment of web application directory [/Users/majjipradeepkumar/Downloads/WAF/Sample-apps-for-training-a-transformer-based-WAF-pipleline/waf-system/tomcat/apache-tomcat-9.0.82/webapps/examples] has finished in [57] ms
23-Sep-2025 23:04:32.326 INFO [main] org.apache.catalina.startup.HostConfig.deployDirectory Deploying web application directory [/Users/majjipradeepkumar/Downloads/WAF/Sample-apps-for-training-a-transformer-based-WAF-pipleline/waf-system/tomcat/apache-tomcat-9.0.82/webapps/ROOT]
23-Sep-2025 23:04:32.331 INFO [main] org.apache.catalina.startup.HostConfig.deployDirectory Deployment of web application directory [/Users/majjipradeepkumar/Downloads/WAF/Sample-apps-for-training-a-transformer-based-WAF-pipleline/waf-system/tomcat/apache-tomcat-9.0.82/webapps/ROOT] has finished in [4] ms
23-Sep-2025 23:04:32.331 INFO [main] org.apache.catalina.startup.HostConfig.deployDirectory Deploying web application directory [/Users/majjipradeepkumar/Downloads/WAF/Sample-apps-for-training-a-transformer-based-WAF-pipleline/waf-system/tomcat/apache-tomcat-9.0.82/webapps/host-manager]
23-Sep-2025 23:04:32.336 INFO [main] org.apache.catalina.startup.HostConfig.deployDirectory Deployment of web application directory [/Users/majjipradeepkumar/Downloads/WAF/Sample-apps-for-training-a-transformer-based-WAF-pipleline/waf-system/tomcat/apache-tomcat-9.0.82/webapps/host-manager] has finished in [5] ms
23-Sep-2025 23:04:32.337 INFO [main] org.apache.coyote.AbstractProtocol.start Starting ProtocolHandler ["http-nio-8080"]
23-Sep-2025 23:04:32.341 INFO [main] org.apache.catalina.startup.Catalina.start Server startup in [362] milliseconds
