24-Sep-2025 00:01:52.248 SEVERE [http-nio-8080-Acceptor] org.apache.tomcat.util.net.NioEndpoint.setSocketOptions Error setting socket options
	java.net.SocketException: Invalid argument
		at sun.nio.ch.Net.setIntOption0(Native Method)
		at sun.nio.ch.Net.setSocketOption(Net.java:341)
		at sun.nio.ch.SocketChannelImpl.setOption(SocketChannelImpl.java:190)
		at sun.nio.ch.SocketAdaptor.setIntOption(SocketAdaptor.java:281)
		at sun.nio.ch.SocketAdaptor.setSoLinger(SocketAdaptor.java:316)
		at org.apache.tomcat.util.net.SocketProperties.setProperties(SocketProperties.java:219)
		at org.apache.tomcat.util.net.NioEndpoint.setSocketOptions(NioEndpoint.java:503)
		at org.apache.tomcat.util.net.NioEndpoint.setSocketOptions(NioEndpoint.java:79)
		at org.apache.tomcat.util.net.Acceptor.run(Acceptor.java:149)
		at java.lang.Thread.run(Thread.java:750)
24-Sep-2025 00:03:28.967 INFO [main] org.apache.catalina.core.StandardServer.await A valid shutdown command was received via the shutdown port. Stopping the Server instance.
24-Sep-2025 00:03:28.968 INFO [main] org.apache.coyote.AbstractProtocol.pause Pausing ProtocolHandler ["http-nio-8080"]
24-Sep-2025 00:03:28.971 INFO [main] org.apache.catalina.core.StandardService.stopInternal Stopping service [Catalina]
24-Sep-2025 00:03:28.999 INFO [main] org.apache.coyote.AbstractProtocol.stop Stopping ProtocolHandler ["http-nio-8080"]
24-Sep-2025 00:03:29.011 INFO [main] org.apache.coyote.AbstractProtocol.destroy Destroying ProtocolHandler ["http-nio-8080"]
24-Sep-2025 00:03:34.200 INFO [main] org.apache.catalina.startup.VersionLoggerListener.log Server version name:   Apache Tomcat/9.0.82
24-Sep-2025 00:03:34.202 INFO [main] org.apache.catalina.startup.VersionLoggerListener.log Server built:          Oct 11 2023 13:15:08 UTC
24-Sep-2025 00:03:34.202 INFO [main] org.apache.catalina.startup.VersionLoggerListener.log Server version number: 9.0.82.0
24-Sep-2025 00:03:34.202 INFO [main] org.apache.catalina.startup.VersionLoggerListener.log OS Name:               Mac OS X
24-Sep-2025 00:03:34.202 INFO [main] org.apache.catalina.startup.VersionLoggerListener.log OS Version:            15.6.1
24-Sep-2025 00:03:34.202 INFO [main] org.apache.catalina.startup.VersionLoggerListener.log Architecture:          aarch64
24-Sep-2025 00:03:34.203 INFO [main] org.apache.catalina.startup.VersionLoggerListener.log Java Home:             /Library/Internet Plug-Ins/JavaAppletPlugin.plugin/Contents/Home
24-Sep-2025 00:03:34.203 INFO [main] org.apache.catalina.startup.VersionLoggerListener.log JVM Version:           1.8.0_461-b11
24-Sep-2025 00:03:34.203 INFO [main] org.apache.catalina.startup.VersionLoggerListener.log JVM Vendor:            Oracle Corporation
24-Sep-2025 00:03:34.203 INFO [main] org.apache.catalina.startup.VersionLoggerListener.log CATALINA_BASE:         /Users/majjipradeepkumar/Downloads/WAF/Sample-apps-for-training-a-transformer-based-WAF-pipleline/waf-system/tomcat/apache-tomcat-9.0.82
24-Sep-2025 00:03:34.203 INFO [main] org.apache.catalina.startup.VersionLoggerListener.log CATALINA_HOME:         /Users/majjipradeepkumar/Downloads/WAF/Sample-apps-for-training-a-transformer-based-WAF-pipleline/waf-system/tomcat/apache-tomcat-9.0.82
24-Sep-2025 00:03:34.206 INFO [main] org.apache.catalina.startup.VersionLoggerListener.log Command line argument: -Djava.util.logging.config.file=/Users/majjipradeepkumar/Downloads/WAF/Sample-apps-for-training-a-transformer-based-WAF-pipleline/waf-system/tomcat/current/conf/logging.properties
24-Sep-2025 00:03:34.206 INFO [main] org.apache.catalina.startup.VersionLoggerListener.log Command line argument: -Djava.util.logging.manager=org.apache.juli.ClassLoaderLogManager
24-Sep-2025 00:03:34.206 INFO [main] org.apache.catalina.startup.VersionLoggerListener.log Command line argument: -Djdk.tls.ephemeralDHKeySize=2048
24-Sep-2025 00:03:34.206 INFO [main] org.apache.catalina.startup.VersionLoggerListener.log Command line argument: -Djava.protocol.handler.pkgs=org.apache.catalina.webresources
24-Sep-2025 00:03:34.206 INFO [main] org.apache.catalina.startup.VersionLoggerListener.log Command line argument: -Dorg.apache.catalina.security.SecurityListener.UMASK=0027
24-Sep-2025 00:03:34.206 INFO [main] org.apache.catalina.startup.VersionLoggerListener.log Command line argument: -Dignore.endorsed.dirs=
24-Sep-2025 00:03:34.206 INFO [main] org.apache.catalina.startup.VersionLoggerListener.log Command line argument: -Dcatalina.base=/Users/majjipradeepkumar/Downloads/WAF/Sample-apps-for-training-a-transformer-based-WAF-pipleline/waf-system/tomcat/current
24-Sep-2025 00:03:34.206 INFO [main] org.apache.catalina.startup.VersionLoggerListener.log Command line argument: -Dcatalina.home=/Users/majjipradeepkumar/Downloads/WAF/Sample-apps-for-training-a-transformer-based-WAF-pipleline/waf-system/tomcat/current
24-Sep-2025 00:03:34.206 INFO [main] org.apache.catalina.startup.VersionLoggerListener.log Command line argument: -Djava.io.tmpdir=/Users/majjipradeepkumar/Downloads/WAF/Sample-apps-for-training-a-transformer-based-WAF-pipleline/waf-system/tomcat/current/temp
24-Sep-2025 00:03:34.210 INFO [main] org.apache.catalina.core.AprLifecycleListener.lifecycleEvent The Apache Tomcat Native library which allows using OpenSSL was not found on the java.library.path: [/Users/majjipradeepkumar/Library/Java/Extensions:/Library/Java/Extensions:/Network/Library/Java/Extensions:/System/Library/Java/Extensions:/usr/lib/java:.]
24-Sep-2025 00:03:34.362 INFO [main] org.apache.coyote.AbstractProtocol.init Initializing ProtocolHandler ["http-nio-8080"]
24-Sep-2025 00:03:34.373 INFO [main] org.apache.catalina.startup.Catalina.load Server initialization in [237] milliseconds
24-Sep-2025 00:03:34.386 INFO [main] org.apache.catalina.core.StandardService.startInternal Starting service [Catalina]
24-Sep-2025 00:03:34.386 INFO [main] org.apache.catalina.core.StandardEngine.startInternal Starting Servlet engine: [Apache Tomcat/9.0.82]
24-Sep-2025 00:03:34.391 INFO [main] org.apache.catalina.startup.HostConfig.deployWAR Deploying web application archive [/Users/majjipradeepkumar/Downloads/WAF/Sample-apps-for-training-a-transformer-based-WAF-pipleline/waf-system/tomcat/apache-tomcat-9.0.82/webapps/blog-cms.war]
24-Sep-2025 00:03:34.397 INFO [main] org.apache.catalina.startup.ExpandWar.expand An expanded directory [/Users/majjipradeepkumar/Downloads/WAF/Sample-apps-for-training-a-transformer-based-WAF-pipleline/waf-system/tomcat/apache-tomcat-9.0.82/webapps/blog-cms] was found with a last modified time that did not match the associated WAR. It will be deleted.
24-Sep-2025 00:03:34.536 INFO [main] org.apache.jasper.servlet.TldScanner.scanJars At least one JAR was scanned for TLDs yet contained no TLDs. Enable debug logging for this logger for a complete list of JARs that were scanned but no TLDs were found in them. Skipping unneeded JARs during scanning can improve startup time and JSP compilation time.
24-Sep-2025 00:03:34.548 INFO [main] org.apache.catalina.startup.HostConfig.deployWAR Deployment of web application archive [/Users/majjipradeepkumar/Downloads/WAF/Sample-apps-for-training-a-transformer-based-WAF-pipleline/waf-system/tomcat/apache-tomcat-9.0.82/webapps/blog-cms.war] has finished in [156] ms
24-Sep-2025 00:03:34.548 INFO [main] org.apache.catalina.startup.HostConfig.deployWAR Deploying web application archive [/Users/majjipradeepkumar/Downloads/WAF/Sample-apps-for-training-a-transformer-based-WAF-pipleline/waf-system/tomcat/apache-tomcat-9.0.82/webapps/rest-api.war]
24-Sep-2025 00:03:34.549 INFO [main] org.apache.catalina.startup.ExpandWar.expand An expanded directory [/Users/majjipradeepkumar/Downloads/WAF/Sample-apps-for-training-a-transformer-based-WAF-pipleline/waf-system/tomcat/apache-tomcat-9.0.82/webapps/rest-api] was found with a last modified time that did not match the associated WAR. It will be deleted.
24-Sep-2025 00:03:34.590 INFO [main] org.apache.jasper.servlet.TldScanner.scanJars At least one JAR was scanned for TLDs yet contained no TLDs. Enable debug logging for this logger for a complete list of JARs that were scanned but no TLDs were found in them. Skipping unneeded JARs during scanning can improve startup time and JSP compilation time.
24-Sep-2025 00:03:34.593 INFO [main] org.apache.catalina.startup.HostConfig.deployWAR Deployment of web application archive [/Users/majjipradeepkumar/Downloads/WAF/Sample-apps-for-training-a-transformer-based-WAF-pipleline/waf-system/tomcat/apache-tomcat-9.0.82/webapps/rest-api.war] has finished in [44] ms
24-Sep-2025 00:03:34.593 INFO [main] org.apache.catalina.startup.HostConfig.deployWAR Deploying web application archive [/Users/majjipradeepkumar/Downloads/WAF/Sample-apps-for-training-a-transformer-based-WAF-pipleline/waf-system/tomcat/apache-tomcat-9.0.82/webapps/ecommerce.war]
24-Sep-2025 00:03:34.594 INFO [main] org.apache.catalina.startup.ExpandWar.expand An expanded directory [/Users/majjipradeepkumar/Downloads/WAF/Sample-apps-for-training-a-transformer-based-WAF-pipleline/waf-system/tomcat/apache-tomcat-9.0.82/webapps/ecommerce] was found with a last modified time that did not match the associated WAR. It will be deleted.
24-Sep-2025 00:03:34.644 INFO [main] org.apache.jasper.servlet.TldScanner.scanJars At least one JAR was scanned for TLDs yet contained no TLDs. Enable debug logging for this logger for a complete list of JARs that were scanned but no TLDs were found in them. Skipping unneeded JARs during scanning can improve startup time and JSP compilation time.
24-Sep-2025 00:03:34.647 INFO [main] org.apache.catalina.startup.HostConfig.deployWAR Deployment of web application archive [/Users/majjipradeepkumar/Downloads/WAF/Sample-apps-for-training-a-transformer-based-WAF-pipleline/waf-system/tomcat/apache-tomcat-9.0.82/webapps/ecommerce.war] has finished in [54] ms
24-Sep-2025 00:03:34.647 INFO [main] org.apache.catalina.startup.HostConfig.deployDirectory Deploying web application directory [/Users/majjipradeepkumar/Downloads/WAF/Sample-apps-for-training-a-transformer-based-WAF-pipleline/waf-system/tomcat/apache-tomcat-9.0.82/webapps/docs]
24-Sep-2025 00:03:34.653 INFO [main] org.apache.catalina.startup.HostConfig.deployDirectory Deployment of web application directory [/Users/majjipradeepkumar/Downloads/WAF/Sample-apps-for-training-a-transformer-based-WAF-pipleline/waf-system/tomcat/apache-tomcat-9.0.82/webapps/docs] has finished in [6] ms
24-Sep-2025 00:03:34.653 INFO [main] org.apache.catalina.startup.HostConfig.deployDirectory Deploying web application directory [/Users/majjipradeepkumar/Downloads/WAF/Sample-apps-for-training-a-transformer-based-WAF-pipleline/waf-system/tomcat/apache-tomcat-9.0.82/webapps/manager]
24-Sep-2025 00:03:34.662 INFO [main] org.apache.catalina.startup.HostConfig.deployDirectory Deployment of web application directory [/Users/majjipradeepkumar/Downloads/WAF/Sample-apps-for-training-a-transformer-based-WAF-pipleline/waf-system/tomcat/apache-tomcat-9.0.82/webapps/manager] has finished in [9] ms
24-Sep-2025 00:03:34.662 INFO [main] org.apache.catalina.startup.HostConfig.deployDirectory Deploying web application directory [/Users/majjipradeepkumar/Downloads/WAF/Sample-apps-for-training-a-transformer-based-WAF-pipleline/waf-system/tomcat/apache-tomcat-9.0.82/webapps/examples]
24-Sep-2025 00:03:34.723 INFO [main] org.apache.catalina.startup.HostConfig.deployDirectory Deployment of web application directory [/Users/majjipradeepkumar/Downloads/WAF/Sample-apps-for-training-a-transformer-based-WAF-pipleline/waf-system/tomcat/apache-tomcat-9.0.82/webapps/examples] has finished in [61] ms
24-Sep-2025 00:03:34.724 INFO [main] org.apache.catalina.startup.HostConfig.deployDirectory Deploying web application directory [/Users/majjipradeepkumar/Downloads/WAF/Sample-apps-for-training-a-transformer-based-WAF-pipleline/waf-system/tomcat/apache-tomcat-9.0.82/webapps/ROOT]
24-Sep-2025 00:03:34.727 INFO [main] org.apache.catalina.startup.HostConfig.deployDirectory Deployment of web application directory [/Users/majjipradeepkumar/Downloads/WAF/Sample-apps-for-training-a-transformer-based-WAF-pipleline/waf-system/tomcat/apache-tomcat-9.0.82/webapps/ROOT] has finished in [3] ms
24-Sep-2025 00:03:34.728 INFO [main] org.apache.catalina.startup.HostConfig.deployDirectory Deploying web application directory [/Users/majjipradeepkumar/Downloads/WAF/Sample-apps-for-training-a-transformer-based-WAF-pipleline/waf-system/tomcat/apache-tomcat-9.0.82/webapps/host-manager]
24-Sep-2025 00:03:34.733 INFO [main] org.apache.catalina.startup.HostConfig.deployDirectory Deployment of web application directory [/Users/majjipradeepkumar/Downloads/WAF/Sample-apps-for-training-a-transformer-based-WAF-pipleline/waf-system/tomcat/apache-tomcat-9.0.82/webapps/host-manager] has finished in [4] ms
24-Sep-2025 00:03:34.735 INFO [main] org.apache.coyote.AbstractProtocol.start Starting ProtocolHandler ["http-nio-8080"]
24-Sep-2025 00:03:34.738 INFO [main] org.apache.catalina.startup.Catalina.start Server startup in [365] milliseconds
24-Sep-2025 00:05:13.464 INFO [main] org.apache.catalina.core.StandardServer.await A valid shutdown command was received via the shutdown port. Stopping the Server instance.
24-Sep-2025 00:05:13.464 INFO [main] org.apache.coyote.AbstractProtocol.pause Pausing ProtocolHandler ["http-nio-8080"]
24-Sep-2025 00:05:13.465 INFO [main] org.apache.catalina.core.StandardService.stopInternal Stopping service [Catalina]
24-Sep-2025 00:05:13.472 INFO [main] org.apache.coyote.AbstractProtocol.stop Stopping ProtocolHandler ["http-nio-8080"]
24-Sep-2025 00:05:13.474 INFO [main] org.apache.coyote.AbstractProtocol.destroy Destroying ProtocolHandler ["http-nio-8080"]
24-Sep-2025 00:05:18.696 INFO [main] org.apache.catalina.startup.VersionLoggerListener.log Server version name:   Apache Tomcat/9.0.82
24-Sep-2025 00:05:18.696 INFO [main] org.apache.catalina.startup.VersionLoggerListener.log Server built:          Oct 11 2023 13:15:08 UTC
24-Sep-2025 00:05:18.696 INFO [main] org.apache.catalina.startup.VersionLoggerListener.log Server version number: 9.0.82.0
24-Sep-2025 00:05:18.696 INFO [main] org.apache.catalina.startup.VersionLoggerListener.log OS Name:               Mac OS X
24-Sep-2025 00:05:18.696 INFO [main] org.apache.catalina.startup.VersionLoggerListener.log OS Version:            15.6.1
24-Sep-2025 00:05:18.696 INFO [main] org.apache.catalina.startup.VersionLoggerListener.log Architecture:          aarch64
24-Sep-2025 00:05:18.696 INFO [main] org.apache.catalina.startup.VersionLoggerListener.log Java Home:             /Library/Internet Plug-Ins/JavaAppletPlugin.plugin/Contents/Home
24-Sep-2025 00:05:18.697 INFO [main] org.apache.catalina.startup.VersionLoggerListener.log JVM Version:           1.8.0_461-b11
24-Sep-2025 00:05:18.697 INFO [main] org.apache.catalina.startup.VersionLoggerListener.log JVM Vendor:            Oracle Corporation
24-Sep-2025 00:05:18.697 INFO [main] org.apache.catalina.startup.VersionLoggerListener.log CATALINA_BASE:         /Users/majjipradeepkumar/Downloads/WAF/Sample-apps-for-training-a-transformer-based-WAF-pipleline/waf-system/tomcat/apache-tomcat-9.0.82
24-Sep-2025 00:05:18.697 INFO [main] org.apache.catalina.startup.VersionLoggerListener.log CATALINA_HOME:         /Users/majjipradeepkumar/Downloads/WAF/Sample-apps-for-training-a-transformer-based-WAF-pipleline/waf-system/tomcat/apache-tomcat-9.0.82
24-Sep-2025 00:05:18.698 INFO [main] org.apache.catalina.startup.VersionLoggerListener.log Command line argument: -Djava.util.logging.config.file=/Users/majjipradeepkumar/Downloads/WAF/Sample-apps-for-training-a-transformer-based-WAF-pipleline/waf-system/tomcat/current/conf/logging.properties
24-Sep-2025 00:05:18.698 INFO [main] org.apache.catalina.startup.VersionLoggerListener.log Command line argument: -Djava.util.logging.manager=org.apache.juli.ClassLoaderLogManager
24-Sep-2025 00:05:18.698 INFO [main] org.apache.catalina.startup.VersionLoggerListener.log Command line argument: -Djdk.tls.ephemeralDHKeySize=2048
24-Sep-2025 00:05:18.698 INFO [main] org.apache.catalina.startup.VersionLoggerListener.log Command line argument: -Djava.protocol.handler.pkgs=org.apache.catalina.webresources
24-Sep-2025 00:05:18.698 INFO [main] org.apache.catalina.startup.VersionLoggerListener.log Command line argument: -Dorg.apache.catalina.security.SecurityListener.UMASK=0027
24-Sep-2025 00:05:18.698 INFO [main] org.apache.catalina.startup.VersionLoggerListener.log Command line argument: -Dignore.endorsed.dirs=
24-Sep-2025 00:05:18.698 INFO [main] org.apache.catalina.startup.VersionLoggerListener.log Command line argument: -Dcatalina.base=/Users/majjipradeepkumar/Downloads/WAF/Sample-apps-for-training-a-transformer-based-WAF-pipleline/waf-system/tomcat/current
24-Sep-2025 00:05:18.698 INFO [main] org.apache.catalina.startup.VersionLoggerListener.log Command line argument: -Dcatalina.home=/Users/majjipradeepkumar/Downloads/WAF/Sample-apps-for-training-a-transformer-based-WAF-pipleline/waf-system/tomcat/current
24-Sep-2025 00:05:18.698 INFO [main] org.apache.catalina.startup.VersionLoggerListener.log Command line argument: -Djava.io.tmpdir=/Users/majjipradeepkumar/Downloads/WAF/Sample-apps-for-training-a-transformer-based-WAF-pipleline/waf-system/tomcat/current/temp
24-Sep-2025 00:05:18.707 INFO [main] org.apache.catalina.core.AprLifecycleListener.lifecycleEvent The Apache Tomcat Native library which allows using OpenSSL was not found on the java.library.path: [/Users/majjipradeepkumar/Library/Java/Extensions:/Library/Java/Extensions:/Network/Library/Java/Extensions:/System/Library/Java/Extensions:/usr/lib/java:.]
24-Sep-2025 00:05:18.836 INFO [main] org.apache.coyote.AbstractProtocol.init Initializing ProtocolHandler ["http-nio-8080"]
24-Sep-2025 00:05:18.845 INFO [main] org.apache.catalina.startup.Catalina.load Server initialization in [220] milliseconds
24-Sep-2025 00:05:18.855 INFO [main] org.apache.catalina.core.StandardService.startInternal Starting service [Catalina]
24-Sep-2025 00:05:18.855 INFO [main] org.apache.catalina.core.StandardEngine.startInternal Starting Servlet engine: [Apache Tomcat/9.0.82]
24-Sep-2025 00:05:18.861 INFO [main] org.apache.catalina.startup.HostConfig.deployWAR Deploying web application archive [/Users/majjipradeepkumar/Downloads/WAF/Sample-apps-for-training-a-transformer-based-WAF-pipleline/waf-system/tomcat/apache-tomcat-9.0.82/webapps/blog-cms.war]
24-Sep-2025 00:05:18.866 INFO [main] org.apache.catalina.startup.ExpandWar.expand An expanded directory [/Users/majjipradeepkumar/Downloads/WAF/Sample-apps-for-training-a-transformer-based-WAF-pipleline/waf-system/tomcat/apache-tomcat-9.0.82/webapps/blog-cms] was found with a last modified time that did not match the associated WAR. It will be deleted.
24-Sep-2025 00:05:18.998 INFO [main] org.apache.jasper.servlet.TldScanner.scanJars At least one JAR was scanned for TLDs yet contained no TLDs. Enable debug logging for this logger for a complete list of JARs that were scanned but no TLDs were found in them. Skipping unneeded JARs during scanning can improve startup time and JSP compilation time.
24-Sep-2025 00:05:19.009 INFO [main] org.apache.catalina.startup.HostConfig.deployWAR Deployment of web application archive [/Users/majjipradeepkumar/Downloads/WAF/Sample-apps-for-training-a-transformer-based-WAF-pipleline/waf-system/tomcat/apache-tomcat-9.0.82/webapps/blog-cms.war] has finished in [148] ms
24-Sep-2025 00:05:19.011 INFO [main] org.apache.catalina.startup.HostConfig.deployWAR Deploying web application archive [/Users/majjipradeepkumar/Downloads/WAF/Sample-apps-for-training-a-transformer-based-WAF-pipleline/waf-system/tomcat/apache-tomcat-9.0.82/webapps/rest-api.war]
24-Sep-2025 00:05:19.011 INFO [main] org.apache.catalina.startup.ExpandWar.expand An expanded directory [/Users/majjipradeepkumar/Downloads/WAF/Sample-apps-for-training-a-transformer-based-WAF-pipleline/waf-system/tomcat/apache-tomcat-9.0.82/webapps/rest-api] was found with a last modified time that did not match the associated WAR. It will be deleted.
24-Sep-2025 00:05:19.054 INFO [main] org.apache.jasper.servlet.TldScanner.scanJars At least one JAR was scanned for TLDs yet contained no TLDs. Enable debug logging for this logger for a complete list of JARs that were scanned but no TLDs were found in them. Skipping unneeded JARs during scanning can improve startup time and JSP compilation time.
24-Sep-2025 00:05:19.058 INFO [main] org.apache.catalina.startup.HostConfig.deployWAR Deployment of web application archive [/Users/majjipradeepkumar/Downloads/WAF/Sample-apps-for-training-a-transformer-based-WAF-pipleline/waf-system/tomcat/apache-tomcat-9.0.82/webapps/rest-api.war] has finished in [47] ms
24-Sep-2025 00:05:19.059 INFO [main] org.apache.catalina.startup.HostConfig.deployWAR Deploying web application archive [/Users/majjipradeepkumar/Downloads/WAF/Sample-apps-for-training-a-transformer-based-WAF-pipleline/waf-system/tomcat/apache-tomcat-9.0.82/webapps/ecommerce.war]
24-Sep-2025 00:05:19.060 INFO [main] org.apache.catalina.startup.ExpandWar.expand An expanded directory [/Users/majjipradeepkumar/Downloads/WAF/Sample-apps-for-training-a-transformer-based-WAF-pipleline/waf-system/tomcat/apache-tomcat-9.0.82/webapps/ecommerce] was found with a last modified time that did not match the associated WAR. It will be deleted.
24-Sep-2025 00:05:19.110 INFO [main] org.apache.jasper.servlet.TldScanner.scanJars At least one JAR was scanned for TLDs yet contained no TLDs. Enable debug logging for this logger for a complete list of JARs that were scanned but no TLDs were found in them. Skipping unneeded JARs during scanning can improve startup time and JSP compilation time.
24-Sep-2025 00:05:19.112 INFO [main] org.apache.catalina.startup.HostConfig.deployWAR Deployment of web application archive [/Users/majjipradeepkumar/Downloads/WAF/Sample-apps-for-training-a-transformer-based-WAF-pipleline/waf-system/tomcat/apache-tomcat-9.0.82/webapps/ecommerce.war] has finished in [53] ms
24-Sep-2025 00:05:19.112 INFO [main] org.apache.catalina.startup.HostConfig.deployDirectory Deploying web application directory [/Users/majjipradeepkumar/Downloads/WAF/Sample-apps-for-training-a-transformer-based-WAF-pipleline/waf-system/tomcat/apache-tomcat-9.0.82/webapps/docs]
24-Sep-2025 00:05:19.121 INFO [main] org.apache.catalina.startup.HostConfig.deployDirectory Deployment of web application directory [/Users/majjipradeepkumar/Downloads/WAF/Sample-apps-for-training-a-transformer-based-WAF-pipleline/waf-system/tomcat/apache-tomcat-9.0.82/webapps/docs] has finished in [9] ms
24-Sep-2025 00:05:19.121 INFO [main] org.apache.catalina.startup.HostConfig.deployDirectory Deploying web application directory [/Users/majjipradeepkumar/Downloads/WAF/Sample-apps-for-training-a-transformer-based-WAF-pipleline/waf-system/tomcat/apache-tomcat-9.0.82/webapps/manager]
24-Sep-2025 00:05:19.131 INFO [main] org.apache.catalina.startup.HostConfig.deployDirectory Deployment of web application directory [/Users/majjipradeepkumar/Downloads/WAF/Sample-apps-for-training-a-transformer-based-WAF-pipleline/waf-system/tomcat/apache-tomcat-9.0.82/webapps/manager] has finished in [10] ms
24-Sep-2025 00:05:19.131 INFO [main] org.apache.catalina.startup.HostConfig.deployDirectory Deploying web application directory [/Users/majjipradeepkumar/Downloads/WAF/Sample-apps-for-training-a-transformer-based-WAF-pipleline/waf-system/tomcat/apache-tomcat-9.0.82/webapps/examples]
24-Sep-2025 00:05:19.186 INFO [main] org.apache.catalina.startup.HostConfig.deployDirectory Deployment of web application directory [/Users/majjipradeepkumar/Downloads/WAF/Sample-apps-for-training-a-transformer-based-WAF-pipleline/waf-system/tomcat/apache-tomcat-9.0.82/webapps/examples] has finished in [55] ms
24-Sep-2025 00:05:19.186 INFO [main] org.apache.catalina.startup.HostConfig.deployDirectory Deploying web application directory [/Users/majjipradeepkumar/Downloads/WAF/Sample-apps-for-training-a-transformer-based-WAF-pipleline/waf-system/tomcat/apache-tomcat-9.0.82/webapps/ROOT]
24-Sep-2025 00:05:19.191 INFO [main] org.apache.catalina.startup.HostConfig.deployDirectory Deployment of web application directory [/Users/majjipradeepkumar/Downloads/WAF/Sample-apps-for-training-a-transformer-based-WAF-pipleline/waf-system/tomcat/apache-tomcat-9.0.82/webapps/ROOT] has finished in [5] ms
24-Sep-2025 00:05:19.191 INFO [main] org.apache.catalina.startup.HostConfig.deployDirectory Deploying web application directory [/Users/majjipradeepkumar/Downloads/WAF/Sample-apps-for-training-a-transformer-based-WAF-pipleline/waf-system/tomcat/apache-tomcat-9.0.82/webapps/host-manager]
24-Sep-2025 00:05:19.197 INFO [main] org.apache.catalina.startup.HostConfig.deployDirectory Deployment of web application directory [/Users/majjipradeepkumar/Downloads/WAF/Sample-apps-for-training-a-transformer-based-WAF-pipleline/waf-system/tomcat/apache-tomcat-9.0.82/webapps/host-manager] has finished in [6] ms
24-Sep-2025 00:05:19.198 INFO [main] org.apache.coyote.AbstractProtocol.start Starting ProtocolHandler ["http-nio-8080"]
24-Sep-2025 00:05:19.201 INFO [main] org.apache.catalina.startup.Catalina.start Server startup in [355] milliseconds
24-Sep-2025 00:08:51.344 INFO [main] org.apache.catalina.core.StandardServer.await A valid shutdown command was received via the shutdown port. Stopping the Server instance.
24-Sep-2025 00:08:51.345 INFO [main] org.apache.coyote.AbstractProtocol.pause Pausing ProtocolHandler ["http-nio-8080"]
24-Sep-2025 00:08:51.346 INFO [main] org.apache.catalina.core.StandardService.stopInternal Stopping service [Catalina]
24-Sep-2025 00:08:51.356 INFO [main] org.apache.coyote.AbstractProtocol.stop Stopping ProtocolHandler ["http-nio-8080"]
24-Sep-2025 00:08:51.357 INFO [main] org.apache.coyote.AbstractProtocol.destroy Destroying ProtocolHandler ["http-nio-8080"]
24-Sep-2025 00:08:56.555 INFO [main] org.apache.catalina.startup.VersionLoggerListener.log Server version name:   Apache Tomcat/9.0.82
24-Sep-2025 00:08:56.556 INFO [main] org.apache.catalina.startup.VersionLoggerListener.log Server built:          Oct 11 2023 13:15:08 UTC
24-Sep-2025 00:08:56.556 INFO [main] org.apache.catalina.startup.VersionLoggerListener.log Server version number: 9.0.82.0
24-Sep-2025 00:08:56.556 INFO [main] org.apache.catalina.startup.VersionLoggerListener.log OS Name:               Mac OS X
24-Sep-2025 00:08:56.556 INFO [main] org.apache.catalina.startup.VersionLoggerListener.log OS Version:            15.6.1
24-Sep-2025 00:08:56.556 INFO [main] org.apache.catalina.startup.VersionLoggerListener.log Architecture:          aarch64
24-Sep-2025 00:08:56.556 INFO [main] org.apache.catalina.startup.VersionLoggerListener.log Java Home:             /Library/Internet Plug-Ins/JavaAppletPlugin.plugin/Contents/Home
24-Sep-2025 00:08:56.556 INFO [main] org.apache.catalina.startup.VersionLoggerListener.log JVM Version:           1.8.0_461-b11
24-Sep-2025 00:08:56.556 INFO [main] org.apache.catalina.startup.VersionLoggerListener.log JVM Vendor:            Oracle Corporation
24-Sep-2025 00:08:56.556 INFO [main] org.apache.catalina.startup.VersionLoggerListener.log CATALINA_BASE:         /Users/majjipradeepkumar/Downloads/WAF/Sample-apps-for-training-a-transformer-based-WAF-pipleline/waf-system/tomcat/apache-tomcat-9.0.82
24-Sep-2025 00:08:56.556 INFO [main] org.apache.catalina.startup.VersionLoggerListener.log CATALINA_HOME:         /Users/majjipradeepkumar/Downloads/WAF/Sample-apps-for-training-a-transformer-based-WAF-pipleline/waf-system/tomcat/apache-tomcat-9.0.82
24-Sep-2025 00:08:56.559 INFO [main] org.apache.catalina.startup.VersionLoggerListener.log Command line argument: -Djava.util.logging.config.file=/Users/majjipradeepkumar/Downloads/WAF/Sample-apps-for-training-a-transformer-based-WAF-pipleline/waf-system/tomcat/current/conf/logging.properties
24-Sep-2025 00:08:56.559 INFO [main] org.apache.catalina.startup.VersionLoggerListener.log Command line argument: -Djava.util.logging.manager=org.apache.juli.ClassLoaderLogManager
24-Sep-2025 00:08:56.559 INFO [main] org.apache.catalina.startup.VersionLoggerListener.log Command line argument: -Djdk.tls.ephemeralDHKeySize=2048
24-Sep-2025 00:08:56.559 INFO [main] org.apache.catalina.startup.VersionLoggerListener.log Command line argument: -Djava.protocol.handler.pkgs=org.apache.catalina.webresources
24-Sep-2025 00:08:56.559 INFO [main] org.apache.catalina.startup.VersionLoggerListener.log Command line argument: -Dorg.apache.catalina.security.SecurityListener.UMASK=0027
24-Sep-2025 00:08:56.559 INFO [main] org.apache.catalina.startup.VersionLoggerListener.log Command line argument: -Dignore.endorsed.dirs=
24-Sep-2025 00:08:56.559 INFO [main] org.apache.catalina.startup.VersionLoggerListener.log Command line argument: -Dcatalina.base=/Users/majjipradeepkumar/Downloads/WAF/Sample-apps-for-training-a-transformer-based-WAF-pipleline/waf-system/tomcat/current
24-Sep-2025 00:08:56.559 INFO [main] org.apache.catalina.startup.VersionLoggerListener.log Command line argument: -Dcatalina.home=/Users/majjipradeepkumar/Downloads/WAF/Sample-apps-for-training-a-transformer-based-WAF-pipleline/waf-system/tomcat/current
24-Sep-2025 00:08:56.559 INFO [main] org.apache.catalina.startup.VersionLoggerListener.log Command line argument: -Djava.io.tmpdir=/Users/majjipradeepkumar/Downloads/WAF/Sample-apps-for-training-a-transformer-based-WAF-pipleline/waf-system/tomcat/current/temp
24-Sep-2025 00:08:56.565 INFO [main] org.apache.catalina.core.AprLifecycleListener.lifecycleEvent The Apache Tomcat Native library which allows using OpenSSL was not found on the java.library.path: [/Users/majjipradeepkumar/Library/Java/Extensions:/Library/Java/Extensions:/Network/Library/Java/Extensions:/System/Library/Java/Extensions:/usr/lib/java:.]
24-Sep-2025 00:08:56.690 INFO [main] org.apache.coyote.AbstractProtocol.init Initializing ProtocolHandler ["http-nio-8080"]
24-Sep-2025 00:08:56.700 INFO [main] org.apache.catalina.startup.Catalina.load Server initialization in [197] milliseconds
24-Sep-2025 00:08:56.711 INFO [main] org.apache.catalina.core.StandardService.startInternal Starting service [Catalina]
24-Sep-2025 00:08:56.711 INFO [main] org.apache.catalina.core.StandardEngine.startInternal Starting Servlet engine: [Apache Tomcat/9.0.82]
24-Sep-2025 00:08:56.717 INFO [main] org.apache.catalina.startup.HostConfig.deployWAR Deploying web application archive [/Users/majjipradeepkumar/Downloads/WAF/Sample-apps-for-training-a-transformer-based-WAF-pipleline/waf-system/tomcat/apache-tomcat-9.0.82/webapps/blog-cms.war]
24-Sep-2025 00:08:56.723 INFO [main] org.apache.catalina.startup.ExpandWar.expand An expanded directory [/Users/majjipradeepkumar/Downloads/WAF/Sample-apps-for-training-a-transformer-based-WAF-pipleline/waf-system/tomcat/apache-tomcat-9.0.82/webapps/blog-cms] was found with a last modified time that did not match the associated WAR. It will be deleted.
24-Sep-2025 00:08:56.869 INFO [main] org.apache.jasper.servlet.TldScanner.scanJars At least one JAR was scanned for TLDs yet contained no TLDs. Enable debug logging for this logger for a complete list of JARs that were scanned but no TLDs were found in them. Skipping unneeded JARs during scanning can improve startup time and JSP compilation time.
24-Sep-2025 00:08:56.879 INFO [main] org.apache.catalina.startup.HostConfig.deployWAR Deployment of web application archive [/Users/majjipradeepkumar/Downloads/WAF/Sample-apps-for-training-a-transformer-based-WAF-pipleline/waf-system/tomcat/apache-tomcat-9.0.82/webapps/blog-cms.war] has finished in [162] ms
24-Sep-2025 00:08:56.880 INFO [main] org.apache.catalina.startup.HostConfig.deployWAR Deploying web application archive [/Users/majjipradeepkumar/Downloads/WAF/Sample-apps-for-training-a-transformer-based-WAF-pipleline/waf-system/tomcat/apache-tomcat-9.0.82/webapps/rest-api.war]
24-Sep-2025 00:08:56.881 INFO [main] org.apache.catalina.startup.ExpandWar.expand An expanded directory [/Users/majjipradeepkumar/Downloads/WAF/Sample-apps-for-training-a-transformer-based-WAF-pipleline/waf-system/tomcat/apache-tomcat-9.0.82/webapps/rest-api] was found with a last modified time that did not match the associated WAR. It will be deleted.
24-Sep-2025 00:08:56.922 INFO [main] org.apache.jasper.servlet.TldScanner.scanJars At least one JAR was scanned for TLDs yet contained no TLDs. Enable debug logging for this logger for a complete list of JARs that were scanned but no TLDs were found in them. Skipping unneeded JARs during scanning can improve startup time and JSP compilation time.
24-Sep-2025 00:08:56.925 INFO [main] org.apache.catalina.startup.HostConfig.deployWAR Deployment of web application archive [/Users/majjipradeepkumar/Downloads/WAF/Sample-apps-for-training-a-transformer-based-WAF-pipleline/waf-system/tomcat/apache-tomcat-9.0.82/webapps/rest-api.war] has finished in [45] ms
24-Sep-2025 00:08:56.926 INFO [main] org.apache.catalina.startup.HostConfig.deployWAR Deploying web application archive [/Users/majjipradeepkumar/Downloads/WAF/Sample-apps-for-training-a-transformer-based-WAF-pipleline/waf-system/tomcat/apache-tomcat-9.0.82/webapps/ecommerce.war]
24-Sep-2025 00:08:56.926 INFO [main] org.apache.catalina.startup.ExpandWar.expand An expanded directory [/Users/majjipradeepkumar/Downloads/WAF/Sample-apps-for-training-a-transformer-based-WAF-pipleline/waf-system/tomcat/apache-tomcat-9.0.82/webapps/ecommerce] was found with a last modified time that did not match the associated WAR. It will be deleted.
24-Sep-2025 00:08:56.980 INFO [main] org.apache.jasper.servlet.TldScanner.scanJars At least one JAR was scanned for TLDs yet contained no TLDs. Enable debug logging for this logger for a complete list of JARs that were scanned but no TLDs were found in them. Skipping unneeded JARs during scanning can improve startup time and JSP compilation time.
24-Sep-2025 00:08:56.983 INFO [main] org.apache.catalina.startup.HostConfig.deployWAR Deployment of web application archive [/Users/majjipradeepkumar/Downloads/WAF/Sample-apps-for-training-a-transformer-based-WAF-pipleline/waf-system/tomcat/apache-tomcat-9.0.82/webapps/ecommerce.war] has finished in [57] ms
24-Sep-2025 00:08:56.984 INFO [main] org.apache.catalina.startup.HostConfig.deployDirectory Deploying web application directory [/Users/majjipradeepkumar/Downloads/WAF/Sample-apps-for-training-a-transformer-based-WAF-pipleline/waf-system/tomcat/apache-tomcat-9.0.82/webapps/docs]
24-Sep-2025 00:08:56.993 INFO [main] org.apache.catalina.startup.HostConfig.deployDirectory Deployment of web application directory [/Users/majjipradeepkumar/Downloads/WAF/Sample-apps-for-training-a-transformer-based-WAF-pipleline/waf-system/tomcat/apache-tomcat-9.0.82/webapps/docs] has finished in [10] ms
24-Sep-2025 00:08:56.993 INFO [main] org.apache.catalina.startup.HostConfig.deployDirectory Deploying web application directory [/Users/majjipradeepkumar/Downloads/WAF/Sample-apps-for-training-a-transformer-based-WAF-pipleline/waf-system/tomcat/apache-tomcat-9.0.82/webapps/manager]
24-Sep-2025 00:08:57.002 INFO [main] org.apache.catalina.startup.HostConfig.deployDirectory Deployment of web application directory [/Users/majjipradeepkumar/Downloads/WAF/Sample-apps-for-training-a-transformer-based-WAF-pipleline/waf-system/tomcat/apache-tomcat-9.0.82/webapps/manager] has finished in [9] ms
24-Sep-2025 00:08:57.002 INFO [main] org.apache.catalina.startup.HostConfig.deployDirectory Deploying web application directory [/Users/majjipradeepkumar/Downloads/WAF/Sample-apps-for-training-a-transformer-based-WAF-pipleline/waf-system/tomcat/apache-tomcat-9.0.82/webapps/examples]
24-Sep-2025 00:08:57.060 INFO [main] org.apache.catalina.startup.HostConfig.deployDirectory Deployment of web application directory [/Users/majjipradeepkumar/Downloads/WAF/Sample-apps-for-training-a-transformer-based-WAF-pipleline/waf-system/tomcat/apache-tomcat-9.0.82/webapps/examples] has finished in [58] ms
24-Sep-2025 00:08:57.060 INFO [main] org.apache.catalina.startup.HostConfig.deployDirectory Deploying web application directory [/Users/majjipradeepkumar/Downloads/WAF/Sample-apps-for-training-a-transformer-based-WAF-pipleline/waf-system/tomcat/apache-tomcat-9.0.82/webapps/ROOT]
24-Sep-2025 00:08:57.064 INFO [main] org.apache.catalina.startup.HostConfig.deployDirectory Deployment of web application directory [/Users/majjipradeepkumar/Downloads/WAF/Sample-apps-for-training-a-transformer-based-WAF-pipleline/waf-system/tomcat/apache-tomcat-9.0.82/webapps/ROOT] has finished in [4] ms
24-Sep-2025 00:08:57.064 INFO [main] org.apache.catalina.startup.HostConfig.deployDirectory Deploying web application directory [/Users/majjipradeepkumar/Downloads/WAF/Sample-apps-for-training-a-transformer-based-WAF-pipleline/waf-system/tomcat/apache-tomcat-9.0.82/webapps/host-manager]
24-Sep-2025 00:08:57.070 INFO [main] org.apache.catalina.startup.HostConfig.deployDirectory Deployment of web application directory [/Users/majjipradeepkumar/Downloads/WAF/Sample-apps-for-training-a-transformer-based-WAF-pipleline/waf-system/tomcat/apache-tomcat-9.0.82/webapps/host-manager] has finished in [6] ms
24-Sep-2025 00:08:57.071 INFO [main] org.apache.coyote.AbstractProtocol.start Starting ProtocolHandler ["http-nio-8080"]
24-Sep-2025 00:08:57.074 INFO [main] org.apache.catalina.startup.Catalina.start Server startup in [373] milliseconds
24-Sep-2025 00:10:01.843 INFO [main] org.apache.catalina.core.StandardServer.await A valid shutdown command was received via the shutdown port. Stopping the Server instance.
24-Sep-2025 00:10:01.843 INFO [main] org.apache.coyote.AbstractProtocol.pause Pausing ProtocolHandler ["http-nio-8080"]
24-Sep-2025 00:10:01.844 INFO [main] org.apache.catalina.core.StandardService.stopInternal Stopping service [Catalina]
24-Sep-2025 00:10:01.851 INFO [main] org.apache.coyote.AbstractProtocol.stop Stopping ProtocolHandler ["http-nio-8080"]
24-Sep-2025 00:10:01.854 INFO [main] org.apache.coyote.AbstractProtocol.destroy Destroying ProtocolHandler ["http-nio-8080"]
24-Sep-2025 00:10:07.053 INFO [main] org.apache.catalina.startup.VersionLoggerListener.log Server version name:   Apache Tomcat/9.0.82
24-Sep-2025 00:10:07.054 INFO [main] org.apache.catalina.startup.VersionLoggerListener.log Server built:          Oct 11 2023 13:15:08 UTC
24-Sep-2025 00:10:07.054 INFO [main] org.apache.catalina.startup.VersionLoggerListener.log Server version number: 9.0.82.0
24-Sep-2025 00:10:07.054 INFO [main] org.apache.catalina.startup.VersionLoggerListener.log OS Name:               Mac OS X
24-Sep-2025 00:10:07.054 INFO [main] org.apache.catalina.startup.VersionLoggerListener.log OS Version:            15.6.1
24-Sep-2025 00:10:07.054 INFO [main] org.apache.catalina.startup.VersionLoggerListener.log Architecture:          aarch64
24-Sep-2025 00:10:07.054 INFO [main] org.apache.catalina.startup.VersionLoggerListener.log Java Home:             /Library/Internet Plug-Ins/JavaAppletPlugin.plugin/Contents/Home
24-Sep-2025 00:10:07.054 INFO [main] org.apache.catalina.startup.VersionLoggerListener.log JVM Version:           1.8.0_461-b11
24-Sep-2025 00:10:07.054 INFO [main] org.apache.catalina.startup.VersionLoggerListener.log JVM Vendor:            Oracle Corporation
24-Sep-2025 00:10:07.054 INFO [main] org.apache.catalina.startup.VersionLoggerListener.log CATALINA_BASE:         /Users/majjipradeepkumar/Downloads/WAF/Sample-apps-for-training-a-transformer-based-WAF-pipleline/waf-system/tomcat/apache-tomcat-9.0.82
24-Sep-2025 00:10:07.054 INFO [main] org.apache.catalina.startup.VersionLoggerListener.log CATALINA_HOME:         /Users/majjipradeepkumar/Downloads/WAF/Sample-apps-for-training-a-transformer-based-WAF-pipleline/waf-system/tomcat/apache-tomcat-9.0.82
24-Sep-2025 00:10:07.064 INFO [main] org.apache.catalina.startup.VersionLoggerListener.log Command line argument: -Djava.util.logging.config.file=/Users/majjipradeepkumar/Downloads/WAF/Sample-apps-for-training-a-transformer-based-WAF-pipleline/waf-system/tomcat/current/conf/logging.properties
24-Sep-2025 00:10:07.064 INFO [main] org.apache.catalina.startup.VersionLoggerListener.log Command line argument: -Djava.util.logging.manager=org.apache.juli.ClassLoaderLogManager
24-Sep-2025 00:10:07.064 INFO [main] org.apache.catalina.startup.VersionLoggerListener.log Command line argument: -Djdk.tls.ephemeralDHKeySize=2048
24-Sep-2025 00:10:07.064 INFO [main] org.apache.catalina.startup.VersionLoggerListener.log Command line argument: -Djava.protocol.handler.pkgs=org.apache.catalina.webresources
24-Sep-2025 00:10:07.064 INFO [main] org.apache.catalina.startup.VersionLoggerListener.log Command line argument: -Dorg.apache.catalina.security.SecurityListener.UMASK=0027
24-Sep-2025 00:10:07.064 INFO [main] org.apache.catalina.startup.VersionLoggerListener.log Command line argument: -Dignore.endorsed.dirs=
24-Sep-2025 00:10:07.065 INFO [main] org.apache.catalina.startup.VersionLoggerListener.log Command line argument: -Dcatalina.base=/Users/majjipradeepkumar/Downloads/WAF/Sample-apps-for-training-a-transformer-based-WAF-pipleline/waf-system/tomcat/current
24-Sep-2025 00:10:07.065 INFO [main] org.apache.catalina.startup.VersionLoggerListener.log Command line argument: -Dcatalina.home=/Users/majjipradeepkumar/Downloads/WAF/Sample-apps-for-training-a-transformer-based-WAF-pipleline/waf-system/tomcat/current
24-Sep-2025 00:10:07.065 INFO [main] org.apache.catalina.startup.VersionLoggerListener.log Command line argument: -Djava.io.tmpdir=/Users/majjipradeepkumar/Downloads/WAF/Sample-apps-for-training-a-transformer-based-WAF-pipleline/waf-system/tomcat/current/temp
24-Sep-2025 00:10:07.073 INFO [main] org.apache.catalina.core.AprLifecycleListener.lifecycleEvent The Apache Tomcat Native library which allows using OpenSSL was not found on the java.library.path: [/Users/majjipradeepkumar/Library/Java/Extensions:/Library/Java/Extensions:/Network/Library/Java/Extensions:/System/Library/Java/Extensions:/usr/lib/java:.]
24-Sep-2025 00:10:07.198 INFO [main] org.apache.coyote.AbstractProtocol.init Initializing ProtocolHandler ["http-nio-8080"]
24-Sep-2025 00:10:07.208 INFO [main] org.apache.catalina.startup.Catalina.load Server initialization in [204] milliseconds
24-Sep-2025 00:10:07.217 INFO [main] org.apache.catalina.core.StandardService.startInternal Starting service [Catalina]
24-Sep-2025 00:10:07.217 INFO [main] org.apache.catalina.core.StandardEngine.startInternal Starting Servlet engine: [Apache Tomcat/9.0.82]
24-Sep-2025 00:10:07.222 INFO [main] org.apache.catalina.startup.HostConfig.deployWAR Deploying web application archive [/Users/majjipradeepkumar/Downloads/WAF/Sample-apps-for-training-a-transformer-based-WAF-pipleline/waf-system/tomcat/apache-tomcat-9.0.82/webapps/blog-cms.war]
24-Sep-2025 00:10:07.228 INFO [main] org.apache.catalina.startup.ExpandWar.expand An expanded directory [/Users/majjipradeepkumar/Downloads/WAF/Sample-apps-for-training-a-transformer-based-WAF-pipleline/waf-system/tomcat/apache-tomcat-9.0.82/webapps/blog-cms] was found with a last modified time that did not match the associated WAR. It will be deleted.
24-Sep-2025 00:10:07.361 INFO [main] org.apache.jasper.servlet.TldScanner.scanJars At least one JAR was scanned for TLDs yet contained no TLDs. Enable debug logging for this logger for a complete list of JARs that were scanned but no TLDs were found in them. Skipping unneeded JARs during scanning can improve startup time and JSP compilation time.
24-Sep-2025 00:10:07.372 INFO [main] org.apache.catalina.startup.HostConfig.deployWAR Deployment of web application archive [/Users/majjipradeepkumar/Downloads/WAF/Sample-apps-for-training-a-transformer-based-WAF-pipleline/waf-system/tomcat/apache-tomcat-9.0.82/webapps/blog-cms.war] has finished in [150] ms
24-Sep-2025 00:10:07.373 INFO [main] org.apache.catalina.startup.HostConfig.deployWAR Deploying web application archive [/Users/majjipradeepkumar/Downloads/WAF/Sample-apps-for-training-a-transformer-based-WAF-pipleline/waf-system/tomcat/apache-tomcat-9.0.82/webapps/rest-api.war]
24-Sep-2025 00:10:07.373 INFO [main] org.apache.catalina.startup.ExpandWar.expand An expanded directory [/Users/majjipradeepkumar/Downloads/WAF/Sample-apps-for-training-a-transformer-based-WAF-pipleline/waf-system/tomcat/apache-tomcat-9.0.82/webapps/rest-api] was found with a last modified time that did not match the associated WAR. It will be deleted.
24-Sep-2025 00:10:07.419 INFO [main] org.apache.jasper.servlet.TldScanner.scanJars At least one JAR was scanned for TLDs yet contained no TLDs. Enable debug logging for this logger for a complete list of JARs that were scanned but no TLDs were found in them. Skipping unneeded JARs during scanning can improve startup time and JSP compilation time.
24-Sep-2025 00:10:07.422 INFO [main] org.apache.catalina.startup.HostConfig.deployWAR Deployment of web application archive [/Users/majjipradeepkumar/Downloads/WAF/Sample-apps-for-training-a-transformer-based-WAF-pipleline/waf-system/tomcat/apache-tomcat-9.0.82/webapps/rest-api.war] has finished in [49] ms
24-Sep-2025 00:10:07.423 INFO [main] org.apache.catalina.startup.HostConfig.deployWAR Deploying web application archive [/Users/majjipradeepkumar/Downloads/WAF/Sample-apps-for-training-a-transformer-based-WAF-pipleline/waf-system/tomcat/apache-tomcat-9.0.82/webapps/ecommerce.war]
24-Sep-2025 00:10:07.424 INFO [main] org.apache.catalina.startup.ExpandWar.expand An expanded directory [/Users/majjipradeepkumar/Downloads/WAF/Sample-apps-for-training-a-transformer-based-WAF-pipleline/waf-system/tomcat/apache-tomcat-9.0.82/webapps/ecommerce] was found with a last modified time that did not match the associated WAR. It will be deleted.
24-Sep-2025 00:10:07.479 INFO [main] org.apache.jasper.servlet.TldScanner.scanJars At least one JAR was scanned for TLDs yet contained no TLDs. Enable debug logging for this logger for a complete list of JARs that were scanned but no TLDs were found in them. Skipping unneeded JARs during scanning can improve startup time and JSP compilation time.
24-Sep-2025 00:10:07.483 INFO [main] org.apache.catalina.startup.HostConfig.deployWAR Deployment of web application archive [/Users/majjipradeepkumar/Downloads/WAF/Sample-apps-for-training-a-transformer-based-WAF-pipleline/waf-system/tomcat/apache-tomcat-9.0.82/webapps/ecommerce.war] has finished in [60] ms
24-Sep-2025 00:10:07.483 INFO [main] org.apache.catalina.startup.HostConfig.deployDirectory Deploying web application directory [/Users/majjipradeepkumar/Downloads/WAF/Sample-apps-for-training-a-transformer-based-WAF-pipleline/waf-system/tomcat/apache-tomcat-9.0.82/webapps/docs]
24-Sep-2025 00:10:07.490 INFO [main] org.apache.catalina.startup.HostConfig.deployDirectory Deployment of web application directory [/Users/majjipradeepkumar/Downloads/WAF/Sample-apps-for-training-a-transformer-based-WAF-pipleline/waf-system/tomcat/apache-tomcat-9.0.82/webapps/docs] has finished in [7] ms
24-Sep-2025 00:10:07.490 INFO [main] org.apache.catalina.startup.HostConfig.deployDirectory Deploying web application directory [/Users/majjipradeepkumar/Downloads/WAF/Sample-apps-for-training-a-transformer-based-WAF-pipleline/waf-system/tomcat/apache-tomcat-9.0.82/webapps/manager]
24-Sep-2025 00:10:07.498 INFO [main] org.apache.catalina.startup.HostConfig.deployDirectory Deployment of web application directory [/Users/majjipradeepkumar/Downloads/WAF/Sample-apps-for-training-a-transformer-based-WAF-pipleline/waf-system/tomcat/apache-tomcat-9.0.82/webapps/manager] has finished in [8] ms
24-Sep-2025 00:10:07.498 INFO [main] org.apache.catalina.startup.HostConfig.deployDirectory Deploying web application directory [/Users/majjipradeepkumar/Downloads/WAF/Sample-apps-for-training-a-transformer-based-WAF-pipleline/waf-system/tomcat/apache-tomcat-9.0.82/webapps/examples]
24-Sep-2025 00:10:07.554 INFO [main] org.apache.catalina.startup.HostConfig.deployDirectory Deployment of web application directory [/Users/majjipradeepkumar/Downloads/WAF/Sample-apps-for-training-a-transformer-based-WAF-pipleline/waf-system/tomcat/apache-tomcat-9.0.82/webapps/examples] has finished in [56] ms
24-Sep-2025 00:10:07.554 INFO [main] org.apache.catalina.startup.HostConfig.deployDirectory Deploying web application directory [/Users/majjipradeepkumar/Downloads/WAF/Sample-apps-for-training-a-transformer-based-WAF-pipleline/waf-system/tomcat/apache-tomcat-9.0.82/webapps/ROOT]
24-Sep-2025 00:10:07.558 INFO [main] org.apache.catalina.startup.HostConfig.deployDirectory Deployment of web application directory [/Users/majjipradeepkumar/Downloads/WAF/Sample-apps-for-training-a-transformer-based-WAF-pipleline/waf-system/tomcat/apache-tomcat-9.0.82/webapps/ROOT] has finished in [4] ms
24-Sep-2025 00:10:07.558 INFO [main] org.apache.catalina.startup.HostConfig.deployDirectory Deploying web application directory [/Users/majjipradeepkumar/Downloads/WAF/Sample-apps-for-training-a-transformer-based-WAF-pipleline/waf-system/tomcat/apache-tomcat-9.0.82/webapps/host-manager]
24-Sep-2025 00:10:07.562 INFO [main] org.apache.catalina.startup.HostConfig.deployDirectory Deployment of web application directory [/Users/majjipradeepkumar/Downloads/WAF/Sample-apps-for-training-a-transformer-based-WAF-pipleline/waf-system/tomcat/apache-tomcat-9.0.82/webapps/host-manager] has finished in [4] ms
24-Sep-2025 00:10:07.564 INFO [main] org.apache.coyote.AbstractProtocol.start Starting ProtocolHandler ["http-nio-8080"]
24-Sep-2025 00:10:07.568 INFO [main] org.apache.catalina.startup.Catalina.start Server startup in [360] milliseconds
24-Sep-2025 06:55:22.239 INFO [main] org.apache.catalina.core.StandardServer.await A valid shutdown command was received via the shutdown port. Stopping the Server instance.
24-Sep-2025 06:55:22.240 INFO [main] org.apache.coyote.AbstractProtocol.pause Pausing ProtocolHandler ["http-nio-8080"]
24-Sep-2025 06:55:22.242 INFO [main] org.apache.catalina.core.StandardService.stopInternal Stopping service [Catalina]
24-Sep-2025 06:55:22.254 INFO [main] org.apache.coyote.AbstractProtocol.stop Stopping ProtocolHandler ["http-nio-8080"]
24-Sep-2025 06:55:22.268 INFO [main] org.apache.coyote.AbstractProtocol.destroy Destroying ProtocolHandler ["http-nio-8080"]
24-Sep-2025 06:55:27.423 INFO [main] org.apache.catalina.startup.VersionLoggerListener.log Server version name:   Apache Tomcat/9.0.82
24-Sep-2025 06:55:27.425 INFO [main] org.apache.catalina.startup.VersionLoggerListener.log Server built:          Oct 11 2023 13:15:08 UTC
24-Sep-2025 06:55:27.426 INFO [main] org.apache.catalina.startup.VersionLoggerListener.log Server version number: 9.0.82.0
24-Sep-2025 06:55:27.426 INFO [main] org.apache.catalina.startup.VersionLoggerListener.log OS Name:               Mac OS X
24-Sep-2025 06:55:27.426 INFO [main] org.apache.catalina.startup.VersionLoggerListener.log OS Version:            15.6.1
24-Sep-2025 06:55:27.426 INFO [main] org.apache.catalina.startup.VersionLoggerListener.log Architecture:          aarch64
24-Sep-2025 06:55:27.426 INFO [main] org.apache.catalina.startup.VersionLoggerListener.log Java Home:             /Library/Internet Plug-Ins/JavaAppletPlugin.plugin/Contents/Home
24-Sep-2025 06:55:27.426 INFO [main] org.apache.catalina.startup.VersionLoggerListener.log JVM Version:           1.8.0_461-b11
24-Sep-2025 06:55:27.426 INFO [main] org.apache.catalina.startup.VersionLoggerListener.log JVM Vendor:            Oracle Corporation
24-Sep-2025 06:55:27.426 INFO [main] org.apache.catalina.startup.VersionLoggerListener.log CATALINA_BASE:         /Users/majjipradeepkumar/Downloads/WAF/Sample-apps-for-training-a-transformer-based-WAF-pipleline/waf-system/tomcat/apache-tomcat-9.0.82
24-Sep-2025 06:55:27.426 INFO [main] org.apache.catalina.startup.VersionLoggerListener.log CATALINA_HOME:         /Users/majjipradeepkumar/Downloads/WAF/Sample-apps-for-training-a-transformer-based-WAF-pipleline/waf-system/tomcat/apache-tomcat-9.0.82
24-Sep-2025 06:55:27.429 INFO [main] org.apache.catalina.startup.VersionLoggerListener.log Command line argument: -Djava.util.logging.config.file=/Users/majjipradeepkumar/Downloads/WAF/Sample-apps-for-training-a-transformer-based-WAF-pipleline/waf-system/tomcat/current/conf/logging.properties
24-Sep-2025 06:55:27.429 INFO [main] org.apache.catalina.startup.VersionLoggerListener.log Command line argument: -Djava.util.logging.manager=org.apache.juli.ClassLoaderLogManager
24-Sep-2025 06:55:27.429 INFO [main] org.apache.catalina.startup.VersionLoggerListener.log Command line argument: -Djdk.tls.ephemeralDHKeySize=2048
24-Sep-2025 06:55:27.429 INFO [main] org.apache.catalina.startup.VersionLoggerListener.log Command line argument: -Djava.protocol.handler.pkgs=org.apache.catalina.webresources
24-Sep-2025 06:55:27.429 INFO [main] org.apache.catalina.startup.VersionLoggerListener.log Command line argument: -Dorg.apache.catalina.security.SecurityListener.UMASK=0027
24-Sep-2025 06:55:27.429 INFO [main] org.apache.catalina.startup.VersionLoggerListener.log Command line argument: -Dignore.endorsed.dirs=
24-Sep-2025 06:55:27.429 INFO [main] org.apache.catalina.startup.VersionLoggerListener.log Command line argument: -Dcatalina.base=/Users/majjipradeepkumar/Downloads/WAF/Sample-apps-for-training-a-transformer-based-WAF-pipleline/waf-system/tomcat/current
24-Sep-2025 06:55:27.429 INFO [main] org.apache.catalina.startup.VersionLoggerListener.log Command line argument: -Dcatalina.home=/Users/majjipradeepkumar/Downloads/WAF/Sample-apps-for-training-a-transformer-based-WAF-pipleline/waf-system/tomcat/current
24-Sep-2025 06:55:27.429 INFO [main] org.apache.catalina.startup.VersionLoggerListener.log Command line argument: -Djava.io.tmpdir=/Users/majjipradeepkumar/Downloads/WAF/Sample-apps-for-training-a-transformer-based-WAF-pipleline/waf-system/tomcat/current/temp
24-Sep-2025 06:55:27.435 INFO [main] org.apache.catalina.core.AprLifecycleListener.lifecycleEvent The Apache Tomcat Native library which allows using OpenSSL was not found on the java.library.path: [/Users/majjipradeepkumar/Library/Java/Extensions:/Library/Java/Extensions:/Network/Library/Java/Extensions:/System/Library/Java/Extensions:/usr/lib/java:.]
24-Sep-2025 06:55:27.584 INFO [main] org.apache.coyote.AbstractProtocol.init Initializing ProtocolHandler ["http-nio-8080"]
24-Sep-2025 06:55:27.596 INFO [main] org.apache.catalina.startup.Catalina.load Server initialization in [232] milliseconds
24-Sep-2025 06:55:27.610 INFO [main] org.apache.catalina.core.StandardService.startInternal Starting service [Catalina]
24-Sep-2025 06:55:27.610 INFO [main] org.apache.catalina.core.StandardEngine.startInternal Starting Servlet engine: [Apache Tomcat/9.0.82]
24-Sep-2025 06:55:27.615 INFO [main] org.apache.catalina.startup.HostConfig.deployWAR Deploying web application archive [/Users/majjipradeepkumar/Downloads/WAF/Sample-apps-for-training-a-transformer-based-WAF-pipleline/waf-system/tomcat/apache-tomcat-9.0.82/webapps/blog-cms.war]
24-Sep-2025 06:55:27.621 INFO [main] org.apache.catalina.startup.ExpandWar.expand An expanded directory [/Users/majjipradeepkumar/Downloads/WAF/Sample-apps-for-training-a-transformer-based-WAF-pipleline/waf-system/tomcat/apache-tomcat-9.0.82/webapps/blog-cms] was found with a last modified time that did not match the associated WAR. It will be deleted.
24-Sep-2025 06:55:27.775 INFO [main] org.apache.jasper.servlet.TldScanner.scanJars At least one JAR was scanned for TLDs yet contained no TLDs. Enable debug logging for this logger for a complete list of JARs that were scanned but no TLDs were found in them. Skipping unneeded JARs during scanning can improve startup time and JSP compilation time.
24-Sep-2025 06:55:27.792 INFO [main] org.apache.catalina.startup.HostConfig.deployWAR Deployment of web application archive [/Users/majjipradeepkumar/Downloads/WAF/Sample-apps-for-training-a-transformer-based-WAF-pipleline/waf-system/tomcat/apache-tomcat-9.0.82/webapps/blog-cms.war] has finished in [176] ms
24-Sep-2025 06:55:27.794 INFO [main] org.apache.catalina.startup.HostConfig.deployWAR Deploying web application archive [/Users/majjipradeepkumar/Downloads/WAF/Sample-apps-for-training-a-transformer-based-WAF-pipleline/waf-system/tomcat/apache-tomcat-9.0.82/webapps/rest-api.war]
24-Sep-2025 06:55:27.795 INFO [main] org.apache.catalina.startup.ExpandWar.expand An expanded directory [/Users/majjipradeepkumar/Downloads/WAF/Sample-apps-for-training-a-transformer-based-WAF-pipleline/waf-system/tomcat/apache-tomcat-9.0.82/webapps/rest-api] was found with a last modified time that did not match the associated WAR. It will be deleted.
24-Sep-2025 06:55:27.837 INFO [main] org.apache.jasper.servlet.TldScanner.scanJars At least one JAR was scanned for TLDs yet contained no TLDs. Enable debug logging for this logger for a complete list of JARs that were scanned but no TLDs were found in them. Skipping unneeded JARs during scanning can improve startup time and JSP compilation time.
24-Sep-2025 06:55:27.840 INFO [main] org.apache.catalina.startup.HostConfig.deployWAR Deployment of web application archive [/Users/majjipradeepkumar/Downloads/WAF/Sample-apps-for-training-a-transformer-based-WAF-pipleline/waf-system/tomcat/apache-tomcat-9.0.82/webapps/rest-api.war] has finished in [46] ms
24-Sep-2025 06:55:27.841 INFO [main] org.apache.catalina.startup.HostConfig.deployWAR Deploying web application archive [/Users/majjipradeepkumar/Downloads/WAF/Sample-apps-for-training-a-transformer-based-WAF-pipleline/waf-system/tomcat/apache-tomcat-9.0.82/webapps/ecommerce.war]
24-Sep-2025 06:55:27.842 INFO [main] org.apache.catalina.startup.ExpandWar.expand An expanded directory [/Users/majjipradeepkumar/Downloads/WAF/Sample-apps-for-training-a-transformer-based-WAF-pipleline/waf-system/tomcat/apache-tomcat-9.0.82/webapps/ecommerce] was found with a last modified time that did not match the associated WAR. It will be deleted.
24-Sep-2025 06:55:27.898 INFO [main] org.apache.jasper.servlet.TldScanner.scanJars At least one JAR was scanned for TLDs yet contained no TLDs. Enable debug logging for this logger for a complete list of JARs that were scanned but no TLDs were found in them. Skipping unneeded JARs during scanning can improve startup time and JSP compilation time.
24-Sep-2025 06:55:27.902 INFO [main] org.apache.catalina.startup.HostConfig.deployWAR Deployment of web application archive [/Users/majjipradeepkumar/Downloads/WAF/Sample-apps-for-training-a-transformer-based-WAF-pipleline/waf-system/tomcat/apache-tomcat-9.0.82/webapps/ecommerce.war] has finished in [61] ms
24-Sep-2025 06:55:27.903 INFO [main] org.apache.catalina.startup.HostConfig.deployDirectory Deploying web application directory [/Users/majjipradeepkumar/Downloads/WAF/Sample-apps-for-training-a-transformer-based-WAF-pipleline/waf-system/tomcat/apache-tomcat-9.0.82/webapps/docs]
24-Sep-2025 06:55:27.911 INFO [main] org.apache.catalina.startup.HostConfig.deployDirectory Deployment of web application directory [/Users/majjipradeepkumar/Downloads/WAF/Sample-apps-for-training-a-transformer-based-WAF-pipleline/waf-system/tomcat/apache-tomcat-9.0.82/webapps/docs] has finished in [8] ms
24-Sep-2025 06:55:27.911 INFO [main] org.apache.catalina.startup.HostConfig.deployDirectory Deploying web application directory [/Users/majjipradeepkumar/Downloads/WAF/Sample-apps-for-training-a-transformer-based-WAF-pipleline/waf-system/tomcat/apache-tomcat-9.0.82/webapps/manager]
24-Sep-2025 06:55:27.922 INFO [main] org.apache.catalina.startup.HostConfig.deployDirectory Deployment of web application directory [/Users/majjipradeepkumar/Downloads/WAF/Sample-apps-for-training-a-transformer-based-WAF-pipleline/waf-system/tomcat/apache-tomcat-9.0.82/webapps/manager] has finished in [10] ms
24-Sep-2025 06:55:27.922 INFO [main] org.apache.catalina.startup.HostConfig.deployDirectory Deploying web application directory [/Users/majjipradeepkumar/Downloads/WAF/Sample-apps-for-training-a-transformer-based-WAF-pipleline/waf-system/tomcat/apache-tomcat-9.0.82/webapps/examples]
24-Sep-2025 06:55:27.987 INFO [main] org.apache.catalina.startup.HostConfig.deployDirectory Deployment of web application directory [/Users/majjipradeepkumar/Downloads/WAF/Sample-apps-for-training-a-transformer-based-WAF-pipleline/waf-system/tomcat/apache-tomcat-9.0.82/webapps/examples] has finished in [65] ms
24-Sep-2025 06:55:27.987 INFO [main] org.apache.catalina.startup.HostConfig.deployDirectory Deploying web application directory [/Users/majjipradeepkumar/Downloads/WAF/Sample-apps-for-training-a-transformer-based-WAF-pipleline/waf-system/tomcat/apache-tomcat-9.0.82/webapps/ROOT]
24-Sep-2025 06:55:27.992 INFO [main] org.apache.catalina.startup.HostConfig.deployDirectory Deployment of web application directory [/Users/majjipradeepkumar/Downloads/WAF/Sample-apps-for-training-a-transformer-based-WAF-pipleline/waf-system/tomcat/apache-tomcat-9.0.82/webapps/ROOT] has finished in [5] ms
24-Sep-2025 06:55:27.992 INFO [main] org.apache.catalina.startup.HostConfig.deployDirectory Deploying web application directory [/Users/majjipradeepkumar/Downloads/WAF/Sample-apps-for-training-a-transformer-based-WAF-pipleline/waf-system/tomcat/apache-tomcat-9.0.82/webapps/host-manager]
24-Sep-2025 06:55:27.999 INFO [main] org.apache.catalina.startup.HostConfig.deployDirectory Deployment of web application directory [/Users/majjipradeepkumar/Downloads/WAF/Sample-apps-for-training-a-transformer-based-WAF-pipleline/waf-system/tomcat/apache-tomcat-9.0.82/webapps/host-manager] has finished in [7] ms
24-Sep-2025 06:55:28.000 INFO [main] org.apache.coyote.AbstractProtocol.start Starting ProtocolHandler ["http-nio-8080"]
24-Sep-2025 06:55:28.004 INFO [main] org.apache.catalina.startup.Catalina.start Server startup in [407] milliseconds
24-Sep-2025 06:57:29.201 INFO [main] org.apache.catalina.core.StandardServer.await A valid shutdown command was received via the shutdown port. Stopping the Server instance.
24-Sep-2025 06:57:29.202 INFO [main] org.apache.coyote.AbstractProtocol.pause Pausing ProtocolHandler ["http-nio-8080"]
24-Sep-2025 06:57:29.204 INFO [main] org.apache.catalina.core.StandardService.stopInternal Stopping service [Catalina]
24-Sep-2025 06:57:29.217 INFO [main] org.apache.coyote.AbstractProtocol.stop Stopping ProtocolHandler ["http-nio-8080"]
24-Sep-2025 06:57:29.229 INFO [main] org.apache.coyote.AbstractProtocol.destroy Destroying ProtocolHandler ["http-nio-8080"]
24-Sep-2025 06:57:34.404 INFO [main] org.apache.catalina.startup.VersionLoggerListener.log Server version name:   Apache Tomcat/9.0.82
24-Sep-2025 06:57:34.405 INFO [main] org.apache.catalina.startup.VersionLoggerListener.log Server built:          Oct 11 2023 13:15:08 UTC
24-Sep-2025 06:57:34.405 INFO [main] org.apache.catalina.startup.VersionLoggerListener.log Server version number: 9.0.82.0
24-Sep-2025 06:57:34.405 INFO [main] org.apache.catalina.startup.VersionLoggerListener.log OS Name:               Mac OS X
24-Sep-2025 06:57:34.405 INFO [main] org.apache.catalina.startup.VersionLoggerListener.log OS Version:            15.6.1
24-Sep-2025 06:57:34.405 INFO [main] org.apache.catalina.startup.VersionLoggerListener.log Architecture:          aarch64
24-Sep-2025 06:57:34.405 INFO [main] org.apache.catalina.startup.VersionLoggerListener.log Java Home:             /Library/Internet Plug-Ins/JavaAppletPlugin.plugin/Contents/Home
24-Sep-2025 06:57:34.405 INFO [main] org.apache.catalina.startup.VersionLoggerListener.log JVM Version:           1.8.0_461-b11
24-Sep-2025 06:57:34.405 INFO [main] org.apache.catalina.startup.VersionLoggerListener.log JVM Vendor:            Oracle Corporation
24-Sep-2025 06:57:34.405 INFO [main] org.apache.catalina.startup.VersionLoggerListener.log CATALINA_BASE:         /Users/majjipradeepkumar/Downloads/WAF/Sample-apps-for-training-a-transformer-based-WAF-pipleline/waf-system/tomcat/apache-tomcat-9.0.82
24-Sep-2025 06:57:34.405 INFO [main] org.apache.catalina.startup.VersionLoggerListener.log CATALINA_HOME:         /Users/majjipradeepkumar/Downloads/WAF/Sample-apps-for-training-a-transformer-based-WAF-pipleline/waf-system/tomcat/apache-tomcat-9.0.82
24-Sep-2025 06:57:34.407 INFO [main] org.apache.catalina.startup.VersionLoggerListener.log Command line argument: -Djava.util.logging.config.file=/Users/majjipradeepkumar/Downloads/WAF/Sample-apps-for-training-a-transformer-based-WAF-pipleline/waf-system/tomcat/current/conf/logging.properties
24-Sep-2025 06:57:34.407 INFO [main] org.apache.catalina.startup.VersionLoggerListener.log Command line argument: -Djava.util.logging.manager=org.apache.juli.ClassLoaderLogManager
24-Sep-2025 06:57:34.407 INFO [main] org.apache.catalina.startup.VersionLoggerListener.log Command line argument: -Djdk.tls.ephemeralDHKeySize=2048
24-Sep-2025 06:57:34.407 INFO [main] org.apache.catalina.startup.VersionLoggerListener.log Command line argument: -Djava.protocol.handler.pkgs=org.apache.catalina.webresources
24-Sep-2025 06:57:34.407 INFO [main] org.apache.catalina.startup.VersionLoggerListener.log Command line argument: -Dorg.apache.catalina.security.SecurityListener.UMASK=0027
24-Sep-2025 06:57:34.407 INFO [main] org.apache.catalina.startup.VersionLoggerListener.log Command line argument: -Dignore.endorsed.dirs=
24-Sep-2025 06:57:34.407 INFO [main] org.apache.catalina.startup.VersionLoggerListener.log Command line argument: -Dcatalina.base=/Users/majjipradeepkumar/Downloads/WAF/Sample-apps-for-training-a-transformer-based-WAF-pipleline/waf-system/tomcat/current
24-Sep-2025 06:57:34.407 INFO [main] org.apache.catalina.startup.VersionLoggerListener.log Command line argument: -Dcatalina.home=/Users/majjipradeepkumar/Downloads/WAF/Sample-apps-for-training-a-transformer-based-WAF-pipleline/waf-system/tomcat/current
24-Sep-2025 06:57:34.407 INFO [main] org.apache.catalina.startup.VersionLoggerListener.log Command line argument: -Djava.io.tmpdir=/Users/majjipradeepkumar/Downloads/WAF/Sample-apps-for-training-a-transformer-based-WAF-pipleline/waf-system/tomcat/current/temp
24-Sep-2025 06:57:34.411 INFO [main] org.apache.catalina.core.AprLifecycleListener.lifecycleEvent The Apache Tomcat Native library which allows using OpenSSL was not found on the java.library.path: [/Users/majjipradeepkumar/Library/Java/Extensions:/Library/Java/Extensions:/Network/Library/Java/Extensions:/System/Library/Java/Extensions:/usr/lib/java:.]
24-Sep-2025 06:57:34.540 INFO [main] org.apache.coyote.AbstractProtocol.init Initializing ProtocolHandler ["http-nio-8080"]
24-Sep-2025 06:57:34.550 INFO [main] org.apache.catalina.startup.Catalina.load Server initialization in [198] milliseconds
24-Sep-2025 06:57:34.560 INFO [main] org.apache.catalina.core.StandardService.startInternal Starting service [Catalina]
24-Sep-2025 06:57:34.560 INFO [main] org.apache.catalina.core.StandardEngine.startInternal Starting Servlet engine: [Apache Tomcat/9.0.82]
24-Sep-2025 06:57:34.565 INFO [main] org.apache.catalina.startup.HostConfig.deployWAR Deploying web application archive [/Users/majjipradeepkumar/Downloads/WAF/Sample-apps-for-training-a-transformer-based-WAF-pipleline/waf-system/tomcat/apache-tomcat-9.0.82/webapps/blog-cms.war]
24-Sep-2025 06:57:34.571 INFO [main] org.apache.catalina.startup.ExpandWar.expand An expanded directory [/Users/majjipradeepkumar/Downloads/WAF/Sample-apps-for-training-a-transformer-based-WAF-pipleline/waf-system/tomcat/apache-tomcat-9.0.82/webapps/blog-cms] was found with a last modified time that did not match the associated WAR. It will be deleted.
24-Sep-2025 06:57:34.731 INFO [main] org.apache.jasper.servlet.TldScanner.scanJars At least one JAR was scanned for TLDs yet contained no TLDs. Enable debug logging for this logger for a complete list of JARs that were scanned but no TLDs were found in them. Skipping unneeded JARs during scanning can improve startup time and JSP compilation time.
24-Sep-2025 06:57:34.745 INFO [main] org.apache.catalina.startup.HostConfig.deployWAR Deployment of web application archive [/Users/majjipradeepkumar/Downloads/WAF/Sample-apps-for-training-a-transformer-based-WAF-pipleline/waf-system/tomcat/apache-tomcat-9.0.82/webapps/blog-cms.war] has finished in [180] ms
24-Sep-2025 06:57:34.746 INFO [main] org.apache.catalina.startup.HostConfig.deployWAR Deploying web application archive [/Users/majjipradeepkumar/Downloads/WAF/Sample-apps-for-training-a-transformer-based-WAF-pipleline/waf-system/tomcat/apache-tomcat-9.0.82/webapps/rest-api.war]
24-Sep-2025 06:57:34.746 INFO [main] org.apache.catalina.startup.ExpandWar.expand An expanded directory [/Users/majjipradeepkumar/Downloads/WAF/Sample-apps-for-training-a-transformer-based-WAF-pipleline/waf-system/tomcat/apache-tomcat-9.0.82/webapps/rest-api] was found with a last modified time that did not match the associated WAR. It will be deleted.
24-Sep-2025 06:57:34.785 INFO [main] org.apache.jasper.servlet.TldScanner.scanJars At least one JAR was scanned for TLDs yet contained no TLDs. Enable debug logging for this logger for a complete list of JARs that were scanned but no TLDs were found in them. Skipping unneeded JARs during scanning can improve startup time and JSP compilation time.
24-Sep-2025 06:57:34.794 INFO [main] org.apache.catalina.startup.HostConfig.deployWAR Deployment of web application archive [/Users/majjipradeepkumar/Downloads/WAF/Sample-apps-for-training-a-transformer-based-WAF-pipleline/waf-system/tomcat/apache-tomcat-9.0.82/webapps/rest-api.war] has finished in [48] ms
24-Sep-2025 06:57:34.794 INFO [main] org.apache.catalina.startup.HostConfig.deployWAR Deploying web application archive [/Users/majjipradeepkumar/Downloads/WAF/Sample-apps-for-training-a-transformer-based-WAF-pipleline/waf-system/tomcat/apache-tomcat-9.0.82/webapps/ecommerce.war]
24-Sep-2025 06:57:34.795 INFO [main] org.apache.catalina.startup.ExpandWar.expand An expanded directory [/Users/majjipradeepkumar/Downloads/WAF/Sample-apps-for-training-a-transformer-based-WAF-pipleline/waf-system/tomcat/apache-tomcat-9.0.82/webapps/ecommerce] was found with a last modified time that did not match the associated WAR. It will be deleted.
24-Sep-2025 06:57:34.857 INFO [main] org.apache.jasper.servlet.TldScanner.scanJars At least one JAR was scanned for TLDs yet contained no TLDs. Enable debug logging for this logger for a complete list of JARs that were scanned but no TLDs were found in them. Skipping unneeded JARs during scanning can improve startup time and JSP compilation time.
24-Sep-2025 06:57:34.862 INFO [main] org.apache.catalina.startup.HostConfig.deployWAR Deployment of web application archive [/Users/majjipradeepkumar/Downloads/WAF/Sample-apps-for-training-a-transformer-based-WAF-pipleline/waf-system/tomcat/apache-tomcat-9.0.82/webapps/ecommerce.war] has finished in [68] ms
24-Sep-2025 06:57:34.862 INFO [main] org.apache.catalina.startup.HostConfig.deployDirectory Deploying web application directory [/Users/majjipradeepkumar/Downloads/WAF/Sample-apps-for-training-a-transformer-based-WAF-pipleline/waf-system/tomcat/apache-tomcat-9.0.82/webapps/docs]
24-Sep-2025 06:57:34.869 INFO [main] org.apache.catalina.startup.HostConfig.deployDirectory Deployment of web application directory [/Users/majjipradeepkumar/Downloads/WAF/Sample-apps-for-training-a-transformer-based-WAF-pipleline/waf-system/tomcat/apache-tomcat-9.0.82/webapps/docs] has finished in [7] ms
24-Sep-2025 06:57:34.870 INFO [main] org.apache.catalina.startup.HostConfig.deployDirectory Deploying web application directory [/Users/majjipradeepkumar/Downloads/WAF/Sample-apps-for-training-a-transformer-based-WAF-pipleline/waf-system/tomcat/apache-tomcat-9.0.82/webapps/manager]
24-Sep-2025 06:57:34.880 INFO [main] org.apache.catalina.startup.HostConfig.deployDirectory Deployment of web application directory [/Users/majjipradeepkumar/Downloads/WAF/Sample-apps-for-training-a-transformer-based-WAF-pipleline/waf-system/tomcat/apache-tomcat-9.0.82/webapps/manager] has finished in [10] ms
24-Sep-2025 06:57:34.880 INFO [main] org.apache.catalina.startup.HostConfig.deployDirectory Deploying web application directory [/Users/majjipradeepkumar/Downloads/WAF/Sample-apps-for-training-a-transformer-based-WAF-pipleline/waf-system/tomcat/apache-tomcat-9.0.82/webapps/examples]
24-Sep-2025 06:57:34.945 INFO [main] org.apache.catalina.startup.HostConfig.deployDirectory Deployment of web application directory [/Users/majjipradeepkumar/Downloads/WAF/Sample-apps-for-training-a-transformer-based-WAF-pipleline/waf-system/tomcat/apache-tomcat-9.0.82/webapps/examples] has finished in [65] ms
24-Sep-2025 06:57:34.945 INFO [main] org.apache.catalina.startup.HostConfig.deployDirectory Deploying web application directory [/Users/majjipradeepkumar/Downloads/WAF/Sample-apps-for-training-a-transformer-based-WAF-pipleline/waf-system/tomcat/apache-tomcat-9.0.82/webapps/ROOT]
24-Sep-2025 06:57:34.951 INFO [main] org.apache.catalina.startup.HostConfig.deployDirectory Deployment of web application directory [/Users/majjipradeepkumar/Downloads/WAF/Sample-apps-for-training-a-transformer-based-WAF-pipleline/waf-system/tomcat/apache-tomcat-9.0.82/webapps/ROOT] has finished in [6] ms
24-Sep-2025 06:57:34.951 INFO [main] org.apache.catalina.startup.HostConfig.deployDirectory Deploying web application directory [/Users/majjipradeepkumar/Downloads/WAF/Sample-apps-for-training-a-transformer-based-WAF-pipleline/waf-system/tomcat/apache-tomcat-9.0.82/webapps/host-manager]
24-Sep-2025 06:57:34.958 INFO [main] org.apache.catalina.startup.HostConfig.deployDirectory Deployment of web application directory [/Users/majjipradeepkumar/Downloads/WAF/Sample-apps-for-training-a-transformer-based-WAF-pipleline/waf-system/tomcat/apache-tomcat-9.0.82/webapps/host-manager] has finished in [7] ms
24-Sep-2025 06:57:34.961 INFO [main] org.apache.coyote.AbstractProtocol.start Starting ProtocolHandler ["http-nio-8080"]
24-Sep-2025 06:57:34.964 INFO [main] org.apache.catalina.startup.Catalina.start Server startup in [414] milliseconds
