Generated request: 404 http://localhost:8080/blog-cms/index.jsp
Generated request: 404 http://localhost:8080/blog-cms/index.jsp
Generated request: 404 http://localhost:8080/rest-api/login
Generated request: 404 http://localhost:8080/blog-cms/admin
Generated request: 404 http://localhost:8080/rest-api/cart
Generated request: 404 http://localhost:8080/blog-cms/api/tasks
Generated request: 404 http://localhost:8080/ecommerce/users
Generated request: 404 http://localhost:8080/ecommerce/search?q=test
Generated request: 404 http://localhost:8080/ecommerce/api/users
Generated request: 404 http://localhost:8080/rest-api/cart
Generated request: 404 http://localhost:8080/ecommerce/login
Generated request: 404 http://localhost:8080/rest-api/posts
Generated request: 404 http://localhost:8080/blog-cms/posts
Generated request: 404 http://localhost:8080/ecommerce/api/users
Generated request: 404 http://localhost:8080/rest-api/cart
Generated request: 200 http://localhost:8080/ecommerce/
Generated request: 404 http://localhost:8080/rest-api/cart
Generated request: 200 http://localhost:8080/rest-api/
Generated request: 404 http://localhost:8080/blog-cms/search?q=test
Generated request: 500 http://localhost:8080/rest-api/api/tasks
Generated request: 404 http://localhost:8080/ecommerce/products
Generated request: 404 http://localhost:8080/rest-api/login
Generated request: 200 http://localhost:8080/rest-api/index.jsp
Generated request: 404 http://localhost:8080/blog-cms/index.jsp
Generated request: 404 http://localhost:8080/rest-api/login
Generated request: 404 http://localhost:8080/rest-api/api/tasks
Generated request: 404 http://localhost:8080/rest-api/api/users
Generated request: 404 http://localhost:8080/rest-api/api/users
Generated request: 404 http://localhost:8080/ecommerce/api/users
Generated request: 404 http://localhost:8080/blog-cms/login
Generated request: 404 http://localhost:8080/rest-api/login
Generated request: 404 http://localhost:8080/rest-api/login
Generated request: 404 http://localhost:8080/ecommerce/cart
Generated request: 404 http://localhost:8080/blog-cms/
Generated request: 404 http://localhost:8080/ecommerce/products
Generated request: 404 http://localhost:8080/ecommerce/login
Generated request: 404 http://localhost:8080/ecommerce/admin
Generated request: 404 http://localhost:8080/blog-cms/admin
Generated request: 200 http://localhost:8080/ecommerce/index.jsp
Generated request: 404 http://localhost:8080/ecommerce/cart
Generated request: 404 http://localhost:8080/blog-cms/posts
Generated request: 200 http://localhost:8080/ecommerce/index.jsp
Generated request: 404 http://localhost:8080/rest-api/api/users
Generated request: 404 http://localhost:8080/ecommerce/search?q=test
Generated request: 404 http://localhost:8080/blog-cms/index.jsp
Generated request: 404 http://localhost:8080/blog-cms/users
Generated request: 404 http://localhost:8080/blog-cms/posts
Generated request: 404 http://localhost:8080/rest-api/cart
Generated request: 404 http://localhost:8080/rest-api/api/tasks
Generated request: 404 http://localhost:8080/blog-cms/api/users
Generated request: 404 http://localhost:8080/blog-cms/index.jsp
Generated request: 404 http://localhost:8080/rest-api/search?q=test
Generated request: 404 http://localhost:8080/ecommerce/api/users
Generated request: 404 http://localhost:8080/rest-api/api/tasks
Generated request: 404 http://localhost:8080/ecommerce/posts
Generated request: 404 http://localhost:8080/rest-api/api/tasks
Generated request: 404 http://localhost:8080/ecommerce/products
Generated request: 404 http://localhost:8080/ecommerce/api/users
Generated request: 404 http://localhost:8080/ecommerce/login
Generated request: 200 http://localhost:8080/rest-api/index.jsp
Generated request: 404 http://localhost:8080/rest-api/admin
Generated request: 404 http://localhost:8080/ecommerce/search?q=test
Generated request: 404 http://localhost:8080/rest-api/cart
Generated request: 404 http://localhost:8080/ecommerce/api/users
Generated request: 404 http://localhost:8080/ecommerce/api/tasks
Generated request: 404 http://localhost:8080/ecommerce/admin
Generated request: 404 http://localhost:8080/ecommerce/users
Generated request: 404 http://localhost:8080/ecommerce/cart
Generated request: 404 http://localhost:8080/blog-cms/index.jsp
Generated request: 404 http://localhost:8080/rest-api/posts
Generated request: 200 http://localhost:8080/rest-api/index.jsp
Generated request: 404 http://localhost:8080/rest-api/products
Generated request: 404 http://localhost:8080/blog-cms/admin
Generated request: 404 http://localhost:8080/blog-cms/cart
Generated request: 404 http://localhost:8080/blog-cms/admin
Generated request: 200 http://localhost:8080/rest-api/index.jsp
Generated request: 404 http://localhost:8080/blog-cms/products
Generated request: 404 http://localhost:8080/rest-api/admin
Generated request: 404 http://localhost:8080/rest-api/search?q=test
Generated request: 404 http://localhost:8080/ecommerce/users
Generated request: 404 http://localhost:8080/rest-api/users
Generated request: 404 http://localhost:8080/rest-api/search?q=test
Generated request: 404 http://localhost:8080/rest-api/users
Generated request: 404 http://localhost:8080/ecommerce/admin
Generated request: 200 http://localhost:8080/ecommerce/index.jsp
Generated request: 404 http://localhost:8080/ecommerce/search?q=test
Generated request: 404 http://localhost:8080/ecommerce/products
Generated request: 404 http://localhost:8080/ecommerce/users
Generated request: 404 http://localhost:8080/rest-api/users
Generated request: 404 http://localhost:8080/rest-api/api/users
Generated request: 404 http://localhost:8080/blog-cms/api/tasks
Generated request: 404 http://localhost:8080/blog-cms/admin
Generated request: 404 http://localhost:8080/ecommerce/products
Generated request: 404 http://localhost:8080/ecommerce/posts
Generated request: 200 http://localhost:8080/ecommerce/
Generated request: 404 http://localhost:8080/rest-api/api/users
Generated request: 404 http://localhost:8080/blog-cms/search?q=test
Generated request: 404 http://localhost:8080/ecommerce/products
Generated request: 404 http://localhost:8080/blog-cms/api/users
Generated request: 404 http://localhost:8080/rest-api/posts
Generated request: 404 http://localhost:8080/blog-cms/api/users
Generated request: 200 http://localhost:8080/ecommerce/
Generated request: 404 http://localhost:8080/rest-api/admin
Generated request: 200 http://localhost:8080/ecommerce/
Generated request: 404 http://localhost:8080/rest-api/login
Generated request: 404 http://localhost:8080/rest-api/admin
Generated request: 404 http://localhost:8080/rest-api/login
Generated request: 200 http://localhost:8080/rest-api/index.jsp
Generated request: 404 http://localhost:8080/blog-cms/cart
Generated request: 404 http://localhost:8080/blog-cms/api/tasks
Generated request: 404 http://localhost:8080/ecommerce/posts
Generated request: 404 http://localhost:8080/blog-cms/admin
Generated request: 404 http://localhost:8080/blog-cms/index.jsp
Generated request: 404 http://localhost:8080/blog-cms/users
Generated request: 404 http://localhost:8080/ecommerce/posts
Generated request: 404 http://localhost:8080/rest-api/admin
Generated request: 200 http://localhost:8080/ecommerce/
Generated request: 404 http://localhost:8080/blog-cms/
Generated request: 404 http://localhost:8080/ecommerce/products
Generated request: 404 http://localhost:8080/ecommerce/products
Generated request: 404 http://localhost:8080/blog-cms/
Generated request: 404 http://localhost:8080/rest-api/cart
Generated request: 200 http://localhost:8080/ecommerce/
Generated request: 404 http://localhost:8080/rest-api/api/tasks
Generated request: 404 http://localhost:8080/blog-cms/api/tasks
Generated request: 404 http://localhost:8080/rest-api/products
Generated request: 404 http://localhost:8080/blog-cms/admin
Generated request: 200 http://localhost:8080/ecommerce/index.jsp
Generated request: 404 http://localhost:8080/rest-api/products
Generated request: 404 http://localhost:8080/ecommerce/posts
Generated request: 404 http://localhost:8080/blog-cms/login
Generated request: 404 http://localhost:8080/rest-api/products
Generated request: 404 http://localhost:8080/rest-api/admin
Generated request: 404 http://localhost:8080/rest-api/login
Generated request: 404 http://localhost:8080/ecommerce/posts
Generated request: 404 http://localhost:8080/ecommerce/search?q=test
Generated request: 404 http://localhost:8080/blog-cms/users
Generated request: 404 http://localhost:8080/rest-api/login
Generated request: 404 http://localhost:8080/blog-cms/users
Generated request: 200 http://localhost:8080/ecommerce/
Generated request: 200 http://localhost:8080/ecommerce/index.jsp
Generated request: 404 http://localhost:8080/blog-cms/index.jsp
Generated request: 404 http://localhost:8080/blog-cms/admin
Generated request: 404 http://localhost:8080/blog-cms/login
Generated request: 404 http://localhost:8080/blog-cms/admin
Generated request: 404 http://localhost:8080/rest-api/products
Generated request: 404 http://localhost:8080/rest-api/users
Generated request: 404 http://localhost:8080/rest-api/cart
Generated request: 404 http://localhost:8080/ecommerce/posts
Generated request: 404 http://localhost:8080/blog-cms/users
Generated request: 404 http://localhost:8080/blog-cms/admin
Generated request: 404 http://localhost:8080/rest-api/admin
Generated request: 404 http://localhost:8080/rest-api/products
Generated request: 404 http://localhost:8080/ecommerce/admin
Generated request: 404 http://localhost:8080/ecommerce/cart
Generated request: 404 http://localhost:8080/ecommerce/login
Generated request: 404 http://localhost:8080/blog-cms/products
Generated request: 404 http://localhost:8080/rest-api/users
Generated request: 404 http://localhost:8080/blog-cms/users
Generated request: 404 http://localhost:8080/ecommerce/search?q=test
Generated request: 404 http://localhost:8080/rest-api/posts
Generated request: 404 http://localhost:8080/ecommerce/users
Generated request: 404 http://localhost:8080/blog-cms/posts
Generated request: 404 http://localhost:8080/blog-cms/cart
Generated request: 404 http://localhost:8080/rest-api/posts
Generated request: 404 http://localhost:8080/rest-api/admin
Generated request: 404 http://localhost:8080/rest-api/search?q=test
Generated request: 404 http://localhost:8080/ecommerce/login
Generated request: 404 http://localhost:8080/blog-cms/login
Generated request: 404 http://localhost:8080/blog-cms/cart
Generated request: 404 http://localhost:8080/rest-api/users
Generated request: 404 http://localhost:8080/ecommerce/api/users
Generated request: 404 http://localhost:8080/ecommerce/admin
Generated request: 404 http://localhost:8080/ecommerce/posts
Generated request: 404 http://localhost:8080/blog-cms/search?q=test
Generated request: 404 http://localhost:8080/ecommerce/posts
Generated request: 404 http://localhost:8080/blog-cms/products
Generated request: 404 http://localhost:8080/blog-cms/posts
Generated request: 404 http://localhost:8080/ecommerce/cart
Generated request: 404 http://localhost:8080/ecommerce/login
Generated request: 200 http://localhost:8080/ecommerce/index.jsp
Generated request: 404 http://localhost:8080/blog-cms/admin
Generated request: 404 http://localhost:8080/ecommerce/search?q=test
Generated request: 404 http://localhost:8080/rest-api/admin
Generated request: 404 http://localhost:8080/ecommerce/api/users
Generated request: 404 http://localhost:8080/rest-api/posts
Generated request: 404 http://localhost:8080/blog-cms/cart
Generated request: 404 http://localhost:8080/ecommerce/api/tasks
Generated request: 404 http://localhost:8080/blog-cms/cart
Generated request: 200 http://localhost:8080/ecommerce/index.jsp
Generated request: 404 http://localhost:8080/rest-api/api/users
Generated request: 404 http://localhost:8080/ecommerce/cart
Generated request: 404 http://localhost:8080/blog-cms/
Generated request: 200 http://localhost:8080/rest-api/index.jsp
Generated request: 404 http://localhost:8080/rest-api/posts
Generated request: 404 http://localhost:8080/rest-api/search?q=test
Generated request: 404 http://localhost:8080/blog-cms/search?q=test
Generated request: 200 http://localhost:8080/ecommerce/
Generated request: 200 http://localhost:8080/ecommerce/
Generated request: 404 http://localhost:8080/ecommerce/posts
Traffic generation completed
