/Users/majjipradeepkumar/Downloads/WAF/Sample-apps-for-training-a-transformer-based-WAF-pipleline/waf-system/ml-pipeline/inference/waf_service.py:585: DeprecationWarning: 
        on_event is deprecated, use lifespan event handlers instead.

        Read more about it in the
        [FastAPI docs for Lifespan Events](https://fastapi.tiangolo.com/advanced/events/).
        
  @app.on_event("startup")
INFO:drain3.template_miner:Starting Drain3 template miner
INFO:     Started server process [61833]
INFO:     Waiting for application startup.
WARNING:waf_service:Model not found at /Users/majjipradeepkumar/Downloads/WAF/Sample-apps-for-training-a-transformer-based-WAF-pipleline/waf-system/data/models/best_model.pt, creating new model
INFO:waf_service:WAF Inference Service initialized
INFO:     Application startup complete.
INFO:     Uvicorn running on http://0.0.0.0:8081 (Press CTRL+C to quit)
INFO:     127.0.0.1:55082 - "GET /health HTTP/1.1" 200 OK
INFO:     127.0.0.1:55131 - "GET /stats HTTP/1.1" 200 OK
INFO:     127.0.0.1:55133 - "GET /train/status HTTP/1.1" 200 OK
INFO:     127.0.0.1:55141 - "GET /stats HTTP/1.1" 200 OK
INFO:     127.0.0.1:55143 - "GET /train/status HTTP/1.1" 200 OK
INFO:     127.0.0.1:55177 - "GET /stats HTTP/1.1" 200 OK
INFO:     127.0.0.1:55179 - "GET /train/status HTTP/1.1" 200 OK
INFO:     127.0.0.1:55181 - "POST /score HTTP/1.1" 200 OK
INFO:     127.0.0.1:55274 - "GET /stats HTTP/1.1" 200 OK
INFO:     127.0.0.1:55276 - "GET /train/status HTTP/1.1" 200 OK
INFO:     127.0.0.1:55294 - "GET /stats HTTP/1.1" 200 OK
INFO:     127.0.0.1:55296 - "GET /train/status HTTP/1.1" 200 OK
INFO:     127.0.0.1:55298 - "POST /score HTTP/1.1" 200 OK
INFO:     127.0.0.1:55318 - "GET /stats HTTP/1.1" 200 OK
INFO:     127.0.0.1:55320 - "GET /train/status HTTP/1.1" 200 OK
INFO:     127.0.0.1:55322 - "POST /score HTTP/1.1" 200 OK
INFO:     127.0.0.1:55345 - "GET /stats HTTP/1.1" 200 OK
INFO:     127.0.0.1:55347 - "GET /train/status HTTP/1.1" 200 OK
INFO:     127.0.0.1:55349 - "POST /score HTTP/1.1" 200 OK
INFO:     127.0.0.1:55364 - "GET /stats HTTP/1.1" 200 OK
INFO:     127.0.0.1:55366 - "GET /train/status HTTP/1.1" 200 OK
INFO:     127.0.0.1:55368 - "POST /score HTTP/1.1" 200 OK
INFO:     127.0.0.1:55448 - "GET /stats HTTP/1.1" 200 OK
INFO:     127.0.0.1:55450 - "GET /train/status HTTP/1.1" 200 OK
INFO:     127.0.0.1:55502 - "GET /stats HTTP/1.1" 200 OK
INFO:     127.0.0.1:55504 - "POST /train_from_logs HTTP/1.1" 200 OK
WARNING:log_processor:Could not parse log line: 
WARNING:log_processor:Could not parse log line: 0:0:0:0:0:0:0:1 - - [23/Sep/2025:23:05:33 +0530] "GET /blog-cms/ HTTP/1.1" 404 - "-" "curl/8.7.1" 8
WARNING:log_processor:Could not parse log line: 0:0:0:0:0:0:0:1 - - [23/Sep/2025:23:05:42 +0530] "HEAD /blog-cms/ HTTP/1.1" 404 - "-" "curl/8.7.1" 3
WARNING:log_processor:Could not parse log line: 0:0:0:0:0:0:0:1 - - [23/Sep/2025:23:05:55 +0530] "HEAD /blog-cms/index.jsp HTTP/1.1" 404 - "-" "curl/8.7.1" 2
WARNING:log_processor:Could not parse log line: 0:0:0:0:0:0:0:1 - - [23/Sep/2025:23:06:01 +0530] "HEAD /blog-cms HTTP/1.1" 302 - "-" "curl/8.7.1" 0
WARNING:log_processor:Could not parse log line: 0:0:0:0:0:0:0:1 - - [23/Sep/2025:23:06:12 +0530] "GET /blog-cms/ HTTP/1.1" 404 - "-" "curl/8.7.1" 2
WARNING:log_processor:Could not parse log line: 0:0:0:0:0:0:0:1 - - [23/Sep/2025:23:06:28 +0530] "GET /blog-cms/?id=4cfa1479-fdef-4abc-a8c6-a296ceee7307&vscodeBrowserReqId=1758648988449 HTTP/1.1" 404 - "-" "Mozilla/5.0 (Macintosh; Intel Mac OS X 10_15_7) AppleWebKit/537.36 (KHTML, like Gecko) Code/1.100.3 Chrome/132.0.6834.210 Electron/34.5.1 Safari/537.36" 3
WARNING:log_processor:Could not parse log line: 0:0:0:0:0:0:0:1 - - [23/Sep/2025:23:11:36 +0530] "GET /blog-cms/ HTTP/1.1" 404 - "-" "curl/8.7.1" 2
WARNING:log_processor:Could not parse log line: 0:0:0:0:0:0:0:1 - - [23/Sep/2025:23:11:41 +0530] "GET /blog-cms/ HTTP/1.1" 404 - "-" "curl/8.7.1" 2
WARNING:log_processor:Could not parse log line: 0:0:0:0:0:0:0:1 - - [23/Sep/2025:23:11:41 +0530] "GET /blog-cms/ HTTP/1.1" 404 - "-" "curl/8.7.1" 8
WARNING:log_processor:Could not parse log line: 0:0:0:0:0:0:0:1 - - [23/Sep/2025:23:11:41 +0530] "GET /blog-cms/ HTTP/1.1" 404 - "-" "curl/8.7.1" 11
WARNING:log_processor:Could not parse log line: 0:0:0:0:0:0:0:1 - - [23/Sep/2025:23:11:41 +0530] "GET /blog-cms/ HTTP/1.1" 404 - "-" "curl/8.7.1" 8
WARNING:log_processor:Could not parse log line: 0:0:0:0:0:0:0:1 - - [23/Sep/2025:23:11:41 +0530] "GET /blog-cms/ HTTP/1.1" 404 - "-" "curl/8.7.1" 9
WARNING:log_processor:Could not parse log line: 0:0:0:0:0:0:0:1 - - [23/Sep/2025:23:11:41 +0530] "GET /blog-cms/ HTTP/1.1" 404 - "-" "curl/8.7.1" 10
WARNING:log_processor:Could not parse log line: 0:0:0:0:0:0:0:1 - - [23/Sep/2025:23:11:41 +0530] "GET /blog-cms/ HTTP/1.1" 404 - "-" "curl/8.7.1" 3
WARNING:log_processor:Could not parse log line: 0:0:0:0:0:0:0:1 - - [23/Sep/2025:23:11:41 +0530] "GET /blog-cms/ HTTP/1.1" 404 - "-" "curl/8.7.1" 7
WARNING:log_processor:Could not parse log line: 0:0:0:0:0:0:0:1 - - [23/Sep/2025:23:11:41 +0530] "GET /blog-cms/ HTTP/1.1" 404 - "-" "curl/8.7.1" 6
WARNING:log_processor:Could not parse log line: 0:0:0:0:0:0:0:1 - - [23/Sep/2025:23:11:41 +0530] "GET /blog-cms/ HTTP/1.1" 404 - "-" "curl/8.7.1" 2
WARNING:log_processor:Could not parse log line: 0:0:0:0:0:0:0:1 - - [23/Sep/2025:23:11:43 +0530] "GET /ecommerce/api/v1/users HTTP/1.1" 404 - "-" "python-requests/2.25.1" 0
WARNING:log_processor:Could not parse log line: 0:0:0:0:0:0:0:1 - - [23/Sep/2025:23:11:43 +0530] "GET /ecommerce/api/v1/users HTTP/1.1" 404 - "-" "curl/7.68.0" 1
WARNING:log_processor:Could not parse log line: 0:0:0:0:0:0:0:1 - - [23/Sep/2025:23:11:43 +0530] "GET /ecommerce/products, HTTP/1.1" 404 - "-" "Mozilla/5.0" 2
WARNING:log_processor:Could not parse log line: 0:0:0:0:0:0:0:1 - - [23/Sep/2025:23:11:43 +0530] "GET /ecommerce/products, HTTP/1.1" 404 - "-" "Mozilla/5.0" 1
WARNING:log_processor:Could not parse log line: 0:0:0:0:0:0:0:1 - - [23/Sep/2025:23:11:43 +0530] "GET /blog-cms/products, HTTP/1.1" 404 - "-" "python-requests/2.25.1" 1
WARNING:log_processor:Could not parse log line: 0:0:0:0:0:0:0:1 - - [23/Sep/2025:23:11:43 +0530] "GET /blog-cms/, HTTP/1.1" 404 - "-" "python-requests/2.25.1" 1
WARNING:log_processor:Could not parse log line: 0:0:0:0:0:0:0:1 - - [23/Sep/2025:23:11:43 +0530] "GET /ecommerce/admin, HTTP/1.1" 404 - "-" "python-requests/2.25.1" 2
WARNING:log_processor:Could not parse log line: 0:0:0:0:0:0:0:1 - - [23/Sep/2025:23:11:43 +0530] "GET /blog-cms/search?q=test, HTTP/1.1" 404 - "-" "curl/7.68.0" 2
WARNING:log_processor:Could not parse log line: 0:0:0:0:0:0:0:1 - - [23/Sep/2025:23:11:43 +0530] "GET /blog-cms/search?q=test, HTTP/1.1" 404 - "-" "curl/7.68.0" 2
WARNING:log_processor:Could not parse log line: 0:0:0:0:0:0:0:1 - - [23/Sep/2025:23:11:43 +0530] "GET /blog-cms/api/v1/users HTTP/1.1" 404 - "-" "Mozilla/5.0" 0
WARNING:log_processor:Could not parse log line: 0:0:0:0:0:0:0:1 - - [23/Sep/2025:23:11:43 +0530] "GET /ecommerce/search?q=test, HTTP/1.1" 404 - "-" "python-requests/2.25.1" 1
WARNING:log_processor:Could not parse log line: 0:0:0:0:0:0:0:1 - - [23/Sep/2025:23:18:03 +0530] "GET /blog-cms/ HTTP/1.1" 404 - "-" "curl/8.7.1" 9
WARNING:log_processor:Could not parse log line: 0:0:0:0:0:0:0:1 - - [24/Sep/2025:00:10:10 +0530] "GET /ecommerce/admin HTTP/1.1" 404 - "-" "Python-requests/2.25.1" 3
WARNING:log_processor:Could not parse log line: 0:0:0:0:0:0:0:1 - - [24/Sep/2025:00:10:12 +0530] "GET /blog-cms/api/users HTTP/1.1" 404 - "-" "Mozilla/5.0 (Macintosh; Intel Mac OS X 10_15_7) AppleWebKit/537.36" 2
WARNING:log_processor:Could not parse log line: 0:0:0:0:0:0:0:1 - - [24/Sep/2025:00:10:13 +0530] "GET /ecommerce/login HTTP/1.1" 404 - "-" "Python-requests/2.25.1" 1
WARNING:log_processor:Could not parse log line: 0:0:0:0:0:0:0:1 - - [24/Sep/2025:00:10:17 +0530] "GET /blog-cms/index.jsp HTTP/1.1" 404 - "-" "Python-requests/2.25.1" 35
WARNING:log_processor:Could not parse log line: 0:0:0:0:0:0:0:1 - - [24/Sep/2025:00:10:19 +0530] "GET /blog-cms/users HTTP/1.1" 404 - "-" "Mozilla/5.0 (Macintosh; Intel Mac OS X 10_15_7) AppleWebKit/537.36" 3
WARNING:log_processor:Could not parse log line: 0:0:0:0:0:0:0:1 - - [24/Sep/2025:00:10:20 +0530] "GET /blog-cms/posts HTTP/1.1" 404 - "-" "curl/7.68.0" 2
WARNING:log_processor:Could not parse log line: 0:0:0:0:0:0:0:1 - - [24/Sep/2025:00:10:25 +0530] "GET /blog-cms/users HTTP/1.1" 404 - "-" "curl/7.68.0" 1
WARNING:log_processor:Could not parse log line: 0:0:0:0:0:0:0:1 - - [24/Sep/2025:00:10:26 +0530] "GET /blog-cms/login HTTP/1.1" 404 - "-" "curl/7.68.0" 2
WARNING:log_processor:Could not parse log line: 0:0:0:0:0:0:0:1 - - [24/Sep/2025:00:10:26 +0530] "GET /blog-cms/index.jsp HTTP/1.1" 404 - "-" "Mozilla/5.0 (Macintosh; Intel Mac OS X 10_15_7) AppleWebKit/537.36" 8
WARNING:log_processor:Could not parse log line: 0:0:0:0:0:0:0:1 - - [24/Sep/2025:00:10:30 +0530] "GET /blog-cms/products HTTP/1.1" 404 - "-" "curl/7.68.0" 2
WARNING:log_processor:Could not parse log line: 0:0:0:0:0:0:0:1 - - [24/Sep/2025:00:10:32 +0530] "GET /blog-cms/index.jsp HTTP/1.1" 404 - "-" "Mozilla/5.0 (Macintosh; Intel Mac OS X 10_15_7) AppleWebKit/537.36" 6
WARNING:log_processor:Could not parse log line: 0:0:0:0:0:0:0:1 - - [24/Sep/2025:00:10:34 +0530] "GET /blog-cms/admin HTTP/1.1" 404 - "-" "Mozilla/5.0 (Macintosh; Intel Mac OS X 10_15_7) AppleWebKit/537.36" 1
WARNING:log_processor:Could not parse log line: 0:0:0:0:0:0:0:1 - - [24/Sep/2025:00:10:34 +0530] "GET /blog-cms/admin HTTP/1.1" 404 - "-" "curl/7.68.0" 1
WARNING:log_processor:Could not parse log line: 0:0:0:0:0:0:0:1 - - [24/Sep/2025:00:10:36 +0530] "GET /blog-cms/index.jsp HTTP/1.1" 404 - "-" "curl/7.68.0" 6
WARNING:log_processor:Could not parse log line: 0:0:0:0:0:0:0:1 - - [24/Sep/2025:00:10:37 +0530] "GET /blog-cms/users HTTP/1.1" 404 - "-" "Python-requests/2.25.1" 1
WARNING:log_processor:Could not parse log line: 0:0:0:0:0:0:0:1 - - [24/Sep/2025:00:10:40 +0530] "GET /ecommerce/products HTTP/1.1" 404 - "-" "curl/7.68.0" 3
WARNING:log_processor:Could not parse log line: 0:0:0:0:0:0:0:1 - - [24/Sep/2025:00:10:41 +0530] "GET /ecommerce/admin HTTP/1.1" 404 - "-" "curl/7.68.0" 0
WARNING:log_processor:Could not parse log line: 0:0:0:0:0:0:0:1 - - [24/Sep/2025:00:10:45 +0530] "GET /ecommerce/products HTTP/1.1" 404 - "-" "curl/7.68.0" 1
WARNING:log_processor:Could not parse log line: 0:0:0:0:0:0:0:1 - - [24/Sep/2025:00:10:47 +0530] "GET /blog-cms/index.jsp HTTP/1.1" 404 - "-" "curl/7.68.0" 5
WARNING:log_processor:Could not parse log line: 0:0:0:0:0:0:0:1 - - [24/Sep/2025:00:10:48 +0530] "GET /blog-cms/search?q=test HTTP/1.1" 404 - "-" "Python-requests/2.25.1" 3
WARNING:log_processor:Could not parse log line: 0:0:0:0:0:0:0:1 - - [24/Sep/2025:00:10:51 +0530] "GET /blog-cms/api/tasks HTTP/1.1" 404 - "-" "Mozilla/5.0 (Macintosh; Intel Mac OS X 10_15_7) AppleWebKit/537.36" 2
WARNING:log_processor:Could not parse log line: 0:0:0:0:0:0:0:1 - - [24/Sep/2025:00:10:52 +0530] "GET /ecommerce/admin HTTP/1.1" 404 - "-" "Python-requests/2.25.1" 1
WARNING:log_processor:Could not parse log line: 0:0:0:0:0:0:0:1 - - [24/Sep/2025:00:10:53 +0530] "GET /ecommerce/products HTTP/1.1" 404 - "-" "Python-requests/2.25.1" 1
WARNING:log_processor:Could not parse log line: 0:0:0:0:0:0:0:1 - - [24/Sep/2025:00:10:54 +0530] "GET /ecommerce/products HTTP/1.1" 404 - "-" "curl/7.68.0" 1
WARNING:log_processor:Could not parse log line: 0:0:0:0:0:0:0:1 - - [24/Sep/2025:00:10:56 +0530] "GET /blog-cms/cart HTTP/1.1" 404 - "-" "Mozilla/5.0 (Macintosh; Intel Mac OS X 10_15_7) AppleWebKit/537.36" 2
WARNING:log_processor:Could not parse log line: 0:0:0:0:0:0:0:1 - - [24/Sep/2025:00:10:58 +0530] "GET /ecommerce/search?q=test HTTP/1.1" 404 - "-" "Mozilla/5.0 (Macintosh; Intel Mac OS X 10_15_7) AppleWebKit/537.36" 3
WARNING:log_processor:Could not parse log line: 0:0:0:0:0:0:0:1 - - [24/Sep/2025:00:11:00 +0530] "GET /ecommerce/search?q=test HTTP/1.1" 404 - "-" "Mozilla/5.0 (Macintosh; Intel Mac OS X 10_15_7) AppleWebKit/537.36" 1
WARNING:log_processor:Could not parse log line: 0:0:0:0:0:0:0:1 - - [24/Sep/2025:00:11:01 +0530] "GET /blog-cms/posts HTTP/1.1" 404 - "-" "Mozilla/5.0 (Macintosh; Intel Mac OS X 10_15_7) AppleWebKit/537.36" 1
WARNING:log_processor:Could not parse log line: 0:0:0:0:0:0:0:1 - - [24/Sep/2025:00:11:01 +0530] "GET /ecommerce/products HTTP/1.1" 404 - "-" "Python-requests/2.25.1" 1
WARNING:log_processor:Could not parse log line: 0:0:0:0:0:0:0:1 - - [24/Sep/2025:00:11:05 +0530] "GET /blog-cms/login HTTP/1.1" 404 - "-" "curl/7.68.0" 1
WARNING:log_processor:Could not parse log line: 0:0:0:0:0:0:0:1 - - [24/Sep/2025:00:11:06 +0530] "GET /blog-cms/users HTTP/1.1" 404 - "-" "Python-requests/2.25.1" 1
WARNING:log_processor:Could not parse log line: 0:0:0:0:0:0:0:1 - - [24/Sep/2025:00:11:07 +0530] "GET /blog-cms/admin HTTP/1.1" 404 - "-" "Python-requests/2.25.1" 1
WARNING:log_processor:Could not parse log line: 0:0:0:0:0:0:0:1 - - [24/Sep/2025:00:11:09 +0530] "GET /ecommerce/cart HTTP/1.1" 404 - "-" "curl/7.68.0" 3
WARNING:log_processor:Could not parse log line: 0:0:0:0:0:0:0:1 - - [24/Sep/2025:00:11:13 +0530] "GET /ecommerce/search?q=test HTTP/1.1" 404 - "-" "curl/7.68.0" 2
WARNING:log_processor:Could not parse log line: 0:0:0:0:0:0:0:1 - - [24/Sep/2025:00:11:17 +0530] "GET /blog-cms/ HTTP/1.1" 404 - "-" "Mozilla/5.0 (Macintosh; Intel Mac OS X 10_15_7) AppleWebKit/537.36" 3
WARNING:log_processor:Could not parse log line: 0:0:0:0:0:0:0:1 - - [24/Sep/2025:00:11:19 +0530] "GET /blog-cms/api/tasks HTTP/1.1" 404 - "-" "Mozilla/5.0 (Macintosh; Intel Mac OS X 10_15_7) AppleWebKit/537.36" 1
WARNING:log_processor:Could not parse log line: 0:0:0:0:0:0:0:1 - - [24/Sep/2025:00:11:20 +0530] "GET /blog-cms/posts HTTP/1.1" 404 - "-" "curl/7.68.0" 1
WARNING:log_processor:Could not parse log line: 0:0:0:0:0:0:0:1 - - [24/Sep/2025:00:11:22 +0530] "GET /ecommerce/cart HTTP/1.1" 404 - "-" "Mozilla/5.0 (Macintosh; Intel Mac OS X 10_15_7) AppleWebKit/537.36" 1
WARNING:log_processor:Could not parse log line: 0:0:0:0:0:0:0:1 - - [24/Sep/2025:00:11:23 +0530] "GET /blog-cms/api/users HTTP/1.1" 404 - "-" "Mozilla/5.0 (Macintosh; Intel Mac OS X 10_15_7) AppleWebKit/537.36" 2
WARNING:log_processor:Could not parse log line: 0:0:0:0:0:0:0:1 - - [24/Sep/2025:00:11:24 +0530] "GET /blog-cms/cart HTTP/1.1" 404 - "-" "curl/7.68.0" 1
WARNING:log_processor:Could not parse log line: 0:0:0:0:0:0:0:1 - - [24/Sep/2025:00:11:25 +0530] "HEAD /ecommerce/ HTTP/1.1" 200 - "-" "curl/8.7.1" 1
WARNING:log_processor:Could not parse log line: 0:0:0:0:0:0:0:1 - - [24/Sep/2025:00:11:25 +0530] "HEAD /ecommerce/ HTTP/1.0" 200 - "-" "curl/8.7.1" 0
WARNING:log_processor:Could not parse log line: 0:0:0:0:0:0:0:1 - - [24/Sep/2025:00:11:25 +0530] "GET /blog-cms/login HTTP/1.1" 404 - "-" "Python-requests/2.25.1" 0
WARNING:log_processor:Could not parse log line: 0:0:0:0:0:0:0:1 - - [24/Sep/2025:00:11:26 +0530] "GET /blog-cms/ HTTP/1.1" 404 - "-" "curl/7.68.0" 5
WARNING:log_processor:Could not parse log line: 0:0:0:0:0:0:0:1 - - [24/Sep/2025:00:11:28 +0530] "GET /ecommerce/cart HTTP/1.1" 404 - "-" "Python-requests/2.25.1" 1
WARNING:log_processor:Could not parse log line: 0:0:0:0:0:0:0:1 - - [24/Sep/2025:00:11:33 +0530] "GET /blog-cms/cart HTTP/1.1" 404 - "-" "curl/7.68.0" 2
WARNING:log_processor:Could not parse log line: 0:0:0:0:0:0:0:1 - - [24/Sep/2025:00:11:37 +0530] "GET /blog-cms/search?q=test HTTP/1.1" 404 - "-" "Python-requests/2.25.1" 1
WARNING:log_processor:Could not parse log line: 0:0:0:0:0:0:0:1 - - [24/Sep/2025:00:11:38 +0530] "GET /blog-cms/ HTTP/1.1" 404 - "-" "curl/8.7.1" 2
WARNING:log_processor:Could not parse log line: 0:0:0:0:0:0:0:1 - - [24/Sep/2025:00:11:39 +0530] "GET /blog-cms/api/tasks HTTP/1.1" 404 - "-" "Python-requests/2.25.1" 0
WARNING:log_processor:Could not parse log line: 0:0:0:0:0:0:0:1 - - [24/Sep/2025:00:11:40 +0530] "GET /blog-cms/users HTTP/1.1" 404 - "-" "curl/7.68.0" 1
WARNING:log_processor:Could not parse log line: 0:0:0:0:0:0:0:1 - - [24/Sep/2025:00:11:41 +0530] "GET /ecommerce/users HTTP/1.1" 404 - "-" "Python-requests/2.25.1" 0
WARNING:log_processor:Could not parse log line: 0:0:0:0:0:0:0:1 - - [24/Sep/2025:00:11:42 +0530] "GET /blog-cms/ HTTP/1.1" 404 - "-" "curl/8.7.1" 2
WARNING:log_processor:Could not parse log line: 0:0:0:0:0:0:0:1 - - [24/Sep/2025:00:11:42 +0530] "GET /blog-cms/ HTTP/1.1" 404 - "-" "curl/8.7.1" 7
WARNING:log_processor:Could not parse log line: 0:0:0:0:0:0:0:1 - - [24/Sep/2025:00:11:42 +0530] "GET /blog-cms/ HTTP/1.1" 404 - "-" "curl/8.7.1" 4
WARNING:log_processor:Could not parse log line: 0:0:0:0:0:0:0:1 - - [24/Sep/2025:00:11:42 +0530] "GET /blog-cms/ HTTP/1.1" 404 - "-" "curl/8.7.1" 1
WARNING:log_processor:Could not parse log line: 0:0:0:0:0:0:0:1 - - [24/Sep/2025:00:11:42 +0530] "GET /blog-cms/ HTTP/1.1" 404 - "-" "curl/8.7.1" 2
WARNING:log_processor:Could not parse log line: 0:0:0:0:0:0:0:1 - - [24/Sep/2025:00:11:42 +0530] "GET /blog-cms/ HTTP/1.1" 404 - "-" "curl/8.7.1" 2
WARNING:log_processor:Could not parse log line: 0:0:0:0:0:0:0:1 - - [24/Sep/2025:00:11:42 +0530] "GET /blog-cms/ HTTP/1.1" 404 - "-" "curl/8.7.1" 6
WARNING:log_processor:Could not parse log line: 0:0:0:0:0:0:0:1 - - [24/Sep/2025:00:11:42 +0530] "GET /blog-cms/ HTTP/1.1" 404 - "-" "curl/8.7.1" 3
WARNING:log_processor:Could not parse log line: 0:0:0:0:0:0:0:1 - - [24/Sep/2025:00:11:42 +0530] "GET /blog-cms/ HTTP/1.1" 404 - "-" "curl/8.7.1" 3
WARNING:log_processor:Could not parse log line: 0:0:0:0:0:0:0:1 - - [24/Sep/2025:00:11:42 +0530] "GET /blog-cms/ HTTP/1.1" 404 - "-" "curl/8.7.1" 4
WARNING:log_processor:Could not parse log line: 0:0:0:0:0:0:0:1 - - [24/Sep/2025:00:11:42 +0530] "GET /blog-cms/api/users HTTP/1.1" 404 - "-" "Mozilla/5.0 (Macintosh; Intel Mac OS X 10_15_7) AppleWebKit/537.36" 2
WARNING:log_processor:Could not parse log line: 0:0:0:0:0:0:0:1 - - [24/Sep/2025:00:11:43 +0530] "GET /blog-cms/users HTTP/1.1" 404 - "-" "Mozilla/5.0 (Macintosh; Intel Mac OS X 10_15_7) AppleWebKit/537.36" 1
WARNING:log_processor:Could not parse log line: 0:0:0:0:0:0:0:1 - - [24/Sep/2025:00:11:44 +0530] "GET /ecommerce/search?q=test, HTTP/1.1" 404 - "-" "Mozilla/5.0" 0
WARNING:log_processor:Could not parse log line: 0:0:0:0:0:0:0:1 - - [24/Sep/2025:00:11:44 +0530] "GET /ecommerce/, HTTP/1.1" 404 - "-" "python-requests/2.25.1" 0
WARNING:log_processor:Could not parse log line: 0:0:0:0:0:0:0:1 - - [24/Sep/2025:00:11:44 +0530] "GET /blog-cms/search?q=test, HTTP/1.1" 404 - "-" "curl/7.68.0" 0
WARNING:log_processor:Could not parse log line: 0:0:0:0:0:0:0:1 - - [24/Sep/2025:00:11:44 +0530] "GET /ecommerce/api/v1/users HTTP/1.1" 404 - "-" "python-requests/2.25.1" 0
WARNING:log_processor:Could not parse log line: 0:0:0:0:0:0:0:1 - - [24/Sep/2025:00:11:44 +0530] "GET /blog-cms/search?q=test, HTTP/1.1" 404 - "-" "curl/7.68.0" 1
WARNING:log_processor:Could not parse log line: 0:0:0:0:0:0:0:1 - - [24/Sep/2025:00:11:44 +0530] "GET /ecommerce/api/v1/users HTTP/1.1" 404 - "-" "curl/7.68.0" 1
WARNING:log_processor:Could not parse log line: 0:0:0:0:0:0:0:1 - - [24/Sep/2025:00:11:44 +0530] "GET /blog-cms/search?q=test, HTTP/1.1" 404 - "-" "curl/7.68.0" 0
WARNING:log_processor:Could not parse log line: 0:0:0:0:0:0:0:1 - - [24/Sep/2025:00:11:44 +0530] "GET /ecommerce/admin, HTTP/1.1" 404 - "-" "Mozilla/5.0" 0
WARNING:log_processor:Could not parse log line: 0:0:0:0:0:0:0:1 - - [24/Sep/2025:00:11:44 +0530] "GET /ecommerce/search?q=test, HTTP/1.1" 404 - "-" "curl/7.68.0" 0
WARNING:log_processor:Could not parse log line: 0:0:0:0:0:0:0:1 - - [24/Sep/2025:00:11:44 +0530] "GET /ecommerce/products, HTTP/1.1" 404 - "-" "Mozilla/5.0" 0
WARNING:log_processor:Could not parse log line: 0:0:0:0:0:0:0:1 - - [24/Sep/2025:00:11:44 +0530] "GET /blog-cms/users, HTTP/1.1" 404 - "-" "python-requests/2.25.1" 1
WARNING:log_processor:Could not parse log line: 0:0:0:0:0:0:0:1 - - [24/Sep/2025:00:11:44 +0530] "GET /ecommerce/admin, HTTP/1.1" 404 - "-" "Mozilla/5.0" 1
WARNING:log_processor:Could not parse log line: 0:0:0:0:0:0:0:1 - - [24/Sep/2025:00:11:44 +0530] "GET /blog-cms/api/v1/users HTTP/1.1" 404 - "-" "python-requests/2.25.1" 1
WARNING:log_processor:Could not parse log line: 0:0:0:0:0:0:0:1 - - [24/Sep/2025:00:11:44 +0530] "GET /ecommerce/users, HTTP/1.1" 404 - "-" "curl/7.68.0" 0
WARNING:log_processor:Could not parse log line: 0:0:0:0:0:0:0:1 - - [24/Sep/2025:00:11:46 +0530] "GET /blog-cms/admin HTTP/1.1" 404 - "-" "curl/7.68.0" 1
WARNING:log_processor:Could not parse log line: 0:0:0:0:0:0:0:1 - - [24/Sep/2025:00:11:47 +0530] "GET /ecommerce/api/users HTTP/1.1" 404 - "-" "Mozilla/5.0 (Macintosh; Intel Mac OS X 10_15_7) AppleWebKit/537.36" 1
WARNING:log_processor:Could not parse log line: 0:0:0:0:0:0:0:1 - - [24/Sep/2025:00:11:48 +0530] "GET /blog-cms/cart HTTP/1.1" 404 - "-" "curl/7.68.0" 1
WARNING:log_processor:Could not parse log line: 0:0:0:0:0:0:0:1 - - [24/Sep/2025:00:11:51 +0530] "GET /blog-cms/api/tasks HTTP/1.1" 404 - "-" "curl/7.68.0" 1
WARNING:log_processor:Could not parse log line: 0:0:0:0:0:0:0:1 - - [24/Sep/2025:00:11:53 +0530] "GET /ecommerce/products HTTP/1.1" 404 - "-" "curl/7.68.0" 1
WARNING:log_processor:Could not parse log line: 0:0:0:0:0:0:0:1 - - [24/Sep/2025:00:11:55 +0530] "GET /blog-cms/cart HTTP/1.1" 404 - "-" "Mozilla/5.0 (Macintosh; Intel Mac OS X 10_15_7) AppleWebKit/537.36" 2
WARNING:log_processor:Could not parse log line: 0:0:0:0:0:0:0:1 - - [24/Sep/2025:00:11:57 +0530] "GET /ecommerce/login HTTP/1.1" 404 - "-" "curl/7.68.0" 1
WARNING:log_processor:Could not parse log line: 0:0:0:0:0:0:0:1 - - [24/Sep/2025:00:11:58 +0530] "GET /blog-cms/api/tasks HTTP/1.1" 404 - "-" "Mozilla/5.0 (Macintosh; Intel Mac OS X 10_15_7) AppleWebKit/537.36" 1
WARNING:log_processor:Could not parse log line: 0:0:0:0:0:0:0:1 - - [24/Sep/2025:00:11:59 +0530] "GET /ecommerce/search?q=test HTTP/1.1" 404 - "-" "curl/7.68.0" 0
WARNING:log_processor:Could not parse log line: 0:0:0:0:0:0:0:1 - - [24/Sep/2025:00:12:00 +0530] "GET /blog-cms/users HTTP/1.1" 404 - "-" "curl/7.68.0" 1
WARNING:log_processor:Could not parse log line: 0:0:0:0:0:0:0:1 - - [24/Sep/2025:00:12:06 +0530] "GET /ecommerce/api/tasks HTTP/1.1" 404 - "-" "curl/7.68.0" 1
WARNING:log_processor:Could not parse log line: 0:0:0:0:0:0:0:1 - - [24/Sep/2025:00:12:08 +0530] "GET /blog-cms/search?q=test HTTP/1.1" 404 - "-" "Mozilla/5.0 (Macintosh; Intel Mac OS X 10_15_7) AppleWebKit/537.36" 1
WARNING:log_processor:Could not parse log line: 0:0:0:0:0:0:0:1 - - [24/Sep/2025:00:12:09 +0530] "GET /blog-cms/search?q=test HTTP/1.1" 404 - "-" "Mozilla/5.0 (Macintosh; Intel Mac OS X 10_15_7) AppleWebKit/537.36" 0
WARNING:log_processor:Could not parse log line: 0:0:0:0:0:0:0:1 - - [24/Sep/2025:00:12:10 +0530] "GET /ecommerce/products HTTP/1.1" 404 - "-" "curl/7.68.0" 1
WARNING:log_processor:Could not parse log line: 0:0:0:0:0:0:0:1 - - [24/Sep/2025:00:12:12 +0530] "GET /ecommerce/api/users HTTP/1.1" 404 - "-" "Mozilla/5.0 (Macintosh; Intel Mac OS X 10_15_7) AppleWebKit/537.36" 2
WARNING:log_processor:Could not parse log line: 0:0:0:0:0:0:0:1 - - [24/Sep/2025:00:12:14 +0530] "GET /blog-cms/login HTTP/1.1" 404 - "-" "Python-requests/2.25.1" 0
WARNING:log_processor:Could not parse log line: 0:0:0:0:0:0:0:1 - - [24/Sep/2025:00:12:17 +0530] "GET /ecommerce/admin HTTP/1.1" 404 - "-" "Python-requests/2.25.1" 1
WARNING:log_processor:Could not parse log line: 0:0:0:0:0:0:0:1 - - [24/Sep/2025:00:12:18 +0530] "GET /ecommerce/posts HTTP/1.1" 404 - "-" "curl/7.68.0" 2
WARNING:log_processor:Could not parse log line: 0:0:0:0:0:0:0:1 - - [24/Sep/2025:00:12:20 +0530] "GET /ecommerce/login HTTP/1.1" 404 - "-" "Mozilla/5.0 (Macintosh; Intel Mac OS X 10_15_7) AppleWebKit/537.36" 1
WARNING:log_processor:Could not parse log line: 0:0:0:0:0:0:0:1 - - [24/Sep/2025:00:12:20 +0530] "GET /blog-cms/ HTTP/1.1" 404 - "-" "Python-requests/2.25.1" 7
WARNING:log_processor:Could not parse log line: 0:0:0:0:0:0:0:1 - - [24/Sep/2025:00:12:22 +0530] "GET /ecommerce/search?q=test HTTP/1.1" 404 - "-" "Python-requests/2.25.1" 1
WARNING:log_processor:Could not parse log line: 0:0:0:0:0:0:0:1 - - [24/Sep/2025:00:12:24 +0530] "GET /blog-cms/search?q=test HTTP/1.1" 404 - "-" "Python-requests/2.25.1" 1
WARNING:log_processor:Could not parse log line: 0:0:0:0:0:0:0:1 - - [24/Sep/2025:00:12:26 +0530] "GET /blog-cms/admin HTTP/1.1" 404 - "-" "curl/7.68.0" 1
WARNING:log_processor:Could not parse log line: 0:0:0:0:0:0:0:1 - - [24/Sep/2025:00:12:29 +0530] "GET /blog-cms/index.jsp HTTP/1.1" 404 - "-" "Python-requests/2.25.1" 2
WARNING:log_processor:Could not parse log line: 0:0:0:0:0:0:0:1 - - [24/Sep/2025:00:12:31 +0530] "GET /ecommerce/products HTTP/1.1" 404 - "-" "curl/7.68.0" 1
WARNING:log_processor:Could not parse log line: 0:0:0:0:0:0:0:1 - - [24/Sep/2025:00:12:31 +0530] "GET /ecommerce/products HTTP/1.1" 404 - "-" "curl/7.68.0" 1
WARNING:log_processor:Could not parse log line: 0:0:0:0:0:0:0:1 - - [24/Sep/2025:00:12:32 +0530] "GET /blog-cms/cart HTTP/1.1" 404 - "-" "Mozilla/5.0 (Macintosh; Intel Mac OS X 10_15_7) AppleWebKit/537.36" 2
WARNING:log_processor:Could not parse log line: 0:0:0:0:0:0:0:1 - - [24/Sep/2025:00:12:34 +0530] "GET /ecommerce/search?q=test HTTP/1.1" 404 - "-" "Mozilla/5.0 (Macintosh; Intel Mac OS X 10_15_7) AppleWebKit/537.36" 1
WARNING:log_processor:Could not parse log line: 0:0:0:0:0:0:0:1 - - [24/Sep/2025:00:12:36 +0530] "GET /ecommerce/admin HTTP/1.1" 404 - "-" "Python-requests/2.25.1" 1
WARNING:log_processor:Could not parse log line: 0:0:0:0:0:0:0:1 - - [24/Sep/2025:00:12:36 +0530] "GET /blog-cms/login HTTP/1.1" 404 - "-" "Mozilla/5.0 (Macintosh; Intel Mac OS X 10_15_7) AppleWebKit/537.36" 1
WARNING:log_processor:Could not parse log line: 0:0:0:0:0:0:0:1 - - [24/Sep/2025:00:12:37 +0530] "GET /blog-cms/index.jsp HTTP/1.1" 404 - "-" "curl/7.68.0" 5
WARNING:log_processor:Could not parse log line: 0:0:0:0:0:0:0:1 - - [24/Sep/2025:00:12:41 +0530] "GET /blog-cms/cart HTTP/1.1" 404 - "-" "curl/7.68.0" 1
WARNING:log_processor:Could not parse log line: 0:0:0:0:0:0:0:1 - - [24/Sep/2025:00:12:43 +0530] "GET /ecommerce/login HTTP/1.1" 404 - "-" "Mozilla/5.0 (Macintosh; Intel Mac OS X 10_15_7) AppleWebKit/537.36" 2
WARNING:log_processor:Could not parse log line: 0:0:0:0:0:0:0:1 - - [24/Sep/2025:00:12:45 +0530] "GET /ecommerce/admin HTTP/1.1" 404 - "-" "Mozilla/5.0 (Macintosh; Intel Mac OS X 10_15_7) AppleWebKit/537.36" 2
WARNING:log_processor:Could not parse log line: 0:0:0:0:0:0:0:1 - - [24/Sep/2025:00:12:46 +0530] "GET /blog-cms/products HTTP/1.1" 404 - "-" "curl/7.68.0" 1
WARNING:log_processor:Could not parse log line: 0:0:0:0:0:0:0:1 - - [24/Sep/2025:00:12:47 +0530] "GET /ecommerce/login HTTP/1.1" 404 - "-" "Python-requests/2.25.1" 1
WARNING:log_processor:Could not parse log line: 0:0:0:0:0:0:0:1 - - [24/Sep/2025:00:12:47 +0530] "GET /blog-cms/users HTTP/1.1" 404 - "-" "Mozilla/5.0 (Macintosh; Intel Mac OS X 10_15_7) AppleWebKit/537.36" 1
WARNING:log_processor:Could not parse log line: 0:0:0:0:0:0:0:1 - - [24/Sep/2025:00:12:52 +0530] "GET /ecommerce/api/tasks HTTP/1.1" 404 - "-" "Mozilla/5.0 (Macintosh; Intel Mac OS X 10_15_7) AppleWebKit/537.36" 1
WARNING:log_processor:Could not parse log line: 0:0:0:0:0:0:0:1 - - [24/Sep/2025:00:12:54 +0530] "GET /blog-cms/users HTTP/1.1" 404 - "-" "curl/7.68.0" 1
WARNING:log_processor:Could not parse log line: 0:0:0:0:0:0:0:1 - - [24/Sep/2025:00:12:55 +0530] "GET /blog-cms/login HTTP/1.1" 404 - "-" "Mozilla/5.0 (Macintosh; Intel Mac OS X 10_15_7) AppleWebKit/537.36" 1
WARNING:log_processor:Could not parse log line: 0:0:0:0:0:0:0:1 - - [24/Sep/2025:00:12:55 +0530] "GET /ecommerce/cart HTTP/1.1" 404 - "-" "Mozilla/5.0 (Macintosh; Intel Mac OS X 10_15_7) AppleWebKit/537.36" 1
WARNING:log_processor:Could not parse log line: 0:0:0:0:0:0:0:1 - - [24/Sep/2025:00:12:56 +0530] "GET /blog-cms/admin HTTP/1.1" 404 - "-" "curl/7.68.0" 1
WARNING:log_processor:Could not parse log line: 0:0:0:0:0:0:0:1 - - [24/Sep/2025:00:12:57 +0530] "GET /ecommerce/posts HTTP/1.1" 404 - "-" "Python-requests/2.25.1" 1
WARNING:log_processor:Could not parse log line: 0:0:0:0:0:0:0:1 - - [24/Sep/2025:00:13:01 +0530] "GET /ecommerce/login HTTP/1.1" 404 - "-" "Python-requests/2.25.1" 1
WARNING:log_processor:Could not parse log line: 0:0:0:0:0:0:0:1 - - [24/Sep/2025:00:13:04 +0530] "GET /ecommerce/api/users HTTP/1.1" 404 - "-" "Mozilla/5.0 (Macintosh; Intel Mac OS X 10_15_7) AppleWebKit/537.36" 1
WARNING:log_processor:Could not parse log line: 0:0:0:0:0:0:0:1 - - [24/Sep/2025:00:13:05 +0530] "GET /ecommerce/api/users HTTP/1.1" 404 - "-" "Python-requests/2.25.1" 1
WARNING:log_processor:Could not parse log line: 0:0:0:0:0:0:0:1 - - [24/Sep/2025:00:13:08 +0530] "GET /blog-cms/search?q=test HTTP/1.1" 404 - "-" "Mozilla/5.0 (Macintosh; Intel Mac OS X 10_15_7) AppleWebKit/537.36" 1
WARNING:log_processor:Could not parse log line: 0:0:0:0:0:0:0:1 - - [24/Sep/2025:00:13:12 +0530] "GET /ecommerce/users HTTP/1.1" 404 - "-" "Python-requests/2.25.1" 1
WARNING:log_processor:Could not parse log line: 0:0:0:0:0:0:0:1 - - [24/Sep/2025:00:13:13 +0530] "GET /blog-cms/users HTTP/1.1" 404 - "-" "Python-requests/2.25.1" 1
WARNING:log_processor:Could not parse log line: 0:0:0:0:0:0:0:1 - - [24/Sep/2025:00:13:14 +0530] "GET /ecommerce/api/tasks HTTP/1.1" 404 - "-" "Mozilla/5.0 (Macintosh; Intel Mac OS X 10_15_7) AppleWebKit/537.36" 1
WARNING:log_processor:Could not parse log line: 0:0:0:0:0:0:0:1 - - [24/Sep/2025:00:13:16 +0530] "GET /ecommerce/users HTTP/1.1" 404 - "-" "curl/7.68.0" 1
WARNING:log_processor:Could not parse log line: 0:0:0:0:0:0:0:1 - - [24/Sep/2025:00:13:16 +0530] "GET /ecommerce/login HTTP/1.1" 404 - "-" "curl/7.68.0" 1
WARNING:log_processor:Could not parse log line: 0:0:0:0:0:0:0:1 - - [24/Sep/2025:00:13:20 +0530] "GET /ecommerce/admin HTTP/1.1" 404 - "-" "curl/7.68.0" 1
WARNING:log_processor:Could not parse log line: 0:0:0:0:0:0:0:1 - - [24/Sep/2025:00:13:20 +0530] "GET /blog-cms/cart HTTP/1.1" 404 - "-" "Python-requests/2.25.1" 2
WARNING:log_processor:Could not parse log line: 0:0:0:0:0:0:0:1 - - [24/Sep/2025:00:13:21 +0530] "GET /ecommerce/api/users HTTP/1.1" 404 - "-" "Python-requests/2.25.1" 2
WARNING:log_processor:Could not parse log line: 0:0:0:0:0:0:0:1 - - [24/Sep/2025:00:13:25 +0530] "GET /ecommerce/products HTTP/1.1" 404 - "-" "Mozilla/5.0 (Macintosh; Intel Mac OS X 10_15_7) AppleWebKit/537.36" 1
WARNING:log_processor:Could not parse log line: 0:0:0:0:0:0:0:1 - - [24/Sep/2025:00:13:27 +0530] "GET /blog-cms/api/users HTTP/1.1" 404 - "-" "curl/7.68.0" 1
WARNING:log_processor:Could not parse log line: 0:0:0:0:0:0:0:1 - - [24/Sep/2025:00:13:29 +0530] "GET /ecommerce/login HTTP/1.1" 404 - "-" "Mozilla/5.0 (Macintosh; Intel Mac OS X 10_15_7) AppleWebKit/537.36" 1
WARNING:log_processor:Could not parse log line: 0:0:0:0:0:0:0:1 - - [24/Sep/2025:00:13:32 +0530] "GET /ecommerce/posts HTTP/1.1" 404 - "-" "Python-requests/2.25.1" 2
WARNING:log_processor:Could not parse log line: 0:0:0:0:0:0:0:1 - - [24/Sep/2025:00:13:34 +0530] "GET /blog-cms/search?q=test HTTP/1.1" 404 - "-" "curl/7.68.0" 1
WARNING:log_processor:Could not parse log line: 0:0:0:0:0:0:0:1 - - [24/Sep/2025:00:13:35 +0530] "GET /ecommerce/cart HTTP/1.1" 404 - "-" "curl/7.68.0" 0
WARNING:log_processor:Could not parse log line: 0:0:0:0:0:0:0:1 - - [24/Sep/2025:00:13:36 +0530] "GET /ecommerce/search?q=test HTTP/1.1" 404 - "-" "Python-requests/2.25.1" 1
WARNING:log_processor:Could not parse log line: 0:0:0:0:0:0:0:1 - - [24/Sep/2025:00:13:39 +0530] "GET /blog-cms/users HTTP/1.1" 404 - "-" "Python-requests/2.25.1" 0
WARNING:log_processor:Could not parse log line: 0:0:0:0:0:0:0:1 - - [24/Sep/2025:00:13:40 +0530] "GET /ecommerce/api/users HTTP/1.1" 404 - "-" "curl/7.68.0" 1
WARNING:log_processor:Could not parse log line: 0:0:0:0:0:0:0:1 - - [24/Sep/2025:00:13:42 +0530] "GET /blog-cms/index.jsp HTTP/1.1" 404 - "-" "Python-requests/2.25.1" 5
WARNING:log_processor:Could not parse log line: 0:0:0:0:0:0:0:1 - - [24/Sep/2025:00:13:43 +0530] "GET /ecommerce/api/users HTTP/1.1" 404 - "-" "Python-requests/2.25.1" 1
WARNING:log_processor:Could not parse log line: 0:0:0:0:0:0:0:1 - - [24/Sep/2025:00:13:44 +0530] "GET /ecommerce/cart HTTP/1.1" 404 - "-" "Mozilla/5.0 (Macintosh; Intel Mac OS X 10_15_7) AppleWebKit/537.36" 1
WARNING:log_processor:Could not parse log line: 0:0:0:0:0:0:0:1 - - [24/Sep/2025:00:13:46 +0530] "GET /blog-cms/admin HTTP/1.1" 404 - "-" "curl/7.68.0" 1
WARNING:log_processor:Could not parse log line: 0:0:0:0:0:0:0:1 - - [24/Sep/2025:00:13:46 +0530] "GET /ecommerce/search?q=test HTTP/1.1" 404 - "-" "curl/7.68.0" 1
WARNING:log_processor:Could not parse log line: 0:0:0:0:0:0:0:1 - - [24/Sep/2025:00:13:48 +0530] "GET /ecommerce/users HTTP/1.1" 404 - "-" "Python-requests/2.25.1" 1
WARNING:log_processor:Could not parse log line: 0:0:0:0:0:0:0:1 - - [24/Sep/2025:00:13:48 +0530] "GET /ecommerce/users HTTP/1.1" 404 - "-" "Python-requests/2.25.1" 1
WARNING:log_processor:Could not parse log line: 0:0:0:0:0:0:0:1 - - [24/Sep/2025:00:18:02 +0530] "GET /blog-cms/ HTTP/1.1" 404 - "-" "curl/8.7.1" 3
WARNING:log_processor:Could not parse log line: 0:0:0:0:0:0:0:1 - - [24/Sep/2025:00:18:06 +0530] "GET /blog-cms/ HTTP/1.1" 404 - "-" "curl/8.7.1" 1
WARNING:log_processor:Could not parse log line: 0:0:0:0:0:0:0:1 - - [24/Sep/2025:00:18:06 +0530] "GET /blog-cms/ HTTP/1.1" 404 - "-" "curl/8.7.1" 5
WARNING:log_processor:Could not parse log line: 0:0:0:0:0:0:0:1 - - [24/Sep/2025:00:18:06 +0530] "GET /blog-cms/ HTTP/1.1" 404 - "-" "curl/8.7.1" 1
WARNING:log_processor:Could not parse log line: 0:0:0:0:0:0:0:1 - - [24/Sep/2025:00:18:06 +0530] "GET /blog-cms/ HTTP/1.1" 404 - "-" "curl/8.7.1" 1
WARNING:log_processor:Could not parse log line: 0:0:0:0:0:0:0:1 - - [24/Sep/2025:00:18:06 +0530] "GET /blog-cms/ HTTP/1.1" 404 - "-" "curl/8.7.1" 2
WARNING:log_processor:Could not parse log line: 0:0:0:0:0:0:0:1 - - [24/Sep/2025:00:18:06 +0530] "GET /blog-cms/ HTTP/1.1" 404 - "-" "curl/8.7.1" 0
WARNING:log_processor:Could not parse log line: 0:0:0:0:0:0:0:1 - - [24/Sep/2025:00:18:06 +0530] "GET /blog-cms/ HTTP/1.1" 404 - "-" "curl/8.7.1" 1
WARNING:log_processor:Could not parse log line: 0:0:0:0:0:0:0:1 - - [24/Sep/2025:00:18:06 +0530] "GET /blog-cms/ HTTP/1.1" 404 - "-" "curl/8.7.1" 0
WARNING:log_processor:Could not parse log line: 0:0:0:0:0:0:0:1 - - [24/Sep/2025:00:18:06 +0530] "GET /blog-cms/ HTTP/1.1" 404 - "-" "curl/8.7.1" 0
WARNING:log_processor:Could not parse log line: 0:0:0:0:0:0:0:1 - - [24/Sep/2025:00:18:06 +0530] "GET /blog-cms/ HTTP/1.1" 404 - "-" "curl/8.7.1" 0
WARNING:log_processor:Could not parse log line: 0:0:0:0:0:0:0:1 - - [24/Sep/2025:00:18:08 +0530] "GET /blog-cms/search?q=test, HTTP/1.1" 404 - "-" "Mozilla/5.0" 1
WARNING:log_processor:Could not parse log line: 0:0:0:0:0:0:0:1 - - [24/Sep/2025:00:18:08 +0530] "GET /blog-cms/users, HTTP/1.1" 404 - "-" "Mozilla/5.0" 1
WARNING:log_processor:Could not parse log line: 0:0:0:0:0:0:0:1 - - [24/Sep/2025:00:18:08 +0530] "GET /blog-cms/admin, HTTP/1.1" 404 - "-" "Mozilla/5.0" 1
WARNING:log_processor:Could not parse log line: 0:0:0:0:0:0:0:1 - - [24/Sep/2025:00:18:08 +0530] "GET /blog-cms/, HTTP/1.1" 404 - "-" "curl/7.68.0" 1
WARNING:log_processor:Could not parse log line: 0:0:0:0:0:0:0:1 - - [24/Sep/2025:00:18:08 +0530] "GET /blog-cms/admin, HTTP/1.1" 404 - "-" "Mozilla/5.0" 0
WARNING:log_processor:Could not parse log line: 0:0:0:0:0:0:0:1 - - [24/Sep/2025:00:18:08 +0530] "GET /blog-cms/search?q=test, HTTP/1.1" 404 - "-" "Mozilla/5.0" 0
WARNING:log_processor:Could not parse log line: 0:0:0:0:0:0:0:1 - - [24/Sep/2025:00:18:08 +0530] "GET /ecommerce/users, HTTP/1.1" 404 - "-" "Mozilla/5.0" 2
WARNING:log_processor:Could not parse log line: 0:0:0:0:0:0:0:1 - - [24/Sep/2025:00:18:08 +0530] "GET /ecommerce/users, HTTP/1.1" 404 - "-" "Mozilla/5.0" 0
WARNING:log_processor:Could not parse log line: 0:0:0:0:0:0:0:1 - - [24/Sep/2025:00:18:08 +0530] "GET /blog-cms/admin, HTTP/1.1" 404 - "-" "python-requests/2.25.1" 0
WARNING:log_processor:Could not parse log line: 0:0:0:0:0:0:0:1 - - [24/Sep/2025:00:18:08 +0530] "GET /blog-cms/admin, HTTP/1.1" 404 - "-" "curl/7.68.0" 1
WARNING:log_processor:Could not parse log line: 0:0:0:0:0:0:0:1 - - [24/Sep/2025:00:18:08 +0530] "GET /ecommerce/api/v1/users HTTP/1.1" 404 - "-" "curl/7.68.0" 1
WARNING:log_processor:Could not parse log line: 0:0:0:0:0:0:0:1 - - [24/Sep/2025:00:18:08 +0530] "GET /blog-cms/users, HTTP/1.1" 404 - "-" "curl/7.68.0" 0
WARNING:log_processor:Could not parse log line: 0:0:0:0:0:0:0:1 - - [24/Sep/2025:00:18:08 +0530] "GET /ecommerce/api/v1/users HTTP/1.1" 404 - "-" "python-requests/2.25.1" 0
WARNING:log_processor:Could not parse log line: 0:0:0:0:0:0:0:1 - - [24/Sep/2025:00:18:08 +0530] "GET /ecommerce/, HTTP/1.1" 404 - "-" "Mozilla/5.0" 0
WARNING:log_processor:Could not parse log line: 0:0:0:0:0:0:0:1 - - [24/Sep/2025:00:20:21 +0530] "GET /blog-cms/ HTTP/1.1" 404 - "-" "curl/8.7.1" 2
WARNING:log_processor:Could not parse log line: 0:0:0:0:0:0:0:1 - - [24/Sep/2025:00:20:25 +0530] "GET /blog-cms/ HTTP/1.1" 404 - "-" "curl/8.7.1" 3
WARNING:log_processor:Could not parse log line: 0:0:0:0:0:0:0:1 - - [24/Sep/2025:00:20:25 +0530] "GET /blog-cms/ HTTP/1.1" 404 - "-" "curl/8.7.1" 2
WARNING:log_processor:Could not parse log line: 0:0:0:0:0:0:0:1 - - [24/Sep/2025:00:20:25 +0530] "GET /blog-cms/ HTTP/1.1" 404 - "-" "curl/8.7.1" 5
WARNING:log_processor:Could not parse log line: 0:0:0:0:0:0:0:1 - - [24/Sep/2025:00:20:25 +0530] "GET /blog-cms/ HTTP/1.1" 404 - "-" "curl/8.7.1" 6
WARNING:log_processor:Could not parse log line: 0:0:0:0:0:0:0:1 - - [24/Sep/2025:00:20:25 +0530] "GET /blog-cms/ HTTP/1.1" 404 - "-" "curl/8.7.1" 1
WARNING:log_processor:Could not parse log line: 0:0:0:0:0:0:0:1 - - [24/Sep/2025:00:20:25 +0530] "GET /blog-cms/ HTTP/1.1" 404 - "-" "curl/8.7.1" 0
WARNING:log_processor:Could not parse log line: 0:0:0:0:0:0:0:1 - - [24/Sep/2025:00:20:25 +0530] "GET /blog-cms/ HTTP/1.1" 404 - "-" "curl/8.7.1" 0
WARNING:log_processor:Could not parse log line: 0:0:0:0:0:0:0:1 - - [24/Sep/2025:00:20:25 +0530] "GET /blog-cms/ HTTP/1.1" 404 - "-" "curl/8.7.1" 0
WARNING:log_processor:Could not parse log line: 0:0:0:0:0:0:0:1 - - [24/Sep/2025:00:20:25 +0530] "GET /blog-cms/ HTTP/1.1" 404 - "-" "curl/8.7.1" 1
WARNING:log_processor:Could not parse log line: 0:0:0:0:0:0:0:1 - - [24/Sep/2025:00:20:25 +0530] "GET /blog-cms/ HTTP/1.1" 404 - "-" "curl/8.7.1" 0
WARNING:log_processor:Could not parse log line: 0:0:0:0:0:0:0:1 - - [24/Sep/2025:00:20:27 +0530] "GET /ecommerce/users, HTTP/1.1" 404 - "-" "python-requests/2.25.1" 1
WARNING:log_processor:Could not parse log line: 0:0:0:0:0:0:0:1 - - [24/Sep/2025:00:20:27 +0530] "GET /blog-cms/admin, HTTP/1.1" 404 - "-" "python-requests/2.25.1" 1
WARNING:log_processor:Could not parse log line: 0:0:0:0:0:0:0:1 - - [24/Sep/2025:00:20:27 +0530] "GET /blog-cms/users, HTTP/1.1" 404 - "-" "Mozilla/5.0" 1
WARNING:log_processor:Could not parse log line: 0:0:0:0:0:0:0:1 - - [24/Sep/2025:00:20:27 +0530] "GET /blog-cms/admin, HTTP/1.1" 404 - "-" "curl/7.68.0" 1
WARNING:log_processor:Could not parse log line: 0:0:0:0:0:0:0:1 - - [24/Sep/2025:00:20:27 +0530] "GET /ecommerce/api/v1/users HTTP/1.1" 404 - "-" "python-requests/2.25.1" 1
WARNING:log_processor:Could not parse log line: 0:0:0:0:0:0:0:1 - - [24/Sep/2025:00:20:27 +0530] "GET /ecommerce/users, HTTP/1.1" 404 - "-" "curl/7.68.0" 0
WARNING:log_processor:Could not parse log line: 0:0:0:0:0:0:0:1 - - [24/Sep/2025:00:20:27 +0530] "GET /blog-cms/search?q=test, HTTP/1.1" 404 - "-" "Mozilla/5.0" 0
WARNING:log_processor:Could not parse log line: 0:0:0:0:0:0:0:1 - - [24/Sep/2025:00:20:27 +0530] "GET /blog-cms/users, HTTP/1.1" 404 - "-" "python-requests/2.25.1" 1
WARNING:log_processor:Could not parse log line: 0:0:0:0:0:0:0:1 - - [24/Sep/2025:00:20:27 +0530] "GET /ecommerce/api/v1/users HTTP/1.1" 404 - "-" "curl/7.68.0" 1
WARNING:log_processor:Could not parse log line: 0:0:0:0:0:0:0:1 - - [24/Sep/2025:00:20:27 +0530] "GET /ecommerce/users, HTTP/1.1" 404 - "-" "python-requests/2.25.1" 0
WARNING:log_processor:Could not parse log line: 0:0:0:0:0:0:0:1 - - [24/Sep/2025:00:20:27 +0530] "GET /ecommerce/admin, HTTP/1.1" 404 - "-" "python-requests/2.25.1" 0
WARNING:log_processor:Could not parse log line: 0:0:0:0:0:0:0:1 - - [24/Sep/2025:00:20:27 +0530] "GET /ecommerce/api/v1/users HTTP/1.1" 404 - "-" "Mozilla/5.0" 0
WARNING:log_processor:Could not parse log line: 0:0:0:0:0:0:0:1 - - [24/Sep/2025:00:20:27 +0530] "GET /blog-cms/search?q=test, HTTP/1.1" 404 - "-" "python-requests/2.25.1" 0
WARNING:log_processor:Could not parse log line: 0:0:0:0:0:0:0:1 - - [24/Sep/2025:00:20:27 +0530] "GET /ecommerce/search?q=test, HTTP/1.1" 404 - "-" "curl/7.68.0" 0
WARNING:log_processor:Could not parse log line: 0:0:0:0:0:0:0:1 - - [24/Sep/2025:06:55:36 +0530] "GET /blog-cms/posts HTTP/1.1" 404 - "-" "curl/7.68.0" 4
WARNING:log_processor:Could not parse log line: 0:0:0:0:0:0:0:1 - - [24/Sep/2025:06:55:37 +0530] "GET /ecommerce/users HTTP/1.1" 404 - "-" "curl/7.68.0" 1
WARNING:log_processor:Could not parse log line: 0:0:0:0:0:0:0:1 - - [24/Sep/2025:06:55:45 +0530] "GET /ecommerce/search?q=test HTTP/1.1" 404 - "-" "Python-requests/2.25.1" 1
WARNING:log_processor:Could not parse log line: 0:0:0:0:0:0:0:1 - - [24/Sep/2025:06:55:46 +0530] "GET /blog-cms/posts HTTP/1.1" 404 - "-" "curl/7.68.0" 0
WARNING:log_processor:Could not parse log line: 0:0:0:0:0:0:0:1 - - [24/Sep/2025:06:55:47 +0530] "GET /blog-cms/index.jsp HTTP/1.1" 404 - "-" "Mozilla/5.0 (Macintosh; Intel Mac OS X 10_15_7) AppleWebKit/537.36" 39
WARNING:log_processor:Could not parse log line: 0:0:0:0:0:0:0:1 - - [24/Sep/2025:06:55:48 +0530] "GET /ecommerce/api/tasks HTTP/1.1" 404 - "-" "curl/7.68.0" 2
WARNING:log_processor:Could not parse log line: 0:0:0:0:0:0:0:1 - - [24/Sep/2025:06:55:48 +0530] "GET /ecommerce/api/users HTTP/1.1" 404 - "-" "Mozilla/5.0 (Macintosh; Intel Mac OS X 10_15_7) AppleWebKit/537.36" 1
WARNING:log_processor:Could not parse log line: 0:0:0:0:0:0:0:1 - - [24/Sep/2025:06:55:55 +0530] "GET /ecommerce/search?q=test HTTP/1.1" 404 - "-" "curl/7.68.0" 0
WARNING:log_processor:Could not parse log line: 0:0:0:0:0:0:0:1 - - [24/Sep/2025:06:55:56 +0530] "GET /blog-cms/search?q=test HTTP/1.1" 404 - "-" "Python-requests/2.25.1" 4
WARNING:log_processor:Could not parse log line: 0:0:0:0:0:0:0:1 - - [24/Sep/2025:06:55:58 +0530] "GET /ecommerce/products HTTP/1.1" 404 - "-" "Mozilla/5.0 (Macintosh; Intel Mac OS X 10_15_7) AppleWebKit/537.36" 5
WARNING:log_processor:Could not parse log line: 0:0:0:0:0:0:0:1 - - [24/Sep/2025:06:55:59 +0530] "GET /blog-cms/api/tasks HTTP/1.1" 404 - "-" "Mozilla/5.0 (Macintosh; Intel Mac OS X 10_15_7) AppleWebKit/537.36" 0
WARNING:log_processor:Could not parse log line: 0:0:0:0:0:0:0:1 - - [24/Sep/2025:06:55:59 +0530] "GET /blog-cms/admin HTTP/1.1" 404 - "-" "Mozilla/5.0 (Macintosh; Intel Mac OS X 10_15_7) AppleWebKit/537.36" 2
WARNING:log_processor:Could not parse log line: 0:0:0:0:0:0:0:1 - - [24/Sep/2025:06:56:01 +0530] "GET /blog-cms/api/tasks HTTP/1.1" 404 - "-" "Mozilla/5.0 (Macintosh; Intel Mac OS X 10_15_7) AppleWebKit/537.36" 2
WARNING:log_processor:Could not parse log line: 0:0:0:0:0:0:0:1 - - [24/Sep/2025:06:56:01 +0530] "GET /blog-cms/api/users HTTP/1.1" 404 - "-" "Mozilla/5.0 (Macintosh; Intel Mac OS X 10_15_7) AppleWebKit/537.36" 1
WARNING:log_processor:Could not parse log line: 0:0:0:0:0:0:0:1 - - [24/Sep/2025:06:56:02 +0530] "GET /ecommerce/products HTTP/1.1" 404 - "-" "Mozilla/5.0 (Macintosh; Intel Mac OS X 10_15_7) AppleWebKit/537.36" 1
WARNING:log_processor:Could not parse log line: 0:0:0:0:0:0:0:1 - - [24/Sep/2025:06:56:05 +0530] "GET /ecommerce/api/users HTTP/1.1" 404 - "-" "Python-requests/2.25.1" 2
WARNING:log_processor:Could not parse log line: 0:0:0:0:0:0:0:1 - - [24/Sep/2025:06:56:05 +0530] "GET /blog-cms/admin HTTP/1.1" 404 - "-" "curl/7.68.0" 1
WARNING:log_processor:Could not parse log line: 0:0:0:0:0:0:0:1 - - [24/Sep/2025:06:56:07 +0530] "GET /blog-cms/cart HTTP/1.1" 404 - "-" "Python-requests/2.25.1" 1
WARNING:log_processor:Could not parse log line: 0:0:0:0:0:0:0:1 - - [24/Sep/2025:06:56:07 +0530] "GET /ecommerce/posts HTTP/1.1" 404 - "-" "curl/7.68.0" 5
WARNING:log_processor:Could not parse log line: 0:0:0:0:0:0:0:1 - - [24/Sep/2025:06:56:09 +0530] "GET /blog-cms/api/tasks HTTP/1.1" 404 - "-" "curl/7.68.0" 4
WARNING:log_processor:Could not parse log line: 0:0:0:0:0:0:0:1 - - [24/Sep/2025:06:56:10 +0530] "GET /blog-cms/ HTTP/1.1" 404 - "-" "Mozilla/5.0 (Macintosh; Intel Mac OS X 10_15_7) AppleWebKit/537.36" 5
WARNING:log_processor:Could not parse log line: 0:0:0:0:0:0:0:1 - - [24/Sep/2025:06:56:15 +0530] "GET /ecommerce/search?q=test HTTP/1.1" 404 - "-" "Python-requests/2.25.1" 1
WARNING:log_processor:Could not parse log line: 0:0:0:0:0:0:0:1 - - [24/Sep/2025:06:56:15 +0530] "GET /ecommerce/admin HTTP/1.1" 404 - "-" "Mozilla/5.0 (Macintosh; Intel Mac OS X 10_15_7) AppleWebKit/537.36" 6
WARNING:log_processor:Could not parse log line: 0:0:0:0:0:0:0:1 - - [24/Sep/2025:06:56:15 +0530] "GET /blog-cms/products HTTP/1.1" 404 - "-" "Mozilla/5.0 (Macintosh; Intel Mac OS X 10_15_7) AppleWebKit/537.36" 2
WARNING:log_processor:Could not parse log line: 0:0:0:0:0:0:0:1 - - [24/Sep/2025:06:56:16 +0530] "GET /ecommerce/users HTTP/1.1" 404 - "-" "Mozilla/5.0 (Macintosh; Intel Mac OS X 10_15_7) AppleWebKit/537.36" 1
WARNING:log_processor:Could not parse log line: 0:0:0:0:0:0:0:1 - - [24/Sep/2025:06:56:17 +0530] "GET /blog-cms/index.jsp HTTP/1.1" 404 - "-" "Python-requests/2.25.1" 10
WARNING:log_processor:Could not parse log line: 0:0:0:0:0:0:0:1 - - [24/Sep/2025:06:56:22 +0530] "GET /ecommerce/cart HTTP/1.1" 404 - "-" "curl/7.68.0" 4
WARNING:log_processor:Could not parse log line: 0:0:0:0:0:0:0:1 - - [24/Sep/2025:06:56:23 +0530] "GET /blog-cms/ HTTP/1.1" 404 - "-" "Python-requests/2.25.1" 6
WARNING:log_processor:Could not parse log line: 0:0:0:0:0:0:0:1 - - [24/Sep/2025:06:56:24 +0530] "GET /blog-cms/ HTTP/1.1" 404 - "-" "curl/7.68.0" 2
WARNING:log_processor:Could not parse log line: 0:0:0:0:0:0:0:1 - - [24/Sep/2025:06:56:26 +0530] "GET /blog-cms/index.jsp HTTP/1.1" 404 - "-" "curl/7.68.0" 2
WARNING:log_processor:Could not parse log line: 0:0:0:0:0:0:0:1 - - [24/Sep/2025:06:56:29 +0530] "GET /blog-cms/api/tasks HTTP/1.1" 404 - "-" "Mozilla/5.0 (Macintosh; Intel Mac OS X 10_15_7) AppleWebKit/537.36" 1
WARNING:log_processor:Could not parse log line: 0:0:0:0:0:0:0:1 - - [24/Sep/2025:06:56:30 +0530] "GET /ecommerce/products HTTP/1.1" 404 - "-" "curl/7.68.0" 1
WARNING:log_processor:Could not parse log line: 0:0:0:0:0:0:0:1 - - [24/Sep/2025:06:56:30 +0530] "GET /blog-cms/index.jsp HTTP/1.1" 404 - "-" "Mozilla/5.0 (Macintosh; Intel Mac OS X 10_15_7) AppleWebKit/537.36" 5
WARNING:log_processor:Could not parse log line: 0:0:0:0:0:0:0:1 - - [24/Sep/2025:06:56:31 +0530] "GET /blog-cms/users HTTP/1.1" 404 - "-" "Mozilla/5.0 (Macintosh; Intel Mac OS X 10_15_7) AppleWebKit/537.36" 2
WARNING:log_processor:Could not parse log line: 0:0:0:0:0:0:0:1 - - [24/Sep/2025:06:56:33 +0530] "GET /ecommerce/products HTTP/1.1" 404 - "-" "Python-requests/2.25.1" 1
WARNING:log_processor:Could not parse log line: 0:0:0:0:0:0:0:1 - - [24/Sep/2025:06:56:34 +0530] "GET /ecommerce/login HTTP/1.1" 404 - "-" "Python-requests/2.25.1" 2
WARNING:log_processor:Could not parse log line: 0:0:0:0:0:0:0:1 - - [24/Sep/2025:06:56:36 +0530] "GET /blog-cms/index.jsp HTTP/1.1" 404 - "-" "Python-requests/2.25.1" 4
WARNING:log_processor:Could not parse log line: 0:0:0:0:0:0:0:1 - - [24/Sep/2025:06:56:38 +0530] "GET /ecommerce/login HTTP/1.1" 404 - "-" "Python-requests/2.25.1" 1
WARNING:log_processor:Could not parse log line: 0:0:0:0:0:0:0:1 - - [24/Sep/2025:06:56:38 +0530] "GET /blog-cms/search?q=test HTTP/1.1" 404 - "-" "Python-requests/2.25.1" 1
WARNING:log_processor:Could not parse log line: 0:0:0:0:0:0:0:1 - - [24/Sep/2025:06:56:38 +0530] "GET /blog-cms/index.jsp HTTP/1.1" 404 - "-" "Mozilla/5.0 (Macintosh; Intel Mac OS X 10_15_7) AppleWebKit/537.36" 2
WARNING:log_processor:Could not parse log line: 0:0:0:0:0:0:0:1 - - [24/Sep/2025:06:56:40 +0530] "GET /ecommerce/api/users HTTP/1.1" 404 - "-" "curl/7.68.0" 1
WARNING:log_processor:Could not parse log line: 0:0:0:0:0:0:0:1 - - [24/Sep/2025:06:56:43 +0530] "GET /blog-cms/login HTTP/1.1" 404 - "-" "Python-requests/2.25.1" 1
WARNING:log_processor:Could not parse log line: 0:0:0:0:0:0:0:1 - - [24/Sep/2025:06:56:44 +0530] "GET /blog-cms/products HTTP/1.1" 404 - "-" "Python-requests/2.25.1" 5
WARNING:log_processor:Could not parse log line: 0:0:0:0:0:0:0:1 - - [24/Sep/2025:06:56:44 +0530] "GET /ecommerce/products HTTP/1.1" 404 - "-" "Python-requests/2.25.1" 1
WARNING:log_processor:Could not parse log line: 0:0:0:0:0:0:0:1 - - [24/Sep/2025:06:56:46 +0530] "GET /blog-cms/index.jsp HTTP/1.1" 404 - "-" "Python-requests/2.25.1" 3
WARNING:log_processor:Could not parse log line: 0:0:0:0:0:0:0:1 - - [24/Sep/2025:06:56:46 +0530] "GET /blog-cms/users HTTP/1.1" 404 - "-" "curl/7.68.0" 0
WARNING:log_processor:Could not parse log line: 0:0:0:0:0:0:0:1 - - [24/Sep/2025:06:56:49 +0530] "GET /blog-cms/products HTTP/1.1" 404 - "-" "Mozilla/5.0 (Macintosh; Intel Mac OS X 10_15_7) AppleWebKit/537.36" 2
WARNING:log_processor:Could not parse log line: 0:0:0:0:0:0:0:1 - - [24/Sep/2025:06:56:53 +0530] "GET /blog-cms/posts HTTP/1.1" 404 - "-" "curl/7.68.0" 0
WARNING:log_processor:Could not parse log line: 0:0:0:0:0:0:0:1 - - [24/Sep/2025:06:56:55 +0530] "GET /ecommerce/admin HTTP/1.1" 404 - "-" "Mozilla/5.0 (Macintosh; Intel Mac OS X 10_15_7) AppleWebKit/537.36" 1
WARNING:log_processor:Could not parse log line: 0:0:0:0:0:0:0:1 - - [24/Sep/2025:06:56:56 +0530] "GET /ecommerce/api/tasks HTTP/1.1" 404 - "-" "curl/7.68.0" 0
WARNING:log_processor:Could not parse log line: 0:0:0:0:0:0:0:1 - - [24/Sep/2025:06:56:57 +0530] "GET /ecommerce/products HTTP/1.1" 404 - "-" "Mozilla/5.0 (Macintosh; Intel Mac OS X 10_15_7) AppleWebKit/537.36" 1
WARNING:log_processor:Could not parse log line: 0:0:0:0:0:0:0:1 - - [24/Sep/2025:06:57:02 +0530] "GET /blog-cms/api/tasks HTTP/1.1" 404 - "-" "curl/7.68.0" 3
WARNING:log_processor:Could not parse log line: 0:0:0:0:0:0:0:1 - - [24/Sep/2025:06:57:05 +0530] "GET /blog-cms/cart HTTP/1.1" 404 - "-" "Mozilla/5.0 (Macintosh; Intel Mac OS X 10_15_7) AppleWebKit/537.36" 1
WARNING:log_processor:Could not parse log line: 0:0:0:0:0:0:0:1 - - [24/Sep/2025:06:57:06 +0530] "GET /blog-cms/search?q=test HTTP/1.1" 404 - "-" "Mozilla/5.0 (Macintosh; Intel Mac OS X 10_15_7) AppleWebKit/537.36" 4
WARNING:log_processor:Could not parse log line: 0:0:0:0:0:0:0:1 - - [24/Sep/2025:06:57:07 +0530] "GET /blog-cms/ HTTP/1.1" 404 - "-" "Mozilla/5.0 (Macintosh; Intel Mac OS X 10_15_7) AppleWebKit/537.36" 4
WARNING:log_processor:Could not parse log line: 0:0:0:0:0:0:0:1 - - [24/Sep/2025:06:57:09 +0530] "GET /ecommerce/login HTTP/1.1" 404 - "-" "Mozilla/5.0 (Macintosh; Intel Mac OS X 10_15_7) AppleWebKit/537.36" 2
WARNING:log_processor:Could not parse log line: 0:0:0:0:0:0:0:1 - - [24/Sep/2025:06:57:11 +0530] "GET /ecommerce/api/tasks HTTP/1.1" 404 - "-" "curl/7.68.0" 1
WARNING:log_processor:Could not parse log line: 0:0:0:0:0:0:0:1 - - [24/Sep/2025:06:57:14 +0530] "GET /ecommerce/products HTTP/1.1" 404 - "-" "Python-requests/2.25.1" 1
WARNING:log_processor:Could not parse log line: 0:0:0:0:0:0:0:1 - - [24/Sep/2025:06:57:14 +0530] "GET /ecommerce/posts HTTP/1.1" 404 - "-" "Python-requests/2.25.1" 1
WARNING:log_processor:Could not parse log line: 0:0:0:0:0:0:0:1 - - [24/Sep/2025:06:57:16 +0530] "GET /ecommerce/search?q=test HTTP/1.1" 404 - "-" "Python-requests/2.25.1" 1
WARNING:log_processor:Could not parse log line: 0:0:0:0:0:0:0:1 - - [24/Sep/2025:06:57:17 +0530] "GET /ecommerce/users HTTP/1.1" 404 - "-" "curl/7.68.0" 2
WARNING:log_processor:Could not parse log line: 0:0:0:0:0:0:0:1 - - [24/Sep/2025:06:57:19 +0530] "GET /ecommerce/posts HTTP/1.1" 404 - "-" "Mozilla/5.0 (Macintosh; Intel Mac OS X 10_15_7) AppleWebKit/537.36" 1
WARNING:log_processor:Could not parse log line: 0:0:0:0:0:0:0:1 - - [24/Sep/2025:06:57:19 +0530] "GET /blog-cms/products HTTP/1.1" 404 - "-" "Python-requests/2.25.1" 1
WARNING:log_processor:Could not parse log line: 0:0:0:0:0:0:0:1 - - [24/Sep/2025:06:57:21 +0530] "GET /ecommerce/posts HTTP/1.1" 404 - "-" "Mozilla/5.0 (Macintosh; Intel Mac OS X 10_15_7) AppleWebKit/537.36" 1
WARNING:log_processor:Could not parse log line: 0:0:0:0:0:0:0:1 - - [24/Sep/2025:06:57:22 +0530] "GET /blog-cms/admin HTTP/1.1" 404 - "-" "Python-requests/2.25.1" 2
WARNING:log_processor:Could not parse log line: 0:0:0:0:0:0:0:1 - - [24/Sep/2025:06:57:25 +0530] "GET /ecommerce/search?q=test HTTP/1.1" 404 - "-" "curl/7.68.0" 1
WARNING:log_processor:Could not parse log line: 0:0:0:0:0:0:0:1 - - [24/Sep/2025:06:57:26 +0530] "GET /blog-cms/admin HTTP/1.1" 404 - "-" "Python-requests/2.25.1" 2
WARNING:log_processor:Could not parse log line: 0:0:0:0:0:0:0:1 - - [24/Sep/2025:06:57:28 +0530] "GET /ecommerce/users HTTP/1.1" 404 - "-" "Python-requests/2.25.1" 1
WARNING:log_processor:Could not parse log line: 0:0:0:0:0:0:0:1 - - [24/Sep/2025:06:57:45 +0530] "GET /blog-cms/index.jsp HTTP/1.1" 404 - "-" "Python-requests/2.25.1" 18
WARNING:log_processor:Could not parse log line: 0:0:0:0:0:0:0:1 - - [24/Sep/2025:06:57:45 +0530] "GET /blog-cms/index.jsp HTTP/1.1" 404 - "-" "Python-requests/2.25.1" 1
WARNING:log_processor:Could not parse log line: 0:0:0:0:0:0:0:1 - - [24/Sep/2025:06:57:45 +0530] "GET /blog-cms/admin HTTP/1.1" 404 - "-" "curl/7.68.0" 1
WARNING:log_processor:Could not parse log line: 0:0:0:0:0:0:0:1 - - [24/Sep/2025:06:57:48 +0530] "GET /blog-cms/api/tasks HTTP/1.1" 404 - "-" "Python-requests/2.25.1" 1
WARNING:log_processor:Could not parse log line: 0:0:0:0:0:0:0:1 - - [24/Sep/2025:06:57:49 +0530] "GET /ecommerce/users HTTP/1.1" 404 - "-" "Mozilla/5.0 (Macintosh; Intel Mac OS X 10_15_7) AppleWebKit/537.36" 1
WARNING:log_processor:Could not parse log line: 0:0:0:0:0:0:0:1 - - [24/Sep/2025:06:57:51 +0530] "GET /ecommerce/search?q=test HTTP/1.1" 404 - "-" "Python-requests/2.25.1" 3
WARNING:log_processor:Could not parse log line: 0:0:0:0:0:0:0:1 - - [24/Sep/2025:06:57:52 +0530] "GET /ecommerce/api/users HTTP/1.1" 404 - "-" "Mozilla/5.0 (Macintosh; Intel Mac OS X 10_15_7) AppleWebKit/537.36" 2
WARNING:log_processor:Could not parse log line: 0:0:0:0:0:0:0:1 - - [24/Sep/2025:06:57:54 +0530] "GET /ecommerce/login HTTP/1.1" 404 - "-" "Mozilla/5.0 (Macintosh; Intel Mac OS X 10_15_7) AppleWebKit/537.36" 2
WARNING:log_processor:Could not parse log line: 0:0:0:0:0:0:0:1 - - [24/Sep/2025:06:57:57 +0530] "GET /blog-cms/posts HTTP/1.1" 404 - "-" "curl/7.68.0" 1
WARNING:log_processor:Could not parse log line: 0:0:0:0:0:0:0:1 - - [24/Sep/2025:06:57:57 +0530] "GET /ecommerce/api/users HTTP/1.1" 404 - "-" "Python-requests/2.25.1" 1
WARNING:log_processor:Could not parse log line: 0:0:0:0:0:0:0:1 - - [24/Sep/2025:06:58:00 +0530] "GET /blog-cms/search?q=test HTTP/1.1" 404 - "-" "Python-requests/2.25.1" 5
WARNING:log_processor:Could not parse log line: 0:0:0:0:0:0:0:1 - - [24/Sep/2025:06:58:03 +0530] "GET /ecommerce/products HTTP/1.1" 404 - "-" "Mozilla/5.0 (Macintosh; Intel Mac OS X 10_15_7) AppleWebKit/537.36" 4
WARNING:log_processor:Could not parse log line: 0:0:0:0:0:0:0:1 - - [24/Sep/2025:06:58:06 +0530] "GET /blog-cms/index.jsp HTTP/1.1" 404 - "-" "Python-requests/2.25.1" 7
WARNING:log_processor:Could not parse log line: 0:0:0:0:0:0:0:1 - - [24/Sep/2025:06:58:12 +0530] "GET /ecommerce/api/users HTTP/1.1" 404 - "-" "Python-requests/2.25.1" 1
WARNING:log_processor:Could not parse log line: 0:0:0:0:0:0:0:1 - - [24/Sep/2025:06:58:12 +0530] "GET /blog-cms/login HTTP/1.1" 404 - "-" "Mozilla/5.0 (Macintosh; Intel Mac OS X 10_15_7) AppleWebKit/537.36" 0
WARNING:log_processor:Could not parse log line: 0:0:0:0:0:0:0:1 - - [24/Sep/2025:06:58:15 +0530] "GET /ecommerce/cart HTTP/1.1" 404 - "-" "Mozilla/5.0 (Macintosh; Intel Mac OS X 10_15_7) AppleWebKit/537.36" 4
WARNING:log_processor:Could not parse log line: 0:0:0:0:0:0:0:1 - - [24/Sep/2025:06:58:16 +0530] "GET /blog-cms/ HTTP/1.1" 404 - "-" "Mozilla/5.0 (Macintosh; Intel Mac OS X 10_15_7) AppleWebKit/537.36" 8
WARNING:log_processor:Could not parse log line: 0:0:0:0:0:0:0:1 - - [24/Sep/2025:06:58:17 +0530] "GET /ecommerce/products HTTP/1.1" 404 - "-" "curl/7.68.0" 1
WARNING:log_processor:Could not parse log line: 0:0:0:0:0:0:0:1 - - [24/Sep/2025:06:58:18 +0530] "GET /ecommerce/login HTTP/1.1" 404 - "-" "Mozilla/5.0 (Macintosh; Intel Mac OS X 10_15_7) AppleWebKit/537.36" 1
WARNING:log_processor:Could not parse log line: 0:0:0:0:0:0:0:1 - - [24/Sep/2025:06:58:19 +0530] "GET /ecommerce/admin HTTP/1.1" 404 - "-" "Python-requests/2.25.1" 2
WARNING:log_processor:Could not parse log line: 0:0:0:0:0:0:0:1 - - [24/Sep/2025:06:58:20 +0530] "GET /blog-cms/admin HTTP/1.1" 404 - "-" "curl/7.68.0" 1
WARNING:log_processor:Could not parse log line: 0:0:0:0:0:0:0:1 - - [24/Sep/2025:06:58:21 +0530] "GET /ecommerce/cart HTTP/1.1" 404 - "-" "Python-requests/2.25.1" 1
WARNING:log_processor:Could not parse log line: 0:0:0:0:0:0:0:1 - - [24/Sep/2025:06:58:22 +0530] "GET /blog-cms/posts HTTP/1.1" 404 - "-" "curl/7.68.0" 1
WARNING:log_processor:Could not parse log line: 0:0:0:0:0:0:0:1 - - [24/Sep/2025:06:58:26 +0530] "GET /ecommerce/search?q=test HTTP/1.1" 404 - "-" "Python-requests/2.25.1" 1
WARNING:log_processor:Could not parse log line: 0:0:0:0:0:0:0:1 - - [24/Sep/2025:06:58:27 +0530] "GET /blog-cms/index.jsp HTTP/1.1" 404 - "-" "curl/7.68.0" 5
WARNING:log_processor:Could not parse log line: 0:0:0:0:0:0:0:1 - - [24/Sep/2025:06:58:28 +0530] "GET /blog-cms/users HTTP/1.1" 404 - "-" "Mozilla/5.0 (Macintosh; Intel Mac OS X 10_15_7) AppleWebKit/537.36" 3
WARNING:log_processor:Could not parse log line: 0:0:0:0:0:0:0:1 - - [24/Sep/2025:06:58:30 +0530] "GET /blog-cms/posts HTTP/1.1" 404 - "-" "curl/7.68.0" 2
WARNING:log_processor:Could not parse log line: 0:0:0:0:0:0:0:1 - - [24/Sep/2025:06:58:34 +0530] "GET /blog-cms/api/users HTTP/1.1" 404 - "-" "curl/7.68.0" 2
WARNING:log_processor:Could not parse log line: 0:0:0:0:0:0:0:1 - - [24/Sep/2025:06:58:34 +0530] "GET /blog-cms/index.jsp HTTP/1.1" 404 - "-" "curl/7.68.0" 4
WARNING:log_processor:Could not parse log line: 0:0:0:0:0:0:0:1 - - [24/Sep/2025:06:58:36 +0530] "GET /ecommerce/api/users HTTP/1.1" 404 - "-" "curl/7.68.0" 1
WARNING:log_processor:Could not parse log line: 0:0:0:0:0:0:0:1 - - [24/Sep/2025:06:58:38 +0530] "GET /ecommerce/posts HTTP/1.1" 404 - "-" "Python-requests/2.25.1" 2
WARNING:log_processor:Could not parse log line: 0:0:0:0:0:0:0:1 - - [24/Sep/2025:06:58:39 +0530] "GET /ecommerce/products HTTP/1.1" 404 - "-" "curl/7.68.0" 1
WARNING:log_processor:Could not parse log line: 0:0:0:0:0:0:0:1 - - [24/Sep/2025:06:58:40 +0530] "GET /ecommerce/api/users HTTP/1.1" 404 - "-" "Mozilla/5.0 (Macintosh; Intel Mac OS X 10_15_7) AppleWebKit/537.36" 2
WARNING:log_processor:Could not parse log line: 0:0:0:0:0:0:0:1 - - [24/Sep/2025:06:58:41 +0530] "GET /ecommerce/login HTTP/1.1" 404 - "-" "Mozilla/5.0 (Macintosh; Intel Mac OS X 10_15_7) AppleWebKit/537.36" 2
INFO:waf_service:Collected 288 sequences from logs
Training:   0%|          | 0/8 [00:00<?, ?it/s]Training:   0%|          | 0/8 [00:04<?, ?it/s, loss=9.15, mlm=8.9, cont=2.14, hyper=0.372]Training:  12%|        | 1/8 [00:04<00:29,  4.18s/it, loss=9.15, mlm=8.9, cont=2.14, hyper=0.372]Training:  12%|        | 1/8 [00:07<00:54,  7.83s/it, loss=9.15, mlm=8.9, cont=2.14, hyper=0.372]
ERROR:waf_service:Training failed
Traceback (most recent call last):
  File "/Users/majjipradeepkumar/Downloads/WAF/Sample-apps-for-training-a-transformer-based-WAF-pipleline/waf-system/ml-pipeline/inference/waf_service.py", line 539, in _train_from_logs_async
    train_metrics = trainer.train_epoch(train_loader)
  File "/Users/majjipradeepkumar/Downloads/WAF/Sample-apps-for-training-a-transformer-based-WAF-pipleline/waf-system/ml-pipeline/training/trainer.py", line 159, in train_epoch
    total_batch_loss.backward()
    ~~~~~~~~~~~~~~~~~~~~~~~~~^^
  File "/Users/majjipradeepkumar/Downloads/WAF/Sample-apps-for-training-a-transformer-based-WAF-pipleline/waf-system/python-env/lib/python3.13/site-packages/torch/_tensor.py", line 647, in backward
    torch.autograd.backward(
    ~~~~~~~~~~~~~~~~~~~~~~~^
        self, gradient, retain_graph, create_graph, inputs=inputs
        ^^^^^^^^^^^^^^^^^^^^^^^^^^^^^^^^^^^^^^^^^^^^^^^^^^^^^^^^^
    )
    ^
  File "/Users/majjipradeepkumar/Downloads/WAF/Sample-apps-for-training-a-transformer-based-WAF-pipleline/waf-system/python-env/lib/python3.13/site-packages/torch/autograd/__init__.py", line 354, in backward
    _engine_run_backward(
    ~~~~~~~~~~~~~~~~~~~~^
        tensors,
        ^^^^^^^^
    ...<5 lines>...
        accumulate_grad=True,
        ^^^^^^^^^^^^^^^^^^^^^
    )
    ^
  File "/Users/majjipradeepkumar/Downloads/WAF/Sample-apps-for-training-a-transformer-based-WAF-pipleline/waf-system/python-env/lib/python3.13/site-packages/torch/autograd/graph.py", line 829, in _engine_run_backward
    return Variable._execution_engine.run_backward(  # Calls into the C++ engine to run the backward pass
           ~~~~~~~~~~~~~~~~~~~~~~~~~~~~~~~~~~~~~~~^^^^^^^^^^^^^^^^^^^^^^^^^^^^^^^^^^^^^^^^^^^^^^^^^^^^^^^
        t_outputs, *args, **kwargs
        ^^^^^^^^^^^^^^^^^^^^^^^^^^
    )  # Calls into the C++ engine to run the backward pass
    ^
RuntimeError: Trying to backward through the graph a second time (or directly access saved tensors after they have already been freed). Saved intermediate values of the graph are freed when you call .backward() or autograd.grad(). Specify retain_graph=True if you need to backward through the graph a second time or if you need to access saved tensors after calling backward.
INFO:     127.0.0.1:55506 - "GET /stats HTTP/1.1" 200 OK
INFO:     127.0.0.1:55546 - "GET /train/status HTTP/1.1" 200 OK
INFO:     127.0.0.1:56521 - "GET /stats HTTP/1.1" 200 OK
INFO:     127.0.0.1:56524 - "GET /train/status HTTP/1.1" 200 OK
INFO:     127.0.0.1:56544 - "GET /stats HTTP/1.1" 200 OK
INFO:     127.0.0.1:56546 - "GET /train/status HTTP/1.1" 200 OK
INFO:     127.0.0.1:56548 - "POST /score HTTP/1.1" 200 OK
INFO:     127.0.0.1:56569 - "GET /stats HTTP/1.1" 200 OK
INFO:     127.0.0.1:56571 - "GET /train/status HTTP/1.1" 200 OK
INFO:     127.0.0.1:56664 - "GET /stats HTTP/1.1" 200 OK
INFO:     127.0.0.1:56666 - "GET /train/status HTTP/1.1" 200 OK
INFO:     127.0.0.1:56668 - "POST /score HTTP/1.1" 200 OK
INFO:     127.0.0.1:56713 - "GET /stats HTTP/1.1" 200 OK
INFO:     127.0.0.1:56715 - "GET /train/status HTTP/1.1" 200 OK
INFO:     127.0.0.1:56717 - "POST /score HTTP/1.1" 200 OK
INFO:     127.0.0.1:56743 - "GET /stats HTTP/1.1" 200 OK
INFO:     127.0.0.1:56745 - "GET /train/status HTTP/1.1" 200 OK
INFO:     127.0.0.1:56759 - "GET /stats HTTP/1.1" 200 OK
INFO:     127.0.0.1:56761 - "GET /train/status HTTP/1.1" 200 OK
INFO:     127.0.0.1:56776 - "POST /score HTTP/1.1" 200 OK
INFO:     127.0.0.1:56840 - "GET /stats HTTP/1.1" 200 OK
INFO:     127.0.0.1:56842 - "GET /train/status HTTP/1.1" 200 OK
INFO:     127.0.0.1:56844 - "POST /score HTTP/1.1" 200 OK
INFO:     127.0.0.1:59273 - "GET /stats HTTP/1.1" 200 OK
INFO:     127.0.0.1:59275 - "GET /train/status HTTP/1.1" 200 OK
INFO:     127.0.0.1:59326 - "GET /stats HTTP/1.1" 200 OK
INFO:     127.0.0.1:59328 - "GET /train/status HTTP/1.1" 200 OK
INFO:     127.0.0.1:59330 - "POST /score HTTP/1.1" 200 OK
INFO:     127.0.0.1:63136 - "GET /stats HTTP/1.1" 200 OK
INFO:     127.0.0.1:63142 - "GET /train/status HTTP/1.1" 200 OK
INFO:     127.0.0.1:63162 - "GET /stats HTTP/1.1" 200 OK
INFO:     127.0.0.1:63164 - "GET /train/status HTTP/1.1" 200 OK
INFO:     127.0.0.1:63166 - "POST /score HTTP/1.1" 200 OK
INFO:     127.0.0.1:63180 - "GET /stats HTTP/1.1" 200 OK
INFO:     127.0.0.1:63182 - "GET /train/status HTTP/1.1" 200 OK
INFO:     127.0.0.1:63196 - "GET /stats HTTP/1.1" 200 OK
INFO:     127.0.0.1:63198 - "GET /train/status HTTP/1.1" 200 OK
INFO:     127.0.0.1:63200 - "POST /score HTTP/1.1" 200 OK
INFO:     127.0.0.1:63895 - "GET /stats HTTP/1.1" 200 OK
INFO:     127.0.0.1:63902 - "GET /train/status HTTP/1.1" 200 OK
INFO:     127.0.0.1:50108 - "GET /health HTTP/1.1" 200 OK
/Library/Frameworks/Python.framework/Versions/3.13/lib/python3.13/multiprocessing/resource_tracker.py:301: UserWarning: resource_tracker: There appear to be 1 leaked semaphore objects to clean up at shutdown: {'/loky-61833-m37ovp18'}
  warnings.warn(
